<?xml version="1.0" encoding="UTF-8" ?>
<testsuite failures="0" time="88.639" errors="1" skipped="0" tests="35" name="org.apache.gora.orientdb.store.OrientDBStore_Test">
  <properties>
    <property name="java.runtime.name" value="Java(TM) SE Runtime Environment"/>
    <property name="sun.boot.library.path" value="C:\Program Files\Java\jdk1.7.0_17\jre\bin"/>
    <property name="java.vm.version" value="23.7-b01"/>
    <property name="java.vm.vendor" value="Oracle Corporation"/>
    <property name="java.vendor.url" value="http://java.oracle.com/"/>
    <property name="path.separator" value=";"/>
    <property name="guice.disable.misplaced.annotation.check" value="true"/>
    <property name="java.vm.name" value="Java HotSpot(TM) 64-Bit Server VM"/>
    <property name="file.encoding.pkg" value="sun.io"/>
    <property name="user.script" value=""/>
    <property name="user.country" value="FR"/>
    <property name="sun.java.launcher" value="SUN_STANDARD"/>
    <property name="sun.os.patch.level" value=""/>
    <property name="java.vm.specification.name" value="Java Virtual Machine Specification"/>
    <property name="user.dir" value="C:\Users\Nicolas\gora\gora-orientdb"/>
    <property name="java.runtime.version" value="1.7.0_17-b02"/>
    <property name="java.awt.graphicsenv" value="sun.awt.Win32GraphicsEnvironment"/>
    <property name="java.endorsed.dirs" value="C:\Program Files\Java\jdk1.7.0_17\jre\lib\endorsed"/>
    <property name="os.arch" value="amd64"/>
    <property name="java.io.tmpdir" value="C:\Users\Nicolas\AppData\Local\Temp\"/>
    <property name="line.separator" value="
"/>
    <property name="java.vm.specification.vendor" value="Oracle Corporation"/>
    <property name="user.variant" value=""/>
    <property name="os.name" value="Windows 8"/>
    <property name="maven.ext.class.path" value="C:\Program Files\NetBeans 7.4\java\maven-nblib\netbeans-eventspy.jar"/>
    <property name="classworlds.conf" value="C:\Program Files\NetBeans 7.4\java\maven\bin\m2.conf"/>
    <property name="sun.jnu.encoding" value="Cp1252"/>
    <property name="java.library.path" value="C:\Program Files\Java\jdk1.7.0_17\bin;C:\WINDOWS\Sun\Java\bin;C:\WINDOWS\system32;C:\WINDOWS;C:\Program Files (x86)\Common Files\Intel\Shared Libraries\redist\intel64\compiler;C:\Program Files (x86)\Common Files\Intel\Shared Libraries\redist\ia32\compiler;C:\Program Files (x86)\Intel\iCLS Client\;C:\Program Files\Intel\iCLS Client\;C:\WINDOWS\system32;C:\WINDOWS;C:\WINDOWS\System32\Wbem;C:\WINDOWS\System32\WindowsPowerShell\v1.0\;C:\Program Files\Intel\Intel(R) Management Engine Components\DAL;C:\Program Files\Intel\Intel(R) Management Engine Components\IPT;C:\Program Files (x86)\Intel\Intel(R) Management Engine Components\DAL;C:\Program Files (x86)\Intel\Intel(R) Management Engine Components\IPT;C:\Program Files (x86)\Windows Live\Shared;C:\Program Files\Microsoft\Web Platform Installer\;C:\Program Files (x86)\Microsoft ASP.NET\ASP.NET Web Pages\v1.0\;C:\Program Files (x86)\Windows Kits\8.0\Windows Performance Toolkit\;C:\Program Files\Microsoft SQL Server\110\Tools\Binn\;C:\Program Files (x86)\Smart Projects\IsoBuster;C:\Program Files\Intel\WiFi\bin\;C:\Program Files\Common Files\Intel\WirelessCommon\;C:\Program Files\Java\jdk1.7.0_17\bin;C:\Program Files (x86)\Microsoft SQL Server\100\Tools\Binn\;C:\Program Files\Microsoft SQL Server\100\Tools\Binn\;C:\Program Files\Microsoft SQL Server\100\DTS\Binn\;."/>
    <property name="java.specification.name" value="Java Platform API Specification"/>
    <property name="java.class.version" value="51.0"/>
    <property name="sun.management.compiler" value="HotSpot 64-Bit Tiered Compilers"/>
    <property name="os.version" value="6.2"/>
    <property name="user.home" value="C:\Users\Nicolas"/>
    <property name="user.timezone" value="Europe/Paris"/>
    <property name="java.awt.printerjob" value="sun.awt.windows.WPrinterJob"/>
    <property name="java.specification.version" value="1.7"/>
    <property name="file.encoding" value="Cp1252"/>
    <property name="user.name" value="Nicolas"/>
    <property name="java.class.path" value="C:\Program Files\NetBeans 7.4\java\maven\boot\plexus-classworlds-2.4.jar"/>
    <property name="java.vm.specification.version" value="1.7"/>
    <property name="sun.arch.data.model" value="64"/>
    <property name="java.home" value="C:\Program Files\Java\jdk1.7.0_17\jre"/>
    <property name="sun.java.command" value="org.codehaus.plexus.classworlds.launcher.Launcher -Dmaven.ext.class.path=C:\Program Files\NetBeans 7.4\java\maven-nblib\netbeans-eventspy.jar -Pmaven-3 test"/>
    <property name="java.specification.vendor" value="Oracle Corporation"/>
    <property name="user.language" value="fr"/>
    <property name="awt.toolkit" value="sun.awt.windows.WToolkit"/>
    <property name="java.vm.info" value="mixed mode"/>
    <property name="java.version" value="1.7.0_17"/>
    <property name="java.ext.dirs" value="C:\Program Files\Java\jdk1.7.0_17\jre\lib\ext;C:\WINDOWS\Sun\Java\lib\ext"/>
    <property name="sun.boot.class.path" value="C:\Program Files\Java\jdk1.7.0_17\jre\lib\resources.jar;C:\Program Files\Java\jdk1.7.0_17\jre\lib\rt.jar;C:\Program Files\Java\jdk1.7.0_17\jre\lib\sunrsasign.jar;C:\Program Files\Java\jdk1.7.0_17\jre\lib\jsse.jar;C:\Program Files\Java\jdk1.7.0_17\jre\lib\jce.jar;C:\Program Files\Java\jdk1.7.0_17\jre\lib\charsets.jar;C:\Program Files\Java\jdk1.7.0_17\jre\lib\jfr.jar;C:\Program Files\Java\jdk1.7.0_17\jre\classes"/>
    <property name="java.vendor" value="Oracle Corporation"/>
    <property name="maven.home" value="C:\Program Files\NetBeans 7.4\java\maven"/>
    <property name="file.separator" value="\"/>
    <property name="java.vendor.url.bug" value="http://bugreport.sun.com/bugreport/"/>
    <property name="sun.cpu.endian" value="little"/>
    <property name="sun.io.unicode.encoding" value="UnicodeLittle"/>
    <property name="sun.desktop" value="windows"/>
    <property name="sun.cpu.isalist" value="amd64"/>
  </properties>
  <testcase time="6.417" classname="org.apache.gora.orientdb.store.OrientDBStore_Test" name="addSeveralTopLevelDocumentFields"/>
  <testcase time="2.546" classname="org.apache.gora.orientdb.store.OrientDBStore_Test" name="addConflictingFields1"/>
  <testcase time="3.728" classname="org.apache.gora.orientdb.store.OrientDBStore_Test" name="testGraphInsert"/>
  <testcase time="2.562" classname="org.apache.gora.orientdb.store.OrientDBStore_Test" name="testQueryWebPageSingleKeyDefaultFields"/>
  <testcase time="2.632" classname="org.apache.gora.orientdb.store.OrientDBStore_Test" name="testQueryWebPageQueryEmptyResults"/>
  <testcase time="2.39" classname="org.apache.gora.orientdb.store.OrientDBStore_Test" name="testQuery"/>
  <testcase time="2.587" classname="org.apache.gora.orientdb.store.OrientDBStore_Test" name="testPut"/>
  <testcase time="2.48" classname="org.apache.gora.orientdb.store.OrientDBStore_Test" name="testDelete"/>
  <testcase time="2.58" classname="org.apache.gora.orientdb.store.OrientDBStore_Test" name="testPutArray"/>
  <testcase time="2.56" classname="org.apache.gora.orientdb.store.OrientDBStore_Test" name="testGet"/>
  <testcase time="2.106" classname="org.apache.gora.orientdb.store.OrientDBStore_Test" name="testPutMap"/>
  <testcase time="2.437" classname="org.apache.gora.orientdb.store.OrientDBStore_Test" name="testPutBytes"/>
  <testcase time="2.098" classname="org.apache.gora.orientdb.store.OrientDBStore_Test" name="testUpdate"/>
  <testcase time="2.076" classname="org.apache.gora.orientdb.store.OrientDBStore_Test" name="testGetWebPage"/>
  <testcase time="2.398" classname="org.apache.gora.orientdb.store.OrientDBStore_Test" name="testPutNested"/>
  <testcase time="2.599" classname="org.apache.gora.orientdb.store.OrientDBStore_Test" name="testGetWebPageDefaultFields"/>
  <testcase time="2.428" classname="org.apache.gora.orientdb.store.OrientDBStore_Test" name="testDeleteSchema"/>
  <testcase time="2.231" classname="org.apache.gora.orientdb.store.OrientDBStore_Test" name="testNewInstance"/>
  <testcase time="2.265" classname="org.apache.gora.orientdb.store.OrientDBStore_Test" name="testQueryStartKey"/>
  <testcase time="2.428" classname="org.apache.gora.orientdb.store.OrientDBStore_Test" name="testDeleteByQuery"/>
  <testcase time="2.356" classname="org.apache.gora.orientdb.store.OrientDBStore_Test" name="testGetNonExisting"/>
  <testcase time="2.14" classname="org.apache.gora.orientdb.store.OrientDBStore_Test" name="testTruncateSchema"/>
  <testcase time="2.372" classname="org.apache.gora.orientdb.store.OrientDBStore_Test" name="testGetNested"/>
  <testcase time="2.487" classname="org.apache.gora.orientdb.store.OrientDBStore_Test" name="testGet3UnionField"/>
  <testcase time="2.405" classname="org.apache.gora.orientdb.store.OrientDBStore_Test" name="testCreateSchema"/>
  <testcase time="1.996" classname="org.apache.gora.orientdb.store.OrientDBStore_Test" name="testQueryKeyRange"/>
  <testcase time="2.31" classname="org.apache.gora.orientdb.store.OrientDBStore_Test" name="testAutoCreateSchema"/>
  <testcase time="2.459" classname="org.apache.gora.orientdb.store.OrientDBStore_Test" name="testGetRecursive"/>
  <testcase time="2.37" classname="org.apache.gora.orientdb.store.OrientDBStore_Test" name="testQueryWebPageSingleKey"/>
  <testcase time="1.954" classname="org.apache.gora.orientdb.store.OrientDBStore_Test" name="testGetDoubleRecursive"/>
  <testcase time="2.4" classname="org.apache.gora.orientdb.store.OrientDBStore_Test" name="testQueryEndKey"/>
  <testcase time="2.506" classname="org.apache.gora.orientdb.store.OrientDBStore_Test" name="testSchemaExists"/>
  <testcase time="2.318" classname="org.apache.gora.orientdb.store.OrientDBStore_Test" name="testDeleteByQueryFields"/>
  <testcase time="2.282" classname="org.apache.gora.orientdb.store.OrientDBStore_Test" name="testGetPartitions"/>
  <testcase time="2.736" classname="org.apache.gora.orientdb.store.OrientDBStore_Test" name="testGetWithFields">
    <error type="java.lang.NullPointerException">java.lang.NullPointerException
	at org.apache.gora.persistency.impl.DirtyCollectionWrapper.iterator(DirtyCollectionWrapper.java:68)
	at org.apache.gora.persistency.impl.DirtyCollectionWrapper.clearDirty(DirtyCollectionWrapper.java:44)
	at org.apache.gora.persistency.impl.PersistentBase.clearDirynessIfFieldIsDirtyable(PersistentBase.java:82)
	at org.apache.gora.persistency.impl.PersistentBase.clearDirty(PersistentBase.java:73)
	at org.apache.gora.persistency.impl.PersistentBase.clearDirynessIfFieldIsDirtyable(PersistentBase.java:82)
	at org.apache.gora.persistency.impl.PersistentBase.clearDirty(PersistentBase.java:73)
	at org.apache.gora.orientdb.store.OrientDBStore.get(OrientDBStore.java:266)
	at org.apache.gora.orientdb.store.OrientDBStore.get(OrientDBStore.java:92)
	at org.apache.gora.store.DataStoreTestUtil.testGetEmployeeWithFields(DataStoreTestUtil.java:265)
	at org.apache.gora.store.DataStoreTestBase.testGetWithFields(DataStoreTestBase.java:282)
	at sun.reflect.NativeMethodAccessorImpl.invoke0(Native Method)
	at sun.reflect.NativeMethodAccessorImpl.invoke(NativeMethodAccessorImpl.java:57)
	at sun.reflect.DelegatingMethodAccessorImpl.invoke(DelegatingMethodAccessorImpl.java:43)
	at java.lang.reflect.Method.invoke(Method.java:601)
	at org.junit.runners.model.FrameworkMethod$1.runReflectiveCall(FrameworkMethod.java:45)
	at org.junit.internal.runners.model.ReflectiveCallable.run(ReflectiveCallable.java:15)
	at org.junit.runners.model.FrameworkMethod.invokeExplosively(FrameworkMethod.java:42)
	at org.junit.internal.runners.statements.InvokeMethod.evaluate(InvokeMethod.java:20)
	at org.junit.internal.runners.statements.RunBefores.evaluate(RunBefores.java:28)
	at org.junit.internal.runners.statements.RunAfters.evaluate(RunAfters.java:30)
	at org.junit.runners.ParentRunner.runLeaf(ParentRunner.java:263)
	at org.junit.runners.BlockJUnit4ClassRunner.runChild(BlockJUnit4ClassRunner.java:68)
	at org.junit.runners.BlockJUnit4ClassRunner.runChild(BlockJUnit4ClassRunner.java:47)
	at org.junit.runners.ParentRunner$3.run(ParentRunner.java:231)
	at org.junit.runners.ParentRunner$1.schedule(ParentRunner.java:60)
	at org.junit.runners.ParentRunner.runChildren(ParentRunner.java:229)
	at org.junit.runners.ParentRunner.access$000(ParentRunner.java:50)
	at org.junit.runners.ParentRunner$2.evaluate(ParentRunner.java:222)
	at org.junit.internal.runners.statements.RunBefores.evaluate(RunBefores.java:28)
	at org.junit.internal.runners.statements.RunAfters.evaluate(RunAfters.java:30)
	at org.junit.runners.ParentRunner.run(ParentRunner.java:300)
	at org.apache.maven.surefire.junit4.JUnit4Provider.execute(JUnit4Provider.java:236)
	at org.apache.maven.surefire.junit4.JUnit4Provider.executeTestSet(JUnit4Provider.java:134)
	at org.apache.maven.surefire.junit4.JUnit4Provider.invoke(JUnit4Provider.java:113)
	at sun.reflect.NativeMethodAccessorImpl.invoke0(Native Method)
	at sun.reflect.NativeMethodAccessorImpl.invoke(NativeMethodAccessorImpl.java:57)
	at sun.reflect.DelegatingMethodAccessorImpl.invoke(DelegatingMethodAccessorImpl.java:43)
	at java.lang.reflect.Method.invoke(Method.java:601)
	at org.apache.maven.surefire.util.ReflectionUtils.invokeMethodWithArray(ReflectionUtils.java:189)
	at org.apache.maven.surefire.booter.ProviderFactory$ProviderProxy.invoke(ProviderFactory.java:165)
	at org.apache.maven.surefire.booter.ProviderFactory.invokeProvider(ProviderFactory.java:85)
	at org.apache.maven.surefire.booter.ForkedBooter.runSuitesInProcess(ForkedBooter.java:103)
	at org.apache.maven.surefire.booter.ForkedBooter.main(ForkedBooter.java:74)
</error>
    <system-err>85957 [main] INFO org.apache.gora.store.DataStoreTestBase - setting up test
85959 [main] WARN org.apache.gora.orientdb.store.OrientDBStore - Unable to load the mapping from resource &apos;C:\Users\Nicolas\gora\gora-orientdb\src\test\resources\gora-orientdb-mapping.xml&apos; as it does not appear to exist! Trying local file.
85983 [main] INFO org.apache.gora.orientdb.store.OrientDBStore - Vertex name : Employee
85990 [main] INFO org.apache.gora.orientdb.store.OrientDBStore - Initialized Orient Store for host remote and url localhost:2424/searchDB
85991 [main] WARN org.apache.gora.orientdb.store.OrientDBStore - Class Employee and internEmployee has been created
85993 [main] WARN org.apache.gora.orientdb.store.OrientDBStore - Unable to load the mapping from resource &apos;C:\Users\Nicolas\gora\gora-orientdb\src\test\resources\gora-orientdb-mapping.xml&apos; as it does not appear to exist! Trying local file.
86014 [main] INFO org.apache.gora.orientdb.store.OrientDBStore - Vertex name : WebPage
86020 [main] INFO org.apache.gora.orientdb.store.OrientDBStore - Initialized Orient Store for host remote and url localhost:2424/searchDB
86021 [main] WARN org.apache.gora.orientdb.store.OrientDBStore - Class WebPage and internWebPage has been created
87541 [main] WARN org.apache.gora.orientdb.store.OrientDBStore - Class Employee and internEmployee has been created
88555 [main] WARN org.apache.gora.orientdb.store.OrientDBStore - Class WebPage and internWebPage has been created
88555 [main] INFO org.apache.gora.store.DataStoreTestBase - test method: testGetWithFields
88649 [main] INFO org.apache.gora.orientdb.store.OrientDBStore - The object  with key : 101010101010  is added to the db
88666 [main] ERROR org.apache.gora.orientdb.store.OrientDBStore - NullPointerException in NewInstanceT 
java.lang.NullPointerException
	at org.apache.gora.orientdb.store.OrientDBStore.newInstanceT(OrientDBStore.java:423)
	at org.apache.gora.orientdb.store.OrientDBStore.get(OrientDBStore.java:260)
	at org.apache.gora.orientdb.store.OrientDBStore.get(OrientDBStore.java:92)
	at org.apache.gora.store.DataStoreTestUtil.testGetEmployeeWithFields(DataStoreTestUtil.java:265)
	at org.apache.gora.store.DataStoreTestBase.testGetWithFields(DataStoreTestBase.java:282)
	at sun.reflect.NativeMethodAccessorImpl.invoke0(Native Method)
	at sun.reflect.NativeMethodAccessorImpl.invoke(NativeMethodAccessorImpl.java:57)
	at sun.reflect.DelegatingMethodAccessorImpl.invoke(DelegatingMethodAccessorImpl.java:43)
	at java.lang.reflect.Method.invoke(Method.java:601)
	at org.junit.runners.model.FrameworkMethod$1.runReflectiveCall(FrameworkMethod.java:45)
	at org.junit.internal.runners.model.ReflectiveCallable.run(ReflectiveCallable.java:15)
	at org.junit.runners.model.FrameworkMethod.invokeExplosively(FrameworkMethod.java:42)
	at org.junit.internal.runners.statements.InvokeMethod.evaluate(InvokeMethod.java:20)
	at org.junit.internal.runners.statements.RunBefores.evaluate(RunBefores.java:28)
	at org.junit.internal.runners.statements.RunAfters.evaluate(RunAfters.java:30)
	at org.junit.runners.ParentRunner.runLeaf(ParentRunner.java:263)
	at org.junit.runners.BlockJUnit4ClassRunner.runChild(BlockJUnit4ClassRunner.java:68)
	at org.junit.runners.BlockJUnit4ClassRunner.runChild(BlockJUnit4ClassRunner.java:47)
	at org.junit.runners.ParentRunner$3.run(ParentRunner.java:231)
	at org.junit.runners.ParentRunner$1.schedule(ParentRunner.java:60)
	at org.junit.runners.ParentRunner.runChildren(ParentRunner.java:229)
	at org.junit.runners.ParentRunner.access$000(ParentRunner.java:50)
	at org.junit.runners.ParentRunner$2.evaluate(ParentRunner.java:222)
	at org.junit.internal.runners.statements.RunBefores.evaluate(RunBefores.java:28)
	at org.junit.internal.runners.statements.RunAfters.evaluate(RunAfters.java:30)
	at org.junit.runners.ParentRunner.run(ParentRunner.java:300)
	at org.apache.maven.surefire.junit4.JUnit4Provider.execute(JUnit4Provider.java:236)
	at org.apache.maven.surefire.junit4.JUnit4Provider.executeTestSet(JUnit4Provider.java:134)
	at org.apache.maven.surefire.junit4.JUnit4Provider.invoke(JUnit4Provider.java:113)
	at sun.reflect.NativeMethodAccessorImpl.invoke0(Native Method)
	at sun.reflect.NativeMethodAccessorImpl.invoke(NativeMethodAccessorImpl.java:57)
	at sun.reflect.DelegatingMethodAccessorImpl.invoke(DelegatingMethodAccessorImpl.java:43)
	at java.lang.reflect.Method.invoke(Method.java:601)
	at org.apache.maven.surefire.util.ReflectionUtils.invokeMethodWithArray(ReflectionUtils.java:189)
	at org.apache.maven.surefire.booter.ProviderFactory$ProviderProxy.invoke(ProviderFactory.java:165)
	at org.apache.maven.surefire.booter.ProviderFactory.invokeProvider(ProviderFactory.java:85)
	at org.apache.maven.surefire.booter.ForkedBooter.runSuitesInProcess(ForkedBooter.java:103)
	at org.apache.maven.surefire.booter.ForkedBooter.main(ForkedBooter.java:74)
88680 [main] INFO org.apache.gora.store.DataStoreTestBase - tearing down test
</system-err>
  </testcase>
</testsuite>