<?xml version="1.0" encoding="UTF-8" ?>
<testsuite failures="0" time="70.658" errors="32" skipped="2" tests="34" name="org.apache.gora.orientdb.store.OrientDBStore_Test">
  <properties>
    <property name="java.runtime.name" value="Java(TM) SE Runtime Environment"/>
    <property name="sun.boot.library.path" value="C:\Program Files\Java\jdk1.7.0_17\jre\bin"/>
    <property name="java.vm.version" value="23.7-b01"/>
    <property name="java.vm.vendor" value="Oracle Corporation"/>
    <property name="java.vendor.url" value="http://java.oracle.com/"/>
    <property name="path.separator" value=";"/>
    <property name="guice.disable.misplaced.annotation.check" value="true"/>
    <property name="java.vm.name" value="Java HotSpot(TM) 64-Bit Server VM"/>
    <property name="file.encoding.pkg" value="sun.io"/>
    <property name="user.script" value=""/>
    <property name="user.country" value="FR"/>
    <property name="sun.java.launcher" value="SUN_STANDARD"/>
    <property name="sun.os.patch.level" value=""/>
    <property name="java.vm.specification.name" value="Java Virtual Machine Specification"/>
    <property name="user.dir" value="C:\Users\Nicolas\gora\gora-orientdb"/>
    <property name="java.runtime.version" value="1.7.0_17-b02"/>
    <property name="java.awt.graphicsenv" value="sun.awt.Win32GraphicsEnvironment"/>
    <property name="java.endorsed.dirs" value="C:\Program Files\Java\jdk1.7.0_17\jre\lib\endorsed"/>
    <property name="os.arch" value="amd64"/>
    <property name="java.io.tmpdir" value="C:\Users\Nicolas\AppData\Local\Temp\"/>
    <property name="line.separator" value="
"/>
    <property name="java.vm.specification.vendor" value="Oracle Corporation"/>
    <property name="user.variant" value=""/>
    <property name="os.name" value="Windows 8"/>
    <property name="maven.ext.class.path" value="C:\Program Files\NetBeans 7.4\java\maven-nblib\netbeans-eventspy.jar"/>
    <property name="classworlds.conf" value="C:\Program Files\NetBeans 7.4\java\maven\bin\m2.conf"/>
    <property name="sun.jnu.encoding" value="Cp1252"/>
    <property name="java.library.path" value="C:\Program Files\Java\jdk1.7.0_17\bin;C:\WINDOWS\Sun\Java\bin;C:\WINDOWS\system32;C:\WINDOWS;C:\Program Files (x86)\Common Files\Intel\Shared Libraries\redist\intel64\compiler;C:\Program Files (x86)\Common Files\Intel\Shared Libraries\redist\ia32\compiler;C:\Program Files (x86)\Intel\iCLS Client\;C:\Program Files\Intel\iCLS Client\;C:\WINDOWS\system32;C:\WINDOWS;C:\WINDOWS\System32\Wbem;C:\WINDOWS\System32\WindowsPowerShell\v1.0\;C:\Program Files\Intel\Intel(R) Management Engine Components\DAL;C:\Program Files\Intel\Intel(R) Management Engine Components\IPT;C:\Program Files (x86)\Intel\Intel(R) Management Engine Components\DAL;C:\Program Files (x86)\Intel\Intel(R) Management Engine Components\IPT;C:\Program Files (x86)\Windows Live\Shared;C:\Program Files\Microsoft\Web Platform Installer\;C:\Program Files (x86)\Microsoft ASP.NET\ASP.NET Web Pages\v1.0\;C:\Program Files\Microsoft SQL Server\110\Tools\Binn\;C:\Program Files (x86)\Smart Projects\IsoBuster;C:\Program Files\Intel\WiFi\bin\;C:\Program Files\Common Files\Intel\WirelessCommon\;C:\Program Files\Java\jdk1.7.0_17\bin;C:\Program Files (x86)\Microsoft SQL Server\100\Tools\Binn\;C:\Program Files\Microsoft SQL Server\100\Tools\Binn\;C:\Program Files\Microsoft SQL Server\100\DTS\Binn\;C:\Program Files (x86)\Windows Kits\8.1\Windows Performance Toolkit\;C:\Program Files (x86)\Microsoft SDKs\TypeScript\1.0\;C:\Program Files\MiKTeX 2.9\miktex\bin\x64\;."/>
    <property name="java.specification.name" value="Java Platform API Specification"/>
    <property name="java.class.version" value="51.0"/>
    <property name="sun.management.compiler" value="HotSpot 64-Bit Tiered Compilers"/>
    <property name="os.version" value="6.2"/>
    <property name="user.home" value="C:\Users\Nicolas"/>
    <property name="user.timezone" value="Europe/Paris"/>
    <property name="java.awt.printerjob" value="sun.awt.windows.WPrinterJob"/>
    <property name="java.specification.version" value="1.7"/>
    <property name="file.encoding" value="Cp1252"/>
    <property name="user.name" value="Nicolas"/>
    <property name="java.class.path" value="C:\Program Files\NetBeans 7.4\java\maven\boot\plexus-classworlds-2.4.jar"/>
    <property name="java.vm.specification.version" value="1.7"/>
    <property name="sun.arch.data.model" value="64"/>
    <property name="java.home" value="C:\Program Files\Java\jdk1.7.0_17\jre"/>
    <property name="sun.java.command" value="org.codehaus.plexus.classworlds.launcher.Launcher -Dmaven.ext.class.path=C:\Program Files\NetBeans 7.4\java\maven-nblib\netbeans-eventspy.jar -Pmaven-3 clean install"/>
    <property name="java.specification.vendor" value="Oracle Corporation"/>
    <property name="user.language" value="fr"/>
    <property name="awt.toolkit" value="sun.awt.windows.WToolkit"/>
    <property name="java.vm.info" value="mixed mode"/>
    <property name="java.version" value="1.7.0_17"/>
    <property name="java.ext.dirs" value="C:\Program Files\Java\jdk1.7.0_17\jre\lib\ext;C:\WINDOWS\Sun\Java\lib\ext"/>
    <property name="sun.boot.class.path" value="C:\Program Files\Java\jdk1.7.0_17\jre\lib\resources.jar;C:\Program Files\Java\jdk1.7.0_17\jre\lib\rt.jar;C:\Program Files\Java\jdk1.7.0_17\jre\lib\sunrsasign.jar;C:\Program Files\Java\jdk1.7.0_17\jre\lib\jsse.jar;C:\Program Files\Java\jdk1.7.0_17\jre\lib\jce.jar;C:\Program Files\Java\jdk1.7.0_17\jre\lib\charsets.jar;C:\Program Files\Java\jdk1.7.0_17\jre\lib\jfr.jar;C:\Program Files\Java\jdk1.7.0_17\jre\classes"/>
    <property name="java.vendor" value="Oracle Corporation"/>
    <property name="maven.home" value="C:\Program Files\NetBeans 7.4\java\maven"/>
    <property name="file.separator" value="\"/>
    <property name="java.vendor.url.bug" value="http://bugreport.sun.com/bugreport/"/>
    <property name="sun.cpu.endian" value="little"/>
    <property name="sun.io.unicode.encoding" value="UnicodeLittle"/>
    <property name="sun.desktop" value="windows"/>
    <property name="sun.cpu.isalist" value="amd64"/>
  </properties>
  <testcase time="0.593" classname="org.apache.gora.orientdb.store.OrientDBStore_Test" name="testGraphInsert">
    <skipped/>
  </testcase>
  <testcase time="0.609" classname="org.apache.gora.orientdb.store.OrientDBStore_Test" name="testComplexGraphInsert">
    <skipped/>
  </testcase>
  <testcase time="4.582" classname="org.apache.gora.orientdb.store.OrientDBStore_Test" name="testQueryWebPageQueryEmptyResults">
    <error message="Cannot create a connection to remote server address(es): [127.0.0.1:2424]" type="com.orientechnologies.orient.core.exception.OStorageException">com.orientechnologies.orient.core.exception.OStorageException: Cannot create a connection to remote server address(es): [127.0.0.1:2424]
	at com.orientechnologies.orient.client.remote.OStorageRemote.openRemoteDatabase(OStorageRemote.java:1675)
	at com.orientechnologies.orient.client.remote.OStorageRemote.open(OStorageRemote.java:212)
	at com.orientechnologies.orient.client.remote.OStorageRemoteThread.open(OStorageRemoteThread.java:87)
	at com.orientechnologies.orient.core.db.document.ODatabaseDocumentTx.open(ODatabaseDocumentTx.java:244)
	at com.orientechnologies.orient.core.db.document.ODatabaseDocumentTxPooled.&lt;init&gt;(ODatabaseDocumentTxPooled.java:49)
	at com.orientechnologies.orient.core.db.document.ODatabaseDocumentPool.createResource(ODatabaseDocumentPool.java:53)
	at com.orientechnologies.orient.core.db.document.ODatabaseDocumentPool.createResource(ODatabaseDocumentPool.java:28)
	at com.orientechnologies.orient.core.db.ODatabasePoolBase$1.createNewResource(ODatabasePoolBase.java:81)
	at com.orientechnologies.orient.core.db.ODatabasePoolBase$1.createNewResource(ODatabasePoolBase.java:70)
	at com.orientechnologies.common.concur.resource.OResourcePool.getResource(OResourcePool.java:91)
	at com.orientechnologies.common.concur.resource.OReentrantResourcePool.getResource(OReentrantResourcePool.java:67)
	at com.orientechnologies.orient.core.db.ODatabasePoolAbstract.acquire(ODatabasePoolAbstract.java:158)
	at com.orientechnologies.orient.core.db.ODatabasePoolAbstract.acquire(ODatabasePoolAbstract.java:138)
	at com.orientechnologies.orient.core.db.ODatabasePoolBase.acquire(ODatabasePoolBase.java:128)
	at org.apache.gora.orientdb.store.OrientDBStore.createSchema(OrientDBStore.java:205)
	at org.apache.gora.orientdb.store.OrientDBStore_Test.createEmployeeDataStore(OrientDBStore_Test.java:129)
	at org.apache.gora.store.DataStoreTestBase.setUp(DataStoreTestBase.java:96)
	at sun.reflect.NativeMethodAccessorImpl.invoke0(Native Method)
	at sun.reflect.NativeMethodAccessorImpl.invoke(NativeMethodAccessorImpl.java:57)
	at sun.reflect.DelegatingMethodAccessorImpl.invoke(DelegatingMethodAccessorImpl.java:43)
	at java.lang.reflect.Method.invoke(Method.java:601)
	at org.junit.runners.model.FrameworkMethod$1.runReflectiveCall(FrameworkMethod.java:45)
	at org.junit.internal.runners.model.ReflectiveCallable.run(ReflectiveCallable.java:15)
	at org.junit.runners.model.FrameworkMethod.invokeExplosively(FrameworkMethod.java:42)
	at org.junit.internal.runners.statements.RunBefores.evaluate(RunBefores.java:27)
	at org.junit.internal.runners.statements.RunAfters.evaluate(RunAfters.java:30)
	at org.junit.runners.ParentRunner.runLeaf(ParentRunner.java:263)
	at org.junit.runners.BlockJUnit4ClassRunner.runChild(BlockJUnit4ClassRunner.java:68)
	at org.junit.runners.BlockJUnit4ClassRunner.runChild(BlockJUnit4ClassRunner.java:47)
	at org.junit.runners.ParentRunner$3.run(ParentRunner.java:231)
	at org.junit.runners.ParentRunner$1.schedule(ParentRunner.java:60)
	at org.junit.runners.ParentRunner.runChildren(ParentRunner.java:229)
	at org.junit.runners.ParentRunner.access$000(ParentRunner.java:50)
	at org.junit.runners.ParentRunner$2.evaluate(ParentRunner.java:222)
	at org.junit.internal.runners.statements.RunBefores.evaluate(RunBefores.java:28)
	at org.junit.internal.runners.statements.RunAfters.evaluate(RunAfters.java:30)
	at org.junit.runners.ParentRunner.run(ParentRunner.java:300)
	at org.apache.maven.surefire.junit4.JUnit4Provider.execute(JUnit4Provider.java:236)
	at org.apache.maven.surefire.junit4.JUnit4Provider.executeTestSet(JUnit4Provider.java:134)
	at org.apache.maven.surefire.junit4.JUnit4Provider.invoke(JUnit4Provider.java:113)
	at sun.reflect.NativeMethodAccessorImpl.invoke0(Native Method)
	at sun.reflect.NativeMethodAccessorImpl.invoke(NativeMethodAccessorImpl.java:57)
	at sun.reflect.DelegatingMethodAccessorImpl.invoke(DelegatingMethodAccessorImpl.java:43)
	at java.lang.reflect.Method.invoke(Method.java:601)
	at org.apache.maven.surefire.util.ReflectionUtils.invokeMethodWithArray(ReflectionUtils.java:189)
	at org.apache.maven.surefire.booter.ProviderFactory$ProviderProxy.invoke(ProviderFactory.java:165)
	at org.apache.maven.surefire.booter.ProviderFactory.invokeProvider(ProviderFactory.java:85)
	at org.apache.maven.surefire.booter.ForkedBooter.runSuitesInProcess(ForkedBooter.java:103)
	at org.apache.maven.surefire.booter.ForkedBooter.main(ForkedBooter.java:74)
</error>
    <system-err>16 [main] INFO org.apache.gora.store.DataStoreTestBase - setting up test
1329 [main] WARN org.apache.gora.orientdb.store.OrientDBStore - Unable to load the mapping from resource &apos;C:\Users\Nicolas\gora\gora-orientdb\src\test\resources\gora-orientdb-mapping.xml&apos; as it does not appear to exist! Trying local file.
1985 [main] INFO org.apache.gora.orientdb.store.OrientDBStore - Vertex name : Employee
avr. 10, 2015 6:54:40 PM com.orientechnologies.common.log.OLogManager log
INFO: OrientDB auto-config DISKCACHE=5 568MB (heap=455MB os=8 071MB disk=27 484MB)
3567 [main] ERROR org.apache.gora.orientdb.store.OrientDBStore - Generic error while initializingCannot create a connection to remote server address(es): [127.0.0.1:2424]
com.orientechnologies.orient.core.exception.OStorageException: Cannot create a connection to remote server address(es): [127.0.0.1:2424]
	at org.apache.gora.orientdb.store.OrientDBStore.initialize(OrientDBStore.java:187)
	at org.apache.gora.orientdb.store.OrientDBStore_Test.createEmployeeDataStore(OrientDBStore_Test.java:128)
	at org.apache.gora.store.DataStoreTestBase.setUp(DataStoreTestBase.java:96)
	at sun.reflect.NativeMethodAccessorImpl.invoke0(Native Method)
	at sun.reflect.NativeMethodAccessorImpl.invoke(NativeMethodAccessorImpl.java:57)
	at sun.reflect.DelegatingMethodAccessorImpl.invoke(DelegatingMethodAccessorImpl.java:43)
	at java.lang.reflect.Method.invoke(Method.java:601)
	at org.junit.runners.model.FrameworkMethod$1.runReflectiveCall(FrameworkMethod.java:45)
	at org.junit.internal.runners.model.ReflectiveCallable.run(ReflectiveCallable.java:15)
	at org.junit.runners.model.FrameworkMethod.invokeExplosively(FrameworkMethod.java:42)
	at org.junit.internal.runners.statements.RunBefores.evaluate(RunBefores.java:27)
	at org.junit.internal.runners.statements.RunAfters.evaluate(RunAfters.java:30)
	at org.junit.runners.ParentRunner.runLeaf(ParentRunner.java:263)
	at org.junit.runners.BlockJUnit4ClassRunner.runChild(BlockJUnit4ClassRunner.java:68)
	at org.junit.runners.BlockJUnit4ClassRunner.runChild(BlockJUnit4ClassRunner.java:47)
	at org.junit.runners.ParentRunner$3.run(ParentRunner.java:231)
	at org.junit.runners.ParentRunner$1.schedule(ParentRunner.java:60)
	at org.junit.runners.ParentRunner.runChildren(ParentRunner.java:229)
	at org.junit.runners.ParentRunner.access$000(ParentRunner.java:50)
	at org.junit.runners.ParentRunner$2.evaluate(ParentRunner.java:222)
	at org.junit.internal.runners.statements.RunBefores.evaluate(RunBefores.java:28)
	at org.junit.internal.runners.statements.RunAfters.evaluate(RunAfters.java:30)
	at org.junit.runners.ParentRunner.run(ParentRunner.java:300)
	at org.apache.maven.surefire.junit4.JUnit4Provider.execute(JUnit4Provider.java:236)
	at org.apache.maven.surefire.junit4.JUnit4Provider.executeTestSet(JUnit4Provider.java:134)
	at org.apache.maven.surefire.junit4.JUnit4Provider.invoke(JUnit4Provider.java:113)
	at sun.reflect.NativeMethodAccessorImpl.invoke0(Native Method)
	at sun.reflect.NativeMethodAccessorImpl.invoke(NativeMethodAccessorImpl.java:57)
	at sun.reflect.DelegatingMethodAccessorImpl.invoke(DelegatingMethodAccessorImpl.java:43)
	at java.lang.reflect.Method.invoke(Method.java:601)
	at org.apache.maven.surefire.util.ReflectionUtils.invokeMethodWithArray(ReflectionUtils.java:189)
	at org.apache.maven.surefire.booter.ProviderFactory$ProviderProxy.invoke(ProviderFactory.java:165)
	at org.apache.maven.surefire.booter.ProviderFactory.invokeProvider(ProviderFactory.java:85)
	at org.apache.maven.surefire.booter.ForkedBooter.runSuitesInProcess(ForkedBooter.java:103)
	at org.apache.maven.surefire.booter.ForkedBooter.main(ForkedBooter.java:74)
4583 [main] INFO org.apache.gora.store.DataStoreTestBase - tearing down test
</system-err>
  </testcase>
  <testcase time="2.11" classname="org.apache.gora.orientdb.store.OrientDBStore_Test" name="testQueryWebPageSingleKeyDefaultFields">
    <error message="Cannot create a connection to remote server address(es): [127.0.0.1:2424]" type="com.orientechnologies.orient.core.exception.OStorageException">com.orientechnologies.orient.core.exception.OStorageException: Cannot create a connection to remote server address(es): [127.0.0.1:2424]
	at com.orientechnologies.orient.client.remote.OStorageRemote.openRemoteDatabase(OStorageRemote.java:1675)
	at com.orientechnologies.orient.client.remote.OStorageRemote.open(OStorageRemote.java:212)
	at com.orientechnologies.orient.client.remote.OStorageRemoteThread.open(OStorageRemoteThread.java:87)
	at com.orientechnologies.orient.core.db.document.ODatabaseDocumentTx.open(ODatabaseDocumentTx.java:244)
	at com.orientechnologies.orient.core.db.document.ODatabaseDocumentTxPooled.&lt;init&gt;(ODatabaseDocumentTxPooled.java:49)
	at com.orientechnologies.orient.core.db.document.ODatabaseDocumentPool.createResource(ODatabaseDocumentPool.java:53)
	at com.orientechnologies.orient.core.db.document.ODatabaseDocumentPool.createResource(ODatabaseDocumentPool.java:28)
	at com.orientechnologies.orient.core.db.ODatabasePoolBase$1.createNewResource(ODatabasePoolBase.java:81)
	at com.orientechnologies.orient.core.db.ODatabasePoolBase$1.createNewResource(ODatabasePoolBase.java:70)
	at com.orientechnologies.common.concur.resource.OResourcePool.getResource(OResourcePool.java:91)
	at com.orientechnologies.common.concur.resource.OReentrantResourcePool.getResource(OReentrantResourcePool.java:67)
	at com.orientechnologies.orient.core.db.ODatabasePoolAbstract.acquire(ODatabasePoolAbstract.java:158)
	at com.orientechnologies.orient.core.db.ODatabasePoolAbstract.acquire(ODatabasePoolAbstract.java:138)
	at com.orientechnologies.orient.core.db.ODatabasePoolBase.acquire(ODatabasePoolBase.java:128)
	at org.apache.gora.orientdb.store.OrientDBStore.createSchema(OrientDBStore.java:205)
	at org.apache.gora.orientdb.store.OrientDBStore_Test.createEmployeeDataStore(OrientDBStore_Test.java:129)
	at org.apache.gora.store.DataStoreTestBase.setUp(DataStoreTestBase.java:96)
	at sun.reflect.NativeMethodAccessorImpl.invoke0(Native Method)
	at sun.reflect.NativeMethodAccessorImpl.invoke(NativeMethodAccessorImpl.java:57)
	at sun.reflect.DelegatingMethodAccessorImpl.invoke(DelegatingMethodAccessorImpl.java:43)
	at java.lang.reflect.Method.invoke(Method.java:601)
	at org.junit.runners.model.FrameworkMethod$1.runReflectiveCall(FrameworkMethod.java:45)
	at org.junit.internal.runners.model.ReflectiveCallable.run(ReflectiveCallable.java:15)
	at org.junit.runners.model.FrameworkMethod.invokeExplosively(FrameworkMethod.java:42)
	at org.junit.internal.runners.statements.RunBefores.evaluate(RunBefores.java:27)
	at org.junit.internal.runners.statements.RunAfters.evaluate(RunAfters.java:30)
	at org.junit.runners.ParentRunner.runLeaf(ParentRunner.java:263)
	at org.junit.runners.BlockJUnit4ClassRunner.runChild(BlockJUnit4ClassRunner.java:68)
	at org.junit.runners.BlockJUnit4ClassRunner.runChild(BlockJUnit4ClassRunner.java:47)
	at org.junit.runners.ParentRunner$3.run(ParentRunner.java:231)
	at org.junit.runners.ParentRunner$1.schedule(ParentRunner.java:60)
	at org.junit.runners.ParentRunner.runChildren(ParentRunner.java:229)
	at org.junit.runners.ParentRunner.access$000(ParentRunner.java:50)
	at org.junit.runners.ParentRunner$2.evaluate(ParentRunner.java:222)
	at org.junit.internal.runners.statements.RunBefores.evaluate(RunBefores.java:28)
	at org.junit.internal.runners.statements.RunAfters.evaluate(RunAfters.java:30)
	at org.junit.runners.ParentRunner.run(ParentRunner.java:300)
	at org.apache.maven.surefire.junit4.JUnit4Provider.execute(JUnit4Provider.java:236)
	at org.apache.maven.surefire.junit4.JUnit4Provider.executeTestSet(JUnit4Provider.java:134)
	at org.apache.maven.surefire.junit4.JUnit4Provider.invoke(JUnit4Provider.java:113)
	at sun.reflect.NativeMethodAccessorImpl.invoke0(Native Method)
	at sun.reflect.NativeMethodAccessorImpl.invoke(NativeMethodAccessorImpl.java:57)
	at sun.reflect.DelegatingMethodAccessorImpl.invoke(DelegatingMethodAccessorImpl.java:43)
	at java.lang.reflect.Method.invoke(Method.java:601)
	at org.apache.maven.surefire.util.ReflectionUtils.invokeMethodWithArray(ReflectionUtils.java:189)
	at org.apache.maven.surefire.booter.ProviderFactory$ProviderProxy.invoke(ProviderFactory.java:165)
	at org.apache.maven.surefire.booter.ProviderFactory.invokeProvider(ProviderFactory.java:85)
	at org.apache.maven.surefire.booter.ForkedBooter.runSuitesInProcess(ForkedBooter.java:103)
	at org.apache.maven.surefire.booter.ForkedBooter.main(ForkedBooter.java:74)
</error>
    <system-err>4598 [main] INFO org.apache.gora.store.DataStoreTestBase - setting up test
4598 [main] WARN org.apache.gora.orientdb.store.OrientDBStore - Unable to load the mapping from resource &apos;C:\Users\Nicolas\gora\gora-orientdb\src\test\resources\gora-orientdb-mapping.xml&apos; as it does not appear to exist! Trying local file.
4661 [main] INFO org.apache.gora.orientdb.store.OrientDBStore - Vertex name : Employee
5676 [main] ERROR org.apache.gora.orientdb.store.OrientDBStore - Generic error while initializingCannot create a connection to remote server address(es): [127.0.0.1:2424]
com.orientechnologies.orient.core.exception.OStorageException: Cannot create a connection to remote server address(es): [127.0.0.1:2424]
	at org.apache.gora.orientdb.store.OrientDBStore.initialize(OrientDBStore.java:187)
	at org.apache.gora.orientdb.store.OrientDBStore_Test.createEmployeeDataStore(OrientDBStore_Test.java:128)
	at org.apache.gora.store.DataStoreTestBase.setUp(DataStoreTestBase.java:96)
	at sun.reflect.NativeMethodAccessorImpl.invoke0(Native Method)
	at sun.reflect.NativeMethodAccessorImpl.invoke(NativeMethodAccessorImpl.java:57)
	at sun.reflect.DelegatingMethodAccessorImpl.invoke(DelegatingMethodAccessorImpl.java:43)
	at java.lang.reflect.Method.invoke(Method.java:601)
	at org.junit.runners.model.FrameworkMethod$1.runReflectiveCall(FrameworkMethod.java:45)
	at org.junit.internal.runners.model.ReflectiveCallable.run(ReflectiveCallable.java:15)
	at org.junit.runners.model.FrameworkMethod.invokeExplosively(FrameworkMethod.java:42)
	at org.junit.internal.runners.statements.RunBefores.evaluate(RunBefores.java:27)
	at org.junit.internal.runners.statements.RunAfters.evaluate(RunAfters.java:30)
	at org.junit.runners.ParentRunner.runLeaf(ParentRunner.java:263)
	at org.junit.runners.BlockJUnit4ClassRunner.runChild(BlockJUnit4ClassRunner.java:68)
	at org.junit.runners.BlockJUnit4ClassRunner.runChild(BlockJUnit4ClassRunner.java:47)
	at org.junit.runners.ParentRunner$3.run(ParentRunner.java:231)
	at org.junit.runners.ParentRunner$1.schedule(ParentRunner.java:60)
	at org.junit.runners.ParentRunner.runChildren(ParentRunner.java:229)
	at org.junit.runners.ParentRunner.access$000(ParentRunner.java:50)
	at org.junit.runners.ParentRunner$2.evaluate(ParentRunner.java:222)
	at org.junit.internal.runners.statements.RunBefores.evaluate(RunBefores.java:28)
	at org.junit.internal.runners.statements.RunAfters.evaluate(RunAfters.java:30)
	at org.junit.runners.ParentRunner.run(ParentRunner.java:300)
	at org.apache.maven.surefire.junit4.JUnit4Provider.execute(JUnit4Provider.java:236)
	at org.apache.maven.surefire.junit4.JUnit4Provider.executeTestSet(JUnit4Provider.java:134)
	at org.apache.maven.surefire.junit4.JUnit4Provider.invoke(JUnit4Provider.java:113)
	at sun.reflect.NativeMethodAccessorImpl.invoke0(Native Method)
	at sun.reflect.NativeMethodAccessorImpl.invoke(NativeMethodAccessorImpl.java:57)
	at sun.reflect.DelegatingMethodAccessorImpl.invoke(DelegatingMethodAccessorImpl.java:43)
	at java.lang.reflect.Method.invoke(Method.java:601)
	at org.apache.maven.surefire.util.ReflectionUtils.invokeMethodWithArray(ReflectionUtils.java:189)
	at org.apache.maven.surefire.booter.ProviderFactory$ProviderProxy.invoke(ProviderFactory.java:165)
	at org.apache.maven.surefire.booter.ProviderFactory.invokeProvider(ProviderFactory.java:85)
	at org.apache.maven.surefire.booter.ForkedBooter.runSuitesInProcess(ForkedBooter.java:103)
	at org.apache.maven.surefire.booter.ForkedBooter.main(ForkedBooter.java:74)
6708 [main] INFO org.apache.gora.store.DataStoreTestBase - tearing down test
</system-err>
  </testcase>
  <testcase time="2.125" classname="org.apache.gora.orientdb.store.OrientDBStore_Test" name="testNewInstance">
    <error message="Cannot create a connection to remote server address(es): [127.0.0.1:2424]" type="com.orientechnologies.orient.core.exception.OStorageException">com.orientechnologies.orient.core.exception.OStorageException: Cannot create a connection to remote server address(es): [127.0.0.1:2424]
	at com.orientechnologies.orient.client.remote.OStorageRemote.openRemoteDatabase(OStorageRemote.java:1675)
	at com.orientechnologies.orient.client.remote.OStorageRemote.open(OStorageRemote.java:212)
	at com.orientechnologies.orient.client.remote.OStorageRemoteThread.open(OStorageRemoteThread.java:87)
	at com.orientechnologies.orient.core.db.document.ODatabaseDocumentTx.open(ODatabaseDocumentTx.java:244)
	at com.orientechnologies.orient.core.db.document.ODatabaseDocumentTxPooled.&lt;init&gt;(ODatabaseDocumentTxPooled.java:49)
	at com.orientechnologies.orient.core.db.document.ODatabaseDocumentPool.createResource(ODatabaseDocumentPool.java:53)
	at com.orientechnologies.orient.core.db.document.ODatabaseDocumentPool.createResource(ODatabaseDocumentPool.java:28)
	at com.orientechnologies.orient.core.db.ODatabasePoolBase$1.createNewResource(ODatabasePoolBase.java:81)
	at com.orientechnologies.orient.core.db.ODatabasePoolBase$1.createNewResource(ODatabasePoolBase.java:70)
	at com.orientechnologies.common.concur.resource.OResourcePool.getResource(OResourcePool.java:91)
	at com.orientechnologies.common.concur.resource.OReentrantResourcePool.getResource(OReentrantResourcePool.java:67)
	at com.orientechnologies.orient.core.db.ODatabasePoolAbstract.acquire(ODatabasePoolAbstract.java:158)
	at com.orientechnologies.orient.core.db.ODatabasePoolAbstract.acquire(ODatabasePoolAbstract.java:138)
	at com.orientechnologies.orient.core.db.ODatabasePoolBase.acquire(ODatabasePoolBase.java:128)
	at org.apache.gora.orientdb.store.OrientDBStore.createSchema(OrientDBStore.java:205)
	at org.apache.gora.orientdb.store.OrientDBStore_Test.createEmployeeDataStore(OrientDBStore_Test.java:129)
	at org.apache.gora.store.DataStoreTestBase.setUp(DataStoreTestBase.java:96)
	at sun.reflect.NativeMethodAccessorImpl.invoke0(Native Method)
	at sun.reflect.NativeMethodAccessorImpl.invoke(NativeMethodAccessorImpl.java:57)
	at sun.reflect.DelegatingMethodAccessorImpl.invoke(DelegatingMethodAccessorImpl.java:43)
	at java.lang.reflect.Method.invoke(Method.java:601)
	at org.junit.runners.model.FrameworkMethod$1.runReflectiveCall(FrameworkMethod.java:45)
	at org.junit.internal.runners.model.ReflectiveCallable.run(ReflectiveCallable.java:15)
	at org.junit.runners.model.FrameworkMethod.invokeExplosively(FrameworkMethod.java:42)
	at org.junit.internal.runners.statements.RunBefores.evaluate(RunBefores.java:27)
	at org.junit.internal.runners.statements.RunAfters.evaluate(RunAfters.java:30)
	at org.junit.runners.ParentRunner.runLeaf(ParentRunner.java:263)
	at org.junit.runners.BlockJUnit4ClassRunner.runChild(BlockJUnit4ClassRunner.java:68)
	at org.junit.runners.BlockJUnit4ClassRunner.runChild(BlockJUnit4ClassRunner.java:47)
	at org.junit.runners.ParentRunner$3.run(ParentRunner.java:231)
	at org.junit.runners.ParentRunner$1.schedule(ParentRunner.java:60)
	at org.junit.runners.ParentRunner.runChildren(ParentRunner.java:229)
	at org.junit.runners.ParentRunner.access$000(ParentRunner.java:50)
	at org.junit.runners.ParentRunner$2.evaluate(ParentRunner.java:222)
	at org.junit.internal.runners.statements.RunBefores.evaluate(RunBefores.java:28)
	at org.junit.internal.runners.statements.RunAfters.evaluate(RunAfters.java:30)
	at org.junit.runners.ParentRunner.run(ParentRunner.java:300)
	at org.apache.maven.surefire.junit4.JUnit4Provider.execute(JUnit4Provider.java:236)
	at org.apache.maven.surefire.junit4.JUnit4Provider.executeTestSet(JUnit4Provider.java:134)
	at org.apache.maven.surefire.junit4.JUnit4Provider.invoke(JUnit4Provider.java:113)
	at sun.reflect.NativeMethodAccessorImpl.invoke0(Native Method)
	at sun.reflect.NativeMethodAccessorImpl.invoke(NativeMethodAccessorImpl.java:57)
	at sun.reflect.DelegatingMethodAccessorImpl.invoke(DelegatingMethodAccessorImpl.java:43)
	at java.lang.reflect.Method.invoke(Method.java:601)
	at org.apache.maven.surefire.util.ReflectionUtils.invokeMethodWithArray(ReflectionUtils.java:189)
	at org.apache.maven.surefire.booter.ProviderFactory$ProviderProxy.invoke(ProviderFactory.java:165)
	at org.apache.maven.surefire.booter.ProviderFactory.invokeProvider(ProviderFactory.java:85)
	at org.apache.maven.surefire.booter.ForkedBooter.runSuitesInProcess(ForkedBooter.java:103)
	at org.apache.maven.surefire.booter.ForkedBooter.main(ForkedBooter.java:74)
</error>
    <system-err>6708 [main] INFO org.apache.gora.store.DataStoreTestBase - setting up test
6708 [main] WARN org.apache.gora.orientdb.store.OrientDBStore - Unable to load the mapping from resource &apos;C:\Users\Nicolas\gora\gora-orientdb\src\test\resources\gora-orientdb-mapping.xml&apos; as it does not appear to exist! Trying local file.
6770 [main] INFO org.apache.gora.orientdb.store.OrientDBStore - Vertex name : Employee
7817 [main] ERROR org.apache.gora.orientdb.store.OrientDBStore - Generic error while initializingCannot create a connection to remote server address(es): [127.0.0.1:2424]
com.orientechnologies.orient.core.exception.OStorageException: Cannot create a connection to remote server address(es): [127.0.0.1:2424]
	at org.apache.gora.orientdb.store.OrientDBStore.initialize(OrientDBStore.java:187)
	at org.apache.gora.orientdb.store.OrientDBStore_Test.createEmployeeDataStore(OrientDBStore_Test.java:128)
	at org.apache.gora.store.DataStoreTestBase.setUp(DataStoreTestBase.java:96)
	at sun.reflect.NativeMethodAccessorImpl.invoke0(Native Method)
	at sun.reflect.NativeMethodAccessorImpl.invoke(NativeMethodAccessorImpl.java:57)
	at sun.reflect.DelegatingMethodAccessorImpl.invoke(DelegatingMethodAccessorImpl.java:43)
	at java.lang.reflect.Method.invoke(Method.java:601)
	at org.junit.runners.model.FrameworkMethod$1.runReflectiveCall(FrameworkMethod.java:45)
	at org.junit.internal.runners.model.ReflectiveCallable.run(ReflectiveCallable.java:15)
	at org.junit.runners.model.FrameworkMethod.invokeExplosively(FrameworkMethod.java:42)
	at org.junit.internal.runners.statements.RunBefores.evaluate(RunBefores.java:27)
	at org.junit.internal.runners.statements.RunAfters.evaluate(RunAfters.java:30)
	at org.junit.runners.ParentRunner.runLeaf(ParentRunner.java:263)
	at org.junit.runners.BlockJUnit4ClassRunner.runChild(BlockJUnit4ClassRunner.java:68)
	at org.junit.runners.BlockJUnit4ClassRunner.runChild(BlockJUnit4ClassRunner.java:47)
	at org.junit.runners.ParentRunner$3.run(ParentRunner.java:231)
	at org.junit.runners.ParentRunner$1.schedule(ParentRunner.java:60)
	at org.junit.runners.ParentRunner.runChildren(ParentRunner.java:229)
	at org.junit.runners.ParentRunner.access$000(ParentRunner.java:50)
	at org.junit.runners.ParentRunner$2.evaluate(ParentRunner.java:222)
	at org.junit.internal.runners.statements.RunBefores.evaluate(RunBefores.java:28)
	at org.junit.internal.runners.statements.RunAfters.evaluate(RunAfters.java:30)
	at org.junit.runners.ParentRunner.run(ParentRunner.java:300)
	at org.apache.maven.surefire.junit4.JUnit4Provider.execute(JUnit4Provider.java:236)
	at org.apache.maven.surefire.junit4.JUnit4Provider.executeTestSet(JUnit4Provider.java:134)
	at org.apache.maven.surefire.junit4.JUnit4Provider.invoke(JUnit4Provider.java:113)
	at sun.reflect.NativeMethodAccessorImpl.invoke0(Native Method)
	at sun.reflect.NativeMethodAccessorImpl.invoke(NativeMethodAccessorImpl.java:57)
	at sun.reflect.DelegatingMethodAccessorImpl.invoke(DelegatingMethodAccessorImpl.java:43)
	at java.lang.reflect.Method.invoke(Method.java:601)
	at org.apache.maven.surefire.util.ReflectionUtils.invokeMethodWithArray(ReflectionUtils.java:189)
	at org.apache.maven.surefire.booter.ProviderFactory$ProviderProxy.invoke(ProviderFactory.java:165)
	at org.apache.maven.surefire.booter.ProviderFactory.invokeProvider(ProviderFactory.java:85)
	at org.apache.maven.surefire.booter.ForkedBooter.runSuitesInProcess(ForkedBooter.java:103)
	at org.apache.maven.surefire.booter.ForkedBooter.main(ForkedBooter.java:74)
8833 [main] INFO org.apache.gora.store.DataStoreTestBase - tearing down test
</system-err>
  </testcase>
  <testcase time="2.135" classname="org.apache.gora.orientdb.store.OrientDBStore_Test" name="testDeleteSchema">
    <error message="Cannot create a connection to remote server address(es): [127.0.0.1:2424]" type="com.orientechnologies.orient.core.exception.OStorageException">com.orientechnologies.orient.core.exception.OStorageException: Cannot create a connection to remote server address(es): [127.0.0.1:2424]
	at com.orientechnologies.orient.client.remote.OStorageRemote.openRemoteDatabase(OStorageRemote.java:1675)
	at com.orientechnologies.orient.client.remote.OStorageRemote.open(OStorageRemote.java:212)
	at com.orientechnologies.orient.client.remote.OStorageRemoteThread.open(OStorageRemoteThread.java:87)
	at com.orientechnologies.orient.core.db.document.ODatabaseDocumentTx.open(ODatabaseDocumentTx.java:244)
	at com.orientechnologies.orient.core.db.document.ODatabaseDocumentTxPooled.&lt;init&gt;(ODatabaseDocumentTxPooled.java:49)
	at com.orientechnologies.orient.core.db.document.ODatabaseDocumentPool.createResource(ODatabaseDocumentPool.java:53)
	at com.orientechnologies.orient.core.db.document.ODatabaseDocumentPool.createResource(ODatabaseDocumentPool.java:28)
	at com.orientechnologies.orient.core.db.ODatabasePoolBase$1.createNewResource(ODatabasePoolBase.java:81)
	at com.orientechnologies.orient.core.db.ODatabasePoolBase$1.createNewResource(ODatabasePoolBase.java:70)
	at com.orientechnologies.common.concur.resource.OResourcePool.getResource(OResourcePool.java:91)
	at com.orientechnologies.common.concur.resource.OReentrantResourcePool.getResource(OReentrantResourcePool.java:67)
	at com.orientechnologies.orient.core.db.ODatabasePoolAbstract.acquire(ODatabasePoolAbstract.java:158)
	at com.orientechnologies.orient.core.db.ODatabasePoolAbstract.acquire(ODatabasePoolAbstract.java:138)
	at com.orientechnologies.orient.core.db.ODatabasePoolBase.acquire(ODatabasePoolBase.java:128)
	at org.apache.gora.orientdb.store.OrientDBStore.createSchema(OrientDBStore.java:205)
	at org.apache.gora.orientdb.store.OrientDBStore_Test.createEmployeeDataStore(OrientDBStore_Test.java:129)
	at org.apache.gora.store.DataStoreTestBase.setUp(DataStoreTestBase.java:96)
	at sun.reflect.NativeMethodAccessorImpl.invoke0(Native Method)
	at sun.reflect.NativeMethodAccessorImpl.invoke(NativeMethodAccessorImpl.java:57)
	at sun.reflect.DelegatingMethodAccessorImpl.invoke(DelegatingMethodAccessorImpl.java:43)
	at java.lang.reflect.Method.invoke(Method.java:601)
	at org.junit.runners.model.FrameworkMethod$1.runReflectiveCall(FrameworkMethod.java:45)
	at org.junit.internal.runners.model.ReflectiveCallable.run(ReflectiveCallable.java:15)
	at org.junit.runners.model.FrameworkMethod.invokeExplosively(FrameworkMethod.java:42)
	at org.junit.internal.runners.statements.RunBefores.evaluate(RunBefores.java:27)
	at org.junit.internal.runners.statements.RunAfters.evaluate(RunAfters.java:30)
	at org.junit.runners.ParentRunner.runLeaf(ParentRunner.java:263)
	at org.junit.runners.BlockJUnit4ClassRunner.runChild(BlockJUnit4ClassRunner.java:68)
	at org.junit.runners.BlockJUnit4ClassRunner.runChild(BlockJUnit4ClassRunner.java:47)
	at org.junit.runners.ParentRunner$3.run(ParentRunner.java:231)
	at org.junit.runners.ParentRunner$1.schedule(ParentRunner.java:60)
	at org.junit.runners.ParentRunner.runChildren(ParentRunner.java:229)
	at org.junit.runners.ParentRunner.access$000(ParentRunner.java:50)
	at org.junit.runners.ParentRunner$2.evaluate(ParentRunner.java:222)
	at org.junit.internal.runners.statements.RunBefores.evaluate(RunBefores.java:28)
	at org.junit.internal.runners.statements.RunAfters.evaluate(RunAfters.java:30)
	at org.junit.runners.ParentRunner.run(ParentRunner.java:300)
	at org.apache.maven.surefire.junit4.JUnit4Provider.execute(JUnit4Provider.java:236)
	at org.apache.maven.surefire.junit4.JUnit4Provider.executeTestSet(JUnit4Provider.java:134)
	at org.apache.maven.surefire.junit4.JUnit4Provider.invoke(JUnit4Provider.java:113)
	at sun.reflect.NativeMethodAccessorImpl.invoke0(Native Method)
	at sun.reflect.NativeMethodAccessorImpl.invoke(NativeMethodAccessorImpl.java:57)
	at sun.reflect.DelegatingMethodAccessorImpl.invoke(DelegatingMethodAccessorImpl.java:43)
	at java.lang.reflect.Method.invoke(Method.java:601)
	at org.apache.maven.surefire.util.ReflectionUtils.invokeMethodWithArray(ReflectionUtils.java:189)
	at org.apache.maven.surefire.booter.ProviderFactory$ProviderProxy.invoke(ProviderFactory.java:165)
	at org.apache.maven.surefire.booter.ProviderFactory.invokeProvider(ProviderFactory.java:85)
	at org.apache.maven.surefire.booter.ForkedBooter.runSuitesInProcess(ForkedBooter.java:103)
	at org.apache.maven.surefire.booter.ForkedBooter.main(ForkedBooter.java:74)
</error>
    <system-err>8833 [main] INFO org.apache.gora.store.DataStoreTestBase - setting up test
8833 [main] WARN org.apache.gora.orientdb.store.OrientDBStore - Unable to load the mapping from resource &apos;C:\Users\Nicolas\gora\gora-orientdb\src\test\resources\gora-orientdb-mapping.xml&apos; as it does not appear to exist! Trying local file.
8911 [main] INFO org.apache.gora.orientdb.store.OrientDBStore - Vertex name : Employee
9936 [main] ERROR org.apache.gora.orientdb.store.OrientDBStore - Generic error while initializingCannot create a connection to remote server address(es): [127.0.0.1:2424]
com.orientechnologies.orient.core.exception.OStorageException: Cannot create a connection to remote server address(es): [127.0.0.1:2424]
	at org.apache.gora.orientdb.store.OrientDBStore.initialize(OrientDBStore.java:187)
	at org.apache.gora.orientdb.store.OrientDBStore_Test.createEmployeeDataStore(OrientDBStore_Test.java:128)
	at org.apache.gora.store.DataStoreTestBase.setUp(DataStoreTestBase.java:96)
	at sun.reflect.NativeMethodAccessorImpl.invoke0(Native Method)
	at sun.reflect.NativeMethodAccessorImpl.invoke(NativeMethodAccessorImpl.java:57)
	at sun.reflect.DelegatingMethodAccessorImpl.invoke(DelegatingMethodAccessorImpl.java:43)
	at java.lang.reflect.Method.invoke(Method.java:601)
	at org.junit.runners.model.FrameworkMethod$1.runReflectiveCall(FrameworkMethod.java:45)
	at org.junit.internal.runners.model.ReflectiveCallable.run(ReflectiveCallable.java:15)
	at org.junit.runners.model.FrameworkMethod.invokeExplosively(FrameworkMethod.java:42)
	at org.junit.internal.runners.statements.RunBefores.evaluate(RunBefores.java:27)
	at org.junit.internal.runners.statements.RunAfters.evaluate(RunAfters.java:30)
	at org.junit.runners.ParentRunner.runLeaf(ParentRunner.java:263)
	at org.junit.runners.BlockJUnit4ClassRunner.runChild(BlockJUnit4ClassRunner.java:68)
	at org.junit.runners.BlockJUnit4ClassRunner.runChild(BlockJUnit4ClassRunner.java:47)
	at org.junit.runners.ParentRunner$3.run(ParentRunner.java:231)
	at org.junit.runners.ParentRunner$1.schedule(ParentRunner.java:60)
	at org.junit.runners.ParentRunner.runChildren(ParentRunner.java:229)
	at org.junit.runners.ParentRunner.access$000(ParentRunner.java:50)
	at org.junit.runners.ParentRunner$2.evaluate(ParentRunner.java:222)
	at org.junit.internal.runners.statements.RunBefores.evaluate(RunBefores.java:28)
	at org.junit.internal.runners.statements.RunAfters.evaluate(RunAfters.java:30)
	at org.junit.runners.ParentRunner.run(ParentRunner.java:300)
	at org.apache.maven.surefire.junit4.JUnit4Provider.execute(JUnit4Provider.java:236)
	at org.apache.maven.surefire.junit4.JUnit4Provider.executeTestSet(JUnit4Provider.java:134)
	at org.apache.maven.surefire.junit4.JUnit4Provider.invoke(JUnit4Provider.java:113)
	at sun.reflect.NativeMethodAccessorImpl.invoke0(Native Method)
	at sun.reflect.NativeMethodAccessorImpl.invoke(NativeMethodAccessorImpl.java:57)
	at sun.reflect.DelegatingMethodAccessorImpl.invoke(DelegatingMethodAccessorImpl.java:43)
	at java.lang.reflect.Method.invoke(Method.java:601)
	at org.apache.maven.surefire.util.ReflectionUtils.invokeMethodWithArray(ReflectionUtils.java:189)
	at org.apache.maven.surefire.booter.ProviderFactory$ProviderProxy.invoke(ProviderFactory.java:165)
	at org.apache.maven.surefire.booter.ProviderFactory.invokeProvider(ProviderFactory.java:85)
	at org.apache.maven.surefire.booter.ForkedBooter.runSuitesInProcess(ForkedBooter.java:103)
	at org.apache.maven.surefire.booter.ForkedBooter.main(ForkedBooter.java:74)
10968 [main] INFO org.apache.gora.store.DataStoreTestBase - tearing down test
</system-err>
  </testcase>
  <testcase time="2.109" classname="org.apache.gora.orientdb.store.OrientDBStore_Test" name="testQueryKeyRange">
    <error message="Cannot create a connection to remote server address(es): [127.0.0.1:2424]" type="com.orientechnologies.orient.core.exception.OStorageException">com.orientechnologies.orient.core.exception.OStorageException: Cannot create a connection to remote server address(es): [127.0.0.1:2424]
	at com.orientechnologies.orient.client.remote.OStorageRemote.openRemoteDatabase(OStorageRemote.java:1675)
	at com.orientechnologies.orient.client.remote.OStorageRemote.open(OStorageRemote.java:212)
	at com.orientechnologies.orient.client.remote.OStorageRemoteThread.open(OStorageRemoteThread.java:87)
	at com.orientechnologies.orient.core.db.document.ODatabaseDocumentTx.open(ODatabaseDocumentTx.java:244)
	at com.orientechnologies.orient.core.db.document.ODatabaseDocumentTxPooled.&lt;init&gt;(ODatabaseDocumentTxPooled.java:49)
	at com.orientechnologies.orient.core.db.document.ODatabaseDocumentPool.createResource(ODatabaseDocumentPool.java:53)
	at com.orientechnologies.orient.core.db.document.ODatabaseDocumentPool.createResource(ODatabaseDocumentPool.java:28)
	at com.orientechnologies.orient.core.db.ODatabasePoolBase$1.createNewResource(ODatabasePoolBase.java:81)
	at com.orientechnologies.orient.core.db.ODatabasePoolBase$1.createNewResource(ODatabasePoolBase.java:70)
	at com.orientechnologies.common.concur.resource.OResourcePool.getResource(OResourcePool.java:91)
	at com.orientechnologies.common.concur.resource.OReentrantResourcePool.getResource(OReentrantResourcePool.java:67)
	at com.orientechnologies.orient.core.db.ODatabasePoolAbstract.acquire(ODatabasePoolAbstract.java:158)
	at com.orientechnologies.orient.core.db.ODatabasePoolAbstract.acquire(ODatabasePoolAbstract.java:138)
	at com.orientechnologies.orient.core.db.ODatabasePoolBase.acquire(ODatabasePoolBase.java:128)
	at org.apache.gora.orientdb.store.OrientDBStore.createSchema(OrientDBStore.java:205)
	at org.apache.gora.orientdb.store.OrientDBStore_Test.createEmployeeDataStore(OrientDBStore_Test.java:129)
	at org.apache.gora.store.DataStoreTestBase.setUp(DataStoreTestBase.java:96)
	at sun.reflect.NativeMethodAccessorImpl.invoke0(Native Method)
	at sun.reflect.NativeMethodAccessorImpl.invoke(NativeMethodAccessorImpl.java:57)
	at sun.reflect.DelegatingMethodAccessorImpl.invoke(DelegatingMethodAccessorImpl.java:43)
	at java.lang.reflect.Method.invoke(Method.java:601)
	at org.junit.runners.model.FrameworkMethod$1.runReflectiveCall(FrameworkMethod.java:45)
	at org.junit.internal.runners.model.ReflectiveCallable.run(ReflectiveCallable.java:15)
	at org.junit.runners.model.FrameworkMethod.invokeExplosively(FrameworkMethod.java:42)
	at org.junit.internal.runners.statements.RunBefores.evaluate(RunBefores.java:27)
	at org.junit.internal.runners.statements.RunAfters.evaluate(RunAfters.java:30)
	at org.junit.runners.ParentRunner.runLeaf(ParentRunner.java:263)
	at org.junit.runners.BlockJUnit4ClassRunner.runChild(BlockJUnit4ClassRunner.java:68)
	at org.junit.runners.BlockJUnit4ClassRunner.runChild(BlockJUnit4ClassRunner.java:47)
	at org.junit.runners.ParentRunner$3.run(ParentRunner.java:231)
	at org.junit.runners.ParentRunner$1.schedule(ParentRunner.java:60)
	at org.junit.runners.ParentRunner.runChildren(ParentRunner.java:229)
	at org.junit.runners.ParentRunner.access$000(ParentRunner.java:50)
	at org.junit.runners.ParentRunner$2.evaluate(ParentRunner.java:222)
	at org.junit.internal.runners.statements.RunBefores.evaluate(RunBefores.java:28)
	at org.junit.internal.runners.statements.RunAfters.evaluate(RunAfters.java:30)
	at org.junit.runners.ParentRunner.run(ParentRunner.java:300)
	at org.apache.maven.surefire.junit4.JUnit4Provider.execute(JUnit4Provider.java:236)
	at org.apache.maven.surefire.junit4.JUnit4Provider.executeTestSet(JUnit4Provider.java:134)
	at org.apache.maven.surefire.junit4.JUnit4Provider.invoke(JUnit4Provider.java:113)
	at sun.reflect.NativeMethodAccessorImpl.invoke0(Native Method)
	at sun.reflect.NativeMethodAccessorImpl.invoke(NativeMethodAccessorImpl.java:57)
	at sun.reflect.DelegatingMethodAccessorImpl.invoke(DelegatingMethodAccessorImpl.java:43)
	at java.lang.reflect.Method.invoke(Method.java:601)
	at org.apache.maven.surefire.util.ReflectionUtils.invokeMethodWithArray(ReflectionUtils.java:189)
	at org.apache.maven.surefire.booter.ProviderFactory$ProviderProxy.invoke(ProviderFactory.java:165)
	at org.apache.maven.surefire.booter.ProviderFactory.invokeProvider(ProviderFactory.java:85)
	at org.apache.maven.surefire.booter.ForkedBooter.runSuitesInProcess(ForkedBooter.java:103)
	at org.apache.maven.surefire.booter.ForkedBooter.main(ForkedBooter.java:74)
</error>
    <system-err>10968 [main] INFO org.apache.gora.store.DataStoreTestBase - setting up test
10968 [main] WARN org.apache.gora.orientdb.store.OrientDBStore - Unable to load the mapping from resource &apos;C:\Users\Nicolas\gora\gora-orientdb\src\test\resources\gora-orientdb-mapping.xml&apos; as it does not appear to exist! Trying local file.
11030 [main] INFO org.apache.gora.orientdb.store.OrientDBStore - Vertex name : Employee
12046 [main] ERROR org.apache.gora.orientdb.store.OrientDBStore - Generic error while initializingCannot create a connection to remote server address(es): [127.0.0.1:2424]
com.orientechnologies.orient.core.exception.OStorageException: Cannot create a connection to remote server address(es): [127.0.0.1:2424]
	at org.apache.gora.orientdb.store.OrientDBStore.initialize(OrientDBStore.java:187)
	at org.apache.gora.orientdb.store.OrientDBStore_Test.createEmployeeDataStore(OrientDBStore_Test.java:128)
	at org.apache.gora.store.DataStoreTestBase.setUp(DataStoreTestBase.java:96)
	at sun.reflect.NativeMethodAccessorImpl.invoke0(Native Method)
	at sun.reflect.NativeMethodAccessorImpl.invoke(NativeMethodAccessorImpl.java:57)
	at sun.reflect.DelegatingMethodAccessorImpl.invoke(DelegatingMethodAccessorImpl.java:43)
	at java.lang.reflect.Method.invoke(Method.java:601)
	at org.junit.runners.model.FrameworkMethod$1.runReflectiveCall(FrameworkMethod.java:45)
	at org.junit.internal.runners.model.ReflectiveCallable.run(ReflectiveCallable.java:15)
	at org.junit.runners.model.FrameworkMethod.invokeExplosively(FrameworkMethod.java:42)
	at org.junit.internal.runners.statements.RunBefores.evaluate(RunBefores.java:27)
	at org.junit.internal.runners.statements.RunAfters.evaluate(RunAfters.java:30)
	at org.junit.runners.ParentRunner.runLeaf(ParentRunner.java:263)
	at org.junit.runners.BlockJUnit4ClassRunner.runChild(BlockJUnit4ClassRunner.java:68)
	at org.junit.runners.BlockJUnit4ClassRunner.runChild(BlockJUnit4ClassRunner.java:47)
	at org.junit.runners.ParentRunner$3.run(ParentRunner.java:231)
	at org.junit.runners.ParentRunner$1.schedule(ParentRunner.java:60)
	at org.junit.runners.ParentRunner.runChildren(ParentRunner.java:229)
	at org.junit.runners.ParentRunner.access$000(ParentRunner.java:50)
	at org.junit.runners.ParentRunner$2.evaluate(ParentRunner.java:222)
	at org.junit.internal.runners.statements.RunBefores.evaluate(RunBefores.java:28)
	at org.junit.internal.runners.statements.RunAfters.evaluate(RunAfters.java:30)
	at org.junit.runners.ParentRunner.run(ParentRunner.java:300)
	at org.apache.maven.surefire.junit4.JUnit4Provider.execute(JUnit4Provider.java:236)
	at org.apache.maven.surefire.junit4.JUnit4Provider.executeTestSet(JUnit4Provider.java:134)
	at org.apache.maven.surefire.junit4.JUnit4Provider.invoke(JUnit4Provider.java:113)
	at sun.reflect.NativeMethodAccessorImpl.invoke0(Native Method)
	at sun.reflect.NativeMethodAccessorImpl.invoke(NativeMethodAccessorImpl.java:57)
	at sun.reflect.DelegatingMethodAccessorImpl.invoke(DelegatingMethodAccessorImpl.java:43)
	at java.lang.reflect.Method.invoke(Method.java:601)
	at org.apache.maven.surefire.util.ReflectionUtils.invokeMethodWithArray(ReflectionUtils.java:189)
	at org.apache.maven.surefire.booter.ProviderFactory$ProviderProxy.invoke(ProviderFactory.java:165)
	at org.apache.maven.surefire.booter.ProviderFactory.invokeProvider(ProviderFactory.java:85)
	at org.apache.maven.surefire.booter.ForkedBooter.runSuitesInProcess(ForkedBooter.java:103)
	at org.apache.maven.surefire.booter.ForkedBooter.main(ForkedBooter.java:74)
13077 [main] INFO org.apache.gora.store.DataStoreTestBase - tearing down test
</system-err>
  </testcase>
  <testcase time="2.125" classname="org.apache.gora.orientdb.store.OrientDBStore_Test" name="testDeleteByQuery">
    <error message="Cannot create a connection to remote server address(es): [127.0.0.1:2424]" type="com.orientechnologies.orient.core.exception.OStorageException">com.orientechnologies.orient.core.exception.OStorageException: Cannot create a connection to remote server address(es): [127.0.0.1:2424]
	at com.orientechnologies.orient.client.remote.OStorageRemote.openRemoteDatabase(OStorageRemote.java:1675)
	at com.orientechnologies.orient.client.remote.OStorageRemote.open(OStorageRemote.java:212)
	at com.orientechnologies.orient.client.remote.OStorageRemoteThread.open(OStorageRemoteThread.java:87)
	at com.orientechnologies.orient.core.db.document.ODatabaseDocumentTx.open(ODatabaseDocumentTx.java:244)
	at com.orientechnologies.orient.core.db.document.ODatabaseDocumentTxPooled.&lt;init&gt;(ODatabaseDocumentTxPooled.java:49)
	at com.orientechnologies.orient.core.db.document.ODatabaseDocumentPool.createResource(ODatabaseDocumentPool.java:53)
	at com.orientechnologies.orient.core.db.document.ODatabaseDocumentPool.createResource(ODatabaseDocumentPool.java:28)
	at com.orientechnologies.orient.core.db.ODatabasePoolBase$1.createNewResource(ODatabasePoolBase.java:81)
	at com.orientechnologies.orient.core.db.ODatabasePoolBase$1.createNewResource(ODatabasePoolBase.java:70)
	at com.orientechnologies.common.concur.resource.OResourcePool.getResource(OResourcePool.java:91)
	at com.orientechnologies.common.concur.resource.OReentrantResourcePool.getResource(OReentrantResourcePool.java:67)
	at com.orientechnologies.orient.core.db.ODatabasePoolAbstract.acquire(ODatabasePoolAbstract.java:158)
	at com.orientechnologies.orient.core.db.ODatabasePoolAbstract.acquire(ODatabasePoolAbstract.java:138)
	at com.orientechnologies.orient.core.db.ODatabasePoolBase.acquire(ODatabasePoolBase.java:128)
	at org.apache.gora.orientdb.store.OrientDBStore.createSchema(OrientDBStore.java:205)
	at org.apache.gora.orientdb.store.OrientDBStore_Test.createEmployeeDataStore(OrientDBStore_Test.java:129)
	at org.apache.gora.store.DataStoreTestBase.setUp(DataStoreTestBase.java:96)
	at sun.reflect.NativeMethodAccessorImpl.invoke0(Native Method)
	at sun.reflect.NativeMethodAccessorImpl.invoke(NativeMethodAccessorImpl.java:57)
	at sun.reflect.DelegatingMethodAccessorImpl.invoke(DelegatingMethodAccessorImpl.java:43)
	at java.lang.reflect.Method.invoke(Method.java:601)
	at org.junit.runners.model.FrameworkMethod$1.runReflectiveCall(FrameworkMethod.java:45)
	at org.junit.internal.runners.model.ReflectiveCallable.run(ReflectiveCallable.java:15)
	at org.junit.runners.model.FrameworkMethod.invokeExplosively(FrameworkMethod.java:42)
	at org.junit.internal.runners.statements.RunBefores.evaluate(RunBefores.java:27)
	at org.junit.internal.runners.statements.RunAfters.evaluate(RunAfters.java:30)
	at org.junit.runners.ParentRunner.runLeaf(ParentRunner.java:263)
	at org.junit.runners.BlockJUnit4ClassRunner.runChild(BlockJUnit4ClassRunner.java:68)
	at org.junit.runners.BlockJUnit4ClassRunner.runChild(BlockJUnit4ClassRunner.java:47)
	at org.junit.runners.ParentRunner$3.run(ParentRunner.java:231)
	at org.junit.runners.ParentRunner$1.schedule(ParentRunner.java:60)
	at org.junit.runners.ParentRunner.runChildren(ParentRunner.java:229)
	at org.junit.runners.ParentRunner.access$000(ParentRunner.java:50)
	at org.junit.runners.ParentRunner$2.evaluate(ParentRunner.java:222)
	at org.junit.internal.runners.statements.RunBefores.evaluate(RunBefores.java:28)
	at org.junit.internal.runners.statements.RunAfters.evaluate(RunAfters.java:30)
	at org.junit.runners.ParentRunner.run(ParentRunner.java:300)
	at org.apache.maven.surefire.junit4.JUnit4Provider.execute(JUnit4Provider.java:236)
	at org.apache.maven.surefire.junit4.JUnit4Provider.executeTestSet(JUnit4Provider.java:134)
	at org.apache.maven.surefire.junit4.JUnit4Provider.invoke(JUnit4Provider.java:113)
	at sun.reflect.NativeMethodAccessorImpl.invoke0(Native Method)
	at sun.reflect.NativeMethodAccessorImpl.invoke(NativeMethodAccessorImpl.java:57)
	at sun.reflect.DelegatingMethodAccessorImpl.invoke(DelegatingMethodAccessorImpl.java:43)
	at java.lang.reflect.Method.invoke(Method.java:601)
	at org.apache.maven.surefire.util.ReflectionUtils.invokeMethodWithArray(ReflectionUtils.java:189)
	at org.apache.maven.surefire.booter.ProviderFactory$ProviderProxy.invoke(ProviderFactory.java:165)
	at org.apache.maven.surefire.booter.ProviderFactory.invokeProvider(ProviderFactory.java:85)
	at org.apache.maven.surefire.booter.ForkedBooter.runSuitesInProcess(ForkedBooter.java:103)
	at org.apache.maven.surefire.booter.ForkedBooter.main(ForkedBooter.java:74)
</error>
    <system-err>13077 [main] INFO org.apache.gora.store.DataStoreTestBase - setting up test
13077 [main] WARN org.apache.gora.orientdb.store.OrientDBStore - Unable to load the mapping from resource &apos;C:\Users\Nicolas\gora\gora-orientdb\src\test\resources\gora-orientdb-mapping.xml&apos; as it does not appear to exist! Trying local file.
13140 [main] INFO org.apache.gora.orientdb.store.OrientDBStore - Vertex name : Employee
14187 [main] ERROR org.apache.gora.orientdb.store.OrientDBStore - Generic error while initializingCannot create a connection to remote server address(es): [127.0.0.1:2424]
com.orientechnologies.orient.core.exception.OStorageException: Cannot create a connection to remote server address(es): [127.0.0.1:2424]
	at org.apache.gora.orientdb.store.OrientDBStore.initialize(OrientDBStore.java:187)
	at org.apache.gora.orientdb.store.OrientDBStore_Test.createEmployeeDataStore(OrientDBStore_Test.java:128)
	at org.apache.gora.store.DataStoreTestBase.setUp(DataStoreTestBase.java:96)
	at sun.reflect.NativeMethodAccessorImpl.invoke0(Native Method)
	at sun.reflect.NativeMethodAccessorImpl.invoke(NativeMethodAccessorImpl.java:57)
	at sun.reflect.DelegatingMethodAccessorImpl.invoke(DelegatingMethodAccessorImpl.java:43)
	at java.lang.reflect.Method.invoke(Method.java:601)
	at org.junit.runners.model.FrameworkMethod$1.runReflectiveCall(FrameworkMethod.java:45)
	at org.junit.internal.runners.model.ReflectiveCallable.run(ReflectiveCallable.java:15)
	at org.junit.runners.model.FrameworkMethod.invokeExplosively(FrameworkMethod.java:42)
	at org.junit.internal.runners.statements.RunBefores.evaluate(RunBefores.java:27)
	at org.junit.internal.runners.statements.RunAfters.evaluate(RunAfters.java:30)
	at org.junit.runners.ParentRunner.runLeaf(ParentRunner.java:263)
	at org.junit.runners.BlockJUnit4ClassRunner.runChild(BlockJUnit4ClassRunner.java:68)
	at org.junit.runners.BlockJUnit4ClassRunner.runChild(BlockJUnit4ClassRunner.java:47)
	at org.junit.runners.ParentRunner$3.run(ParentRunner.java:231)
	at org.junit.runners.ParentRunner$1.schedule(ParentRunner.java:60)
	at org.junit.runners.ParentRunner.runChildren(ParentRunner.java:229)
	at org.junit.runners.ParentRunner.access$000(ParentRunner.java:50)
	at org.junit.runners.ParentRunner$2.evaluate(ParentRunner.java:222)
	at org.junit.internal.runners.statements.RunBefores.evaluate(RunBefores.java:28)
	at org.junit.internal.runners.statements.RunAfters.evaluate(RunAfters.java:30)
	at org.junit.runners.ParentRunner.run(ParentRunner.java:300)
	at org.apache.maven.surefire.junit4.JUnit4Provider.execute(JUnit4Provider.java:236)
	at org.apache.maven.surefire.junit4.JUnit4Provider.executeTestSet(JUnit4Provider.java:134)
	at org.apache.maven.surefire.junit4.JUnit4Provider.invoke(JUnit4Provider.java:113)
	at sun.reflect.NativeMethodAccessorImpl.invoke0(Native Method)
	at sun.reflect.NativeMethodAccessorImpl.invoke(NativeMethodAccessorImpl.java:57)
	at sun.reflect.DelegatingMethodAccessorImpl.invoke(DelegatingMethodAccessorImpl.java:43)
	at java.lang.reflect.Method.invoke(Method.java:601)
	at org.apache.maven.surefire.util.ReflectionUtils.invokeMethodWithArray(ReflectionUtils.java:189)
	at org.apache.maven.surefire.booter.ProviderFactory$ProviderProxy.invoke(ProviderFactory.java:165)
	at org.apache.maven.surefire.booter.ProviderFactory.invokeProvider(ProviderFactory.java:85)
	at org.apache.maven.surefire.booter.ForkedBooter.runSuitesInProcess(ForkedBooter.java:103)
	at org.apache.maven.surefire.booter.ForkedBooter.main(ForkedBooter.java:74)
15202 [main] INFO org.apache.gora.store.DataStoreTestBase - tearing down test
</system-err>
  </testcase>
  <testcase time="2.125" classname="org.apache.gora.orientdb.store.OrientDBStore_Test" name="testGetNested">
    <error message="Cannot create a connection to remote server address(es): [127.0.0.1:2424]" type="com.orientechnologies.orient.core.exception.OStorageException">com.orientechnologies.orient.core.exception.OStorageException: Cannot create a connection to remote server address(es): [127.0.0.1:2424]
	at com.orientechnologies.orient.client.remote.OStorageRemote.openRemoteDatabase(OStorageRemote.java:1675)
	at com.orientechnologies.orient.client.remote.OStorageRemote.open(OStorageRemote.java:212)
	at com.orientechnologies.orient.client.remote.OStorageRemoteThread.open(OStorageRemoteThread.java:87)
	at com.orientechnologies.orient.core.db.document.ODatabaseDocumentTx.open(ODatabaseDocumentTx.java:244)
	at com.orientechnologies.orient.core.db.document.ODatabaseDocumentTxPooled.&lt;init&gt;(ODatabaseDocumentTxPooled.java:49)
	at com.orientechnologies.orient.core.db.document.ODatabaseDocumentPool.createResource(ODatabaseDocumentPool.java:53)
	at com.orientechnologies.orient.core.db.document.ODatabaseDocumentPool.createResource(ODatabaseDocumentPool.java:28)
	at com.orientechnologies.orient.core.db.ODatabasePoolBase$1.createNewResource(ODatabasePoolBase.java:81)
	at com.orientechnologies.orient.core.db.ODatabasePoolBase$1.createNewResource(ODatabasePoolBase.java:70)
	at com.orientechnologies.common.concur.resource.OResourcePool.getResource(OResourcePool.java:91)
	at com.orientechnologies.common.concur.resource.OReentrantResourcePool.getResource(OReentrantResourcePool.java:67)
	at com.orientechnologies.orient.core.db.ODatabasePoolAbstract.acquire(ODatabasePoolAbstract.java:158)
	at com.orientechnologies.orient.core.db.ODatabasePoolAbstract.acquire(ODatabasePoolAbstract.java:138)
	at com.orientechnologies.orient.core.db.ODatabasePoolBase.acquire(ODatabasePoolBase.java:128)
	at org.apache.gora.orientdb.store.OrientDBStore.createSchema(OrientDBStore.java:205)
	at org.apache.gora.orientdb.store.OrientDBStore_Test.createEmployeeDataStore(OrientDBStore_Test.java:129)
	at org.apache.gora.store.DataStoreTestBase.setUp(DataStoreTestBase.java:96)
	at sun.reflect.NativeMethodAccessorImpl.invoke0(Native Method)
	at sun.reflect.NativeMethodAccessorImpl.invoke(NativeMethodAccessorImpl.java:57)
	at sun.reflect.DelegatingMethodAccessorImpl.invoke(DelegatingMethodAccessorImpl.java:43)
	at java.lang.reflect.Method.invoke(Method.java:601)
	at org.junit.runners.model.FrameworkMethod$1.runReflectiveCall(FrameworkMethod.java:45)
	at org.junit.internal.runners.model.ReflectiveCallable.run(ReflectiveCallable.java:15)
	at org.junit.runners.model.FrameworkMethod.invokeExplosively(FrameworkMethod.java:42)
	at org.junit.internal.runners.statements.RunBefores.evaluate(RunBefores.java:27)
	at org.junit.internal.runners.statements.RunAfters.evaluate(RunAfters.java:30)
	at org.junit.runners.ParentRunner.runLeaf(ParentRunner.java:263)
	at org.junit.runners.BlockJUnit4ClassRunner.runChild(BlockJUnit4ClassRunner.java:68)
	at org.junit.runners.BlockJUnit4ClassRunner.runChild(BlockJUnit4ClassRunner.java:47)
	at org.junit.runners.ParentRunner$3.run(ParentRunner.java:231)
	at org.junit.runners.ParentRunner$1.schedule(ParentRunner.java:60)
	at org.junit.runners.ParentRunner.runChildren(ParentRunner.java:229)
	at org.junit.runners.ParentRunner.access$000(ParentRunner.java:50)
	at org.junit.runners.ParentRunner$2.evaluate(ParentRunner.java:222)
	at org.junit.internal.runners.statements.RunBefores.evaluate(RunBefores.java:28)
	at org.junit.internal.runners.statements.RunAfters.evaluate(RunAfters.java:30)
	at org.junit.runners.ParentRunner.run(ParentRunner.java:300)
	at org.apache.maven.surefire.junit4.JUnit4Provider.execute(JUnit4Provider.java:236)
	at org.apache.maven.surefire.junit4.JUnit4Provider.executeTestSet(JUnit4Provider.java:134)
	at org.apache.maven.surefire.junit4.JUnit4Provider.invoke(JUnit4Provider.java:113)
	at sun.reflect.NativeMethodAccessorImpl.invoke0(Native Method)
	at sun.reflect.NativeMethodAccessorImpl.invoke(NativeMethodAccessorImpl.java:57)
	at sun.reflect.DelegatingMethodAccessorImpl.invoke(DelegatingMethodAccessorImpl.java:43)
	at java.lang.reflect.Method.invoke(Method.java:601)
	at org.apache.maven.surefire.util.ReflectionUtils.invokeMethodWithArray(ReflectionUtils.java:189)
	at org.apache.maven.surefire.booter.ProviderFactory$ProviderProxy.invoke(ProviderFactory.java:165)
	at org.apache.maven.surefire.booter.ProviderFactory.invokeProvider(ProviderFactory.java:85)
	at org.apache.maven.surefire.booter.ForkedBooter.runSuitesInProcess(ForkedBooter.java:103)
	at org.apache.maven.surefire.booter.ForkedBooter.main(ForkedBooter.java:74)
</error>
    <system-err>15202 [main] INFO org.apache.gora.store.DataStoreTestBase - setting up test
15202 [main] WARN org.apache.gora.orientdb.store.OrientDBStore - Unable to load the mapping from resource &apos;C:\Users\Nicolas\gora\gora-orientdb\src\test\resources\gora-orientdb-mapping.xml&apos; as it does not appear to exist! Trying local file.
15265 [main] INFO org.apache.gora.orientdb.store.OrientDBStore - Vertex name : Employee
16281 [main] ERROR org.apache.gora.orientdb.store.OrientDBStore - Generic error while initializingCannot create a connection to remote server address(es): [127.0.0.1:2424]
com.orientechnologies.orient.core.exception.OStorageException: Cannot create a connection to remote server address(es): [127.0.0.1:2424]
	at org.apache.gora.orientdb.store.OrientDBStore.initialize(OrientDBStore.java:187)
	at org.apache.gora.orientdb.store.OrientDBStore_Test.createEmployeeDataStore(OrientDBStore_Test.java:128)
	at org.apache.gora.store.DataStoreTestBase.setUp(DataStoreTestBase.java:96)
	at sun.reflect.NativeMethodAccessorImpl.invoke0(Native Method)
	at sun.reflect.NativeMethodAccessorImpl.invoke(NativeMethodAccessorImpl.java:57)
	at sun.reflect.DelegatingMethodAccessorImpl.invoke(DelegatingMethodAccessorImpl.java:43)
	at java.lang.reflect.Method.invoke(Method.java:601)
	at org.junit.runners.model.FrameworkMethod$1.runReflectiveCall(FrameworkMethod.java:45)
	at org.junit.internal.runners.model.ReflectiveCallable.run(ReflectiveCallable.java:15)
	at org.junit.runners.model.FrameworkMethod.invokeExplosively(FrameworkMethod.java:42)
	at org.junit.internal.runners.statements.RunBefores.evaluate(RunBefores.java:27)
	at org.junit.internal.runners.statements.RunAfters.evaluate(RunAfters.java:30)
	at org.junit.runners.ParentRunner.runLeaf(ParentRunner.java:263)
	at org.junit.runners.BlockJUnit4ClassRunner.runChild(BlockJUnit4ClassRunner.java:68)
	at org.junit.runners.BlockJUnit4ClassRunner.runChild(BlockJUnit4ClassRunner.java:47)
	at org.junit.runners.ParentRunner$3.run(ParentRunner.java:231)
	at org.junit.runners.ParentRunner$1.schedule(ParentRunner.java:60)
	at org.junit.runners.ParentRunner.runChildren(ParentRunner.java:229)
	at org.junit.runners.ParentRunner.access$000(ParentRunner.java:50)
	at org.junit.runners.ParentRunner$2.evaluate(ParentRunner.java:222)
	at org.junit.internal.runners.statements.RunBefores.evaluate(RunBefores.java:28)
	at org.junit.internal.runners.statements.RunAfters.evaluate(RunAfters.java:30)
	at org.junit.runners.ParentRunner.run(ParentRunner.java:300)
	at org.apache.maven.surefire.junit4.JUnit4Provider.execute(JUnit4Provider.java:236)
	at org.apache.maven.surefire.junit4.JUnit4Provider.executeTestSet(JUnit4Provider.java:134)
	at org.apache.maven.surefire.junit4.JUnit4Provider.invoke(JUnit4Provider.java:113)
	at sun.reflect.NativeMethodAccessorImpl.invoke0(Native Method)
	at sun.reflect.NativeMethodAccessorImpl.invoke(NativeMethodAccessorImpl.java:57)
	at sun.reflect.DelegatingMethodAccessorImpl.invoke(DelegatingMethodAccessorImpl.java:43)
	at java.lang.reflect.Method.invoke(Method.java:601)
	at org.apache.maven.surefire.util.ReflectionUtils.invokeMethodWithArray(ReflectionUtils.java:189)
	at org.apache.maven.surefire.booter.ProviderFactory$ProviderProxy.invoke(ProviderFactory.java:165)
	at org.apache.maven.surefire.booter.ProviderFactory.invokeProvider(ProviderFactory.java:85)
	at org.apache.maven.surefire.booter.ForkedBooter.runSuitesInProcess(ForkedBooter.java:103)
	at org.apache.maven.surefire.booter.ForkedBooter.main(ForkedBooter.java:74)
17327 [main] INFO org.apache.gora.store.DataStoreTestBase - tearing down test
</system-err>
  </testcase>
  <testcase time="2.122" classname="org.apache.gora.orientdb.store.OrientDBStore_Test" name="testQueryEndKey">
    <error message="Cannot create a connection to remote server address(es): [127.0.0.1:2424]" type="com.orientechnologies.orient.core.exception.OStorageException">com.orientechnologies.orient.core.exception.OStorageException: Cannot create a connection to remote server address(es): [127.0.0.1:2424]
	at com.orientechnologies.orient.client.remote.OStorageRemote.openRemoteDatabase(OStorageRemote.java:1675)
	at com.orientechnologies.orient.client.remote.OStorageRemote.open(OStorageRemote.java:212)
	at com.orientechnologies.orient.client.remote.OStorageRemoteThread.open(OStorageRemoteThread.java:87)
	at com.orientechnologies.orient.core.db.document.ODatabaseDocumentTx.open(ODatabaseDocumentTx.java:244)
	at com.orientechnologies.orient.core.db.document.ODatabaseDocumentTxPooled.&lt;init&gt;(ODatabaseDocumentTxPooled.java:49)
	at com.orientechnologies.orient.core.db.document.ODatabaseDocumentPool.createResource(ODatabaseDocumentPool.java:53)
	at com.orientechnologies.orient.core.db.document.ODatabaseDocumentPool.createResource(ODatabaseDocumentPool.java:28)
	at com.orientechnologies.orient.core.db.ODatabasePoolBase$1.createNewResource(ODatabasePoolBase.java:81)
	at com.orientechnologies.orient.core.db.ODatabasePoolBase$1.createNewResource(ODatabasePoolBase.java:70)
	at com.orientechnologies.common.concur.resource.OResourcePool.getResource(OResourcePool.java:91)
	at com.orientechnologies.common.concur.resource.OReentrantResourcePool.getResource(OReentrantResourcePool.java:67)
	at com.orientechnologies.orient.core.db.ODatabasePoolAbstract.acquire(ODatabasePoolAbstract.java:158)
	at com.orientechnologies.orient.core.db.ODatabasePoolAbstract.acquire(ODatabasePoolAbstract.java:138)
	at com.orientechnologies.orient.core.db.ODatabasePoolBase.acquire(ODatabasePoolBase.java:128)
	at org.apache.gora.orientdb.store.OrientDBStore.createSchema(OrientDBStore.java:205)
	at org.apache.gora.orientdb.store.OrientDBStore_Test.createEmployeeDataStore(OrientDBStore_Test.java:129)
	at org.apache.gora.store.DataStoreTestBase.setUp(DataStoreTestBase.java:96)
	at sun.reflect.NativeMethodAccessorImpl.invoke0(Native Method)
	at sun.reflect.NativeMethodAccessorImpl.invoke(NativeMethodAccessorImpl.java:57)
	at sun.reflect.DelegatingMethodAccessorImpl.invoke(DelegatingMethodAccessorImpl.java:43)
	at java.lang.reflect.Method.invoke(Method.java:601)
	at org.junit.runners.model.FrameworkMethod$1.runReflectiveCall(FrameworkMethod.java:45)
	at org.junit.internal.runners.model.ReflectiveCallable.run(ReflectiveCallable.java:15)
	at org.junit.runners.model.FrameworkMethod.invokeExplosively(FrameworkMethod.java:42)
	at org.junit.internal.runners.statements.RunBefores.evaluate(RunBefores.java:27)
	at org.junit.internal.runners.statements.RunAfters.evaluate(RunAfters.java:30)
	at org.junit.runners.ParentRunner.runLeaf(ParentRunner.java:263)
	at org.junit.runners.BlockJUnit4ClassRunner.runChild(BlockJUnit4ClassRunner.java:68)
	at org.junit.runners.BlockJUnit4ClassRunner.runChild(BlockJUnit4ClassRunner.java:47)
	at org.junit.runners.ParentRunner$3.run(ParentRunner.java:231)
	at org.junit.runners.ParentRunner$1.schedule(ParentRunner.java:60)
	at org.junit.runners.ParentRunner.runChildren(ParentRunner.java:229)
	at org.junit.runners.ParentRunner.access$000(ParentRunner.java:50)
	at org.junit.runners.ParentRunner$2.evaluate(ParentRunner.java:222)
	at org.junit.internal.runners.statements.RunBefores.evaluate(RunBefores.java:28)
	at org.junit.internal.runners.statements.RunAfters.evaluate(RunAfters.java:30)
	at org.junit.runners.ParentRunner.run(ParentRunner.java:300)
	at org.apache.maven.surefire.junit4.JUnit4Provider.execute(JUnit4Provider.java:236)
	at org.apache.maven.surefire.junit4.JUnit4Provider.executeTestSet(JUnit4Provider.java:134)
	at org.apache.maven.surefire.junit4.JUnit4Provider.invoke(JUnit4Provider.java:113)
	at sun.reflect.NativeMethodAccessorImpl.invoke0(Native Method)
	at sun.reflect.NativeMethodAccessorImpl.invoke(NativeMethodAccessorImpl.java:57)
	at sun.reflect.DelegatingMethodAccessorImpl.invoke(DelegatingMethodAccessorImpl.java:43)
	at java.lang.reflect.Method.invoke(Method.java:601)
	at org.apache.maven.surefire.util.ReflectionUtils.invokeMethodWithArray(ReflectionUtils.java:189)
	at org.apache.maven.surefire.booter.ProviderFactory$ProviderProxy.invoke(ProviderFactory.java:165)
	at org.apache.maven.surefire.booter.ProviderFactory.invokeProvider(ProviderFactory.java:85)
	at org.apache.maven.surefire.booter.ForkedBooter.runSuitesInProcess(ForkedBooter.java:103)
	at org.apache.maven.surefire.booter.ForkedBooter.main(ForkedBooter.java:74)
</error>
    <system-err>17327 [main] INFO org.apache.gora.store.DataStoreTestBase - setting up test
17327 [main] WARN org.apache.gora.orientdb.store.OrientDBStore - Unable to load the mapping from resource &apos;C:\Users\Nicolas\gora\gora-orientdb\src\test\resources\gora-orientdb-mapping.xml&apos; as it does not appear to exist! Trying local file.
17390 [main] INFO org.apache.gora.orientdb.store.OrientDBStore - Vertex name : Employee
18433 [main] ERROR org.apache.gora.orientdb.store.OrientDBStore - Generic error while initializingCannot create a connection to remote server address(es): [127.0.0.1:2424]
com.orientechnologies.orient.core.exception.OStorageException: Cannot create a connection to remote server address(es): [127.0.0.1:2424]
	at org.apache.gora.orientdb.store.OrientDBStore.initialize(OrientDBStore.java:187)
	at org.apache.gora.orientdb.store.OrientDBStore_Test.createEmployeeDataStore(OrientDBStore_Test.java:128)
	at org.apache.gora.store.DataStoreTestBase.setUp(DataStoreTestBase.java:96)
	at sun.reflect.NativeMethodAccessorImpl.invoke0(Native Method)
	at sun.reflect.NativeMethodAccessorImpl.invoke(NativeMethodAccessorImpl.java:57)
	at sun.reflect.DelegatingMethodAccessorImpl.invoke(DelegatingMethodAccessorImpl.java:43)
	at java.lang.reflect.Method.invoke(Method.java:601)
	at org.junit.runners.model.FrameworkMethod$1.runReflectiveCall(FrameworkMethod.java:45)
	at org.junit.internal.runners.model.ReflectiveCallable.run(ReflectiveCallable.java:15)
	at org.junit.runners.model.FrameworkMethod.invokeExplosively(FrameworkMethod.java:42)
	at org.junit.internal.runners.statements.RunBefores.evaluate(RunBefores.java:27)
	at org.junit.internal.runners.statements.RunAfters.evaluate(RunAfters.java:30)
	at org.junit.runners.ParentRunner.runLeaf(ParentRunner.java:263)
	at org.junit.runners.BlockJUnit4ClassRunner.runChild(BlockJUnit4ClassRunner.java:68)
	at org.junit.runners.BlockJUnit4ClassRunner.runChild(BlockJUnit4ClassRunner.java:47)
	at org.junit.runners.ParentRunner$3.run(ParentRunner.java:231)
	at org.junit.runners.ParentRunner$1.schedule(ParentRunner.java:60)
	at org.junit.runners.ParentRunner.runChildren(ParentRunner.java:229)
	at org.junit.runners.ParentRunner.access$000(ParentRunner.java:50)
	at org.junit.runners.ParentRunner$2.evaluate(ParentRunner.java:222)
	at org.junit.internal.runners.statements.RunBefores.evaluate(RunBefores.java:28)
	at org.junit.internal.runners.statements.RunAfters.evaluate(RunAfters.java:30)
	at org.junit.runners.ParentRunner.run(ParentRunner.java:300)
	at org.apache.maven.surefire.junit4.JUnit4Provider.execute(JUnit4Provider.java:236)
	at org.apache.maven.surefire.junit4.JUnit4Provider.executeTestSet(JUnit4Provider.java:134)
	at org.apache.maven.surefire.junit4.JUnit4Provider.invoke(JUnit4Provider.java:113)
	at sun.reflect.NativeMethodAccessorImpl.invoke0(Native Method)
	at sun.reflect.NativeMethodAccessorImpl.invoke(NativeMethodAccessorImpl.java:57)
	at sun.reflect.DelegatingMethodAccessorImpl.invoke(DelegatingMethodAccessorImpl.java:43)
	at java.lang.reflect.Method.invoke(Method.java:601)
	at org.apache.maven.surefire.util.ReflectionUtils.invokeMethodWithArray(ReflectionUtils.java:189)
	at org.apache.maven.surefire.booter.ProviderFactory$ProviderProxy.invoke(ProviderFactory.java:165)
	at org.apache.maven.surefire.booter.ProviderFactory.invokeProvider(ProviderFactory.java:85)
	at org.apache.maven.surefire.booter.ForkedBooter.runSuitesInProcess(ForkedBooter.java:103)
	at org.apache.maven.surefire.booter.ForkedBooter.main(ForkedBooter.java:74)
19449 [main] INFO org.apache.gora.store.DataStoreTestBase - tearing down test
</system-err>
  </testcase>
  <testcase time="2.109" classname="org.apache.gora.orientdb.store.OrientDBStore_Test" name="testGetRecursive">
    <error message="Cannot create a connection to remote server address(es): [127.0.0.1:2424]" type="com.orientechnologies.orient.core.exception.OStorageException">com.orientechnologies.orient.core.exception.OStorageException: Cannot create a connection to remote server address(es): [127.0.0.1:2424]
	at com.orientechnologies.orient.client.remote.OStorageRemote.openRemoteDatabase(OStorageRemote.java:1675)
	at com.orientechnologies.orient.client.remote.OStorageRemote.open(OStorageRemote.java:212)
	at com.orientechnologies.orient.client.remote.OStorageRemoteThread.open(OStorageRemoteThread.java:87)
	at com.orientechnologies.orient.core.db.document.ODatabaseDocumentTx.open(ODatabaseDocumentTx.java:244)
	at com.orientechnologies.orient.core.db.document.ODatabaseDocumentTxPooled.&lt;init&gt;(ODatabaseDocumentTxPooled.java:49)
	at com.orientechnologies.orient.core.db.document.ODatabaseDocumentPool.createResource(ODatabaseDocumentPool.java:53)
	at com.orientechnologies.orient.core.db.document.ODatabaseDocumentPool.createResource(ODatabaseDocumentPool.java:28)
	at com.orientechnologies.orient.core.db.ODatabasePoolBase$1.createNewResource(ODatabasePoolBase.java:81)
	at com.orientechnologies.orient.core.db.ODatabasePoolBase$1.createNewResource(ODatabasePoolBase.java:70)
	at com.orientechnologies.common.concur.resource.OResourcePool.getResource(OResourcePool.java:91)
	at com.orientechnologies.common.concur.resource.OReentrantResourcePool.getResource(OReentrantResourcePool.java:67)
	at com.orientechnologies.orient.core.db.ODatabasePoolAbstract.acquire(ODatabasePoolAbstract.java:158)
	at com.orientechnologies.orient.core.db.ODatabasePoolAbstract.acquire(ODatabasePoolAbstract.java:138)
	at com.orientechnologies.orient.core.db.ODatabasePoolBase.acquire(ODatabasePoolBase.java:128)
	at org.apache.gora.orientdb.store.OrientDBStore.createSchema(OrientDBStore.java:205)
	at org.apache.gora.orientdb.store.OrientDBStore_Test.createEmployeeDataStore(OrientDBStore_Test.java:129)
	at org.apache.gora.store.DataStoreTestBase.setUp(DataStoreTestBase.java:96)
	at sun.reflect.NativeMethodAccessorImpl.invoke0(Native Method)
	at sun.reflect.NativeMethodAccessorImpl.invoke(NativeMethodAccessorImpl.java:57)
	at sun.reflect.DelegatingMethodAccessorImpl.invoke(DelegatingMethodAccessorImpl.java:43)
	at java.lang.reflect.Method.invoke(Method.java:601)
	at org.junit.runners.model.FrameworkMethod$1.runReflectiveCall(FrameworkMethod.java:45)
	at org.junit.internal.runners.model.ReflectiveCallable.run(ReflectiveCallable.java:15)
	at org.junit.runners.model.FrameworkMethod.invokeExplosively(FrameworkMethod.java:42)
	at org.junit.internal.runners.statements.RunBefores.evaluate(RunBefores.java:27)
	at org.junit.internal.runners.statements.RunAfters.evaluate(RunAfters.java:30)
	at org.junit.runners.ParentRunner.runLeaf(ParentRunner.java:263)
	at org.junit.runners.BlockJUnit4ClassRunner.runChild(BlockJUnit4ClassRunner.java:68)
	at org.junit.runners.BlockJUnit4ClassRunner.runChild(BlockJUnit4ClassRunner.java:47)
	at org.junit.runners.ParentRunner$3.run(ParentRunner.java:231)
	at org.junit.runners.ParentRunner$1.schedule(ParentRunner.java:60)
	at org.junit.runners.ParentRunner.runChildren(ParentRunner.java:229)
	at org.junit.runners.ParentRunner.access$000(ParentRunner.java:50)
	at org.junit.runners.ParentRunner$2.evaluate(ParentRunner.java:222)
	at org.junit.internal.runners.statements.RunBefores.evaluate(RunBefores.java:28)
	at org.junit.internal.runners.statements.RunAfters.evaluate(RunAfters.java:30)
	at org.junit.runners.ParentRunner.run(ParentRunner.java:300)
	at org.apache.maven.surefire.junit4.JUnit4Provider.execute(JUnit4Provider.java:236)
	at org.apache.maven.surefire.junit4.JUnit4Provider.executeTestSet(JUnit4Provider.java:134)
	at org.apache.maven.surefire.junit4.JUnit4Provider.invoke(JUnit4Provider.java:113)
	at sun.reflect.NativeMethodAccessorImpl.invoke0(Native Method)
	at sun.reflect.NativeMethodAccessorImpl.invoke(NativeMethodAccessorImpl.java:57)
	at sun.reflect.DelegatingMethodAccessorImpl.invoke(DelegatingMethodAccessorImpl.java:43)
	at java.lang.reflect.Method.invoke(Method.java:601)
	at org.apache.maven.surefire.util.ReflectionUtils.invokeMethodWithArray(ReflectionUtils.java:189)
	at org.apache.maven.surefire.booter.ProviderFactory$ProviderProxy.invoke(ProviderFactory.java:165)
	at org.apache.maven.surefire.booter.ProviderFactory.invokeProvider(ProviderFactory.java:85)
	at org.apache.maven.surefire.booter.ForkedBooter.runSuitesInProcess(ForkedBooter.java:103)
	at org.apache.maven.surefire.booter.ForkedBooter.main(ForkedBooter.java:74)
</error>
    <system-err>19449 [main] INFO org.apache.gora.store.DataStoreTestBase - setting up test
19449 [main] WARN org.apache.gora.orientdb.store.OrientDBStore - Unable to load the mapping from resource &apos;C:\Users\Nicolas\gora\gora-orientdb\src\test\resources\gora-orientdb-mapping.xml&apos; as it does not appear to exist! Trying local file.
19511 [main] INFO org.apache.gora.orientdb.store.OrientDBStore - Vertex name : Employee
20543 [main] ERROR org.apache.gora.orientdb.store.OrientDBStore - Generic error while initializingCannot create a connection to remote server address(es): [127.0.0.1:2424]
com.orientechnologies.orient.core.exception.OStorageException: Cannot create a connection to remote server address(es): [127.0.0.1:2424]
	at org.apache.gora.orientdb.store.OrientDBStore.initialize(OrientDBStore.java:187)
	at org.apache.gora.orientdb.store.OrientDBStore_Test.createEmployeeDataStore(OrientDBStore_Test.java:128)
	at org.apache.gora.store.DataStoreTestBase.setUp(DataStoreTestBase.java:96)
	at sun.reflect.NativeMethodAccessorImpl.invoke0(Native Method)
	at sun.reflect.NativeMethodAccessorImpl.invoke(NativeMethodAccessorImpl.java:57)
	at sun.reflect.DelegatingMethodAccessorImpl.invoke(DelegatingMethodAccessorImpl.java:43)
	at java.lang.reflect.Method.invoke(Method.java:601)
	at org.junit.runners.model.FrameworkMethod$1.runReflectiveCall(FrameworkMethod.java:45)
	at org.junit.internal.runners.model.ReflectiveCallable.run(ReflectiveCallable.java:15)
	at org.junit.runners.model.FrameworkMethod.invokeExplosively(FrameworkMethod.java:42)
	at org.junit.internal.runners.statements.RunBefores.evaluate(RunBefores.java:27)
	at org.junit.internal.runners.statements.RunAfters.evaluate(RunAfters.java:30)
	at org.junit.runners.ParentRunner.runLeaf(ParentRunner.java:263)
	at org.junit.runners.BlockJUnit4ClassRunner.runChild(BlockJUnit4ClassRunner.java:68)
	at org.junit.runners.BlockJUnit4ClassRunner.runChild(BlockJUnit4ClassRunner.java:47)
	at org.junit.runners.ParentRunner$3.run(ParentRunner.java:231)
	at org.junit.runners.ParentRunner$1.schedule(ParentRunner.java:60)
	at org.junit.runners.ParentRunner.runChildren(ParentRunner.java:229)
	at org.junit.runners.ParentRunner.access$000(ParentRunner.java:50)
	at org.junit.runners.ParentRunner$2.evaluate(ParentRunner.java:222)
	at org.junit.internal.runners.statements.RunBefores.evaluate(RunBefores.java:28)
	at org.junit.internal.runners.statements.RunAfters.evaluate(RunAfters.java:30)
	at org.junit.runners.ParentRunner.run(ParentRunner.java:300)
	at org.apache.maven.surefire.junit4.JUnit4Provider.execute(JUnit4Provider.java:236)
	at org.apache.maven.surefire.junit4.JUnit4Provider.executeTestSet(JUnit4Provider.java:134)
	at org.apache.maven.surefire.junit4.JUnit4Provider.invoke(JUnit4Provider.java:113)
	at sun.reflect.NativeMethodAccessorImpl.invoke0(Native Method)
	at sun.reflect.NativeMethodAccessorImpl.invoke(NativeMethodAccessorImpl.java:57)
	at sun.reflect.DelegatingMethodAccessorImpl.invoke(DelegatingMethodAccessorImpl.java:43)
	at java.lang.reflect.Method.invoke(Method.java:601)
	at org.apache.maven.surefire.util.ReflectionUtils.invokeMethodWithArray(ReflectionUtils.java:189)
	at org.apache.maven.surefire.booter.ProviderFactory$ProviderProxy.invoke(ProviderFactory.java:165)
	at org.apache.maven.surefire.booter.ProviderFactory.invokeProvider(ProviderFactory.java:85)
	at org.apache.maven.surefire.booter.ForkedBooter.runSuitesInProcess(ForkedBooter.java:103)
	at org.apache.maven.surefire.booter.ForkedBooter.main(ForkedBooter.java:74)
21558 [main] INFO org.apache.gora.store.DataStoreTestBase - tearing down test
</system-err>
  </testcase>
  <testcase time="2.079" classname="org.apache.gora.orientdb.store.OrientDBStore_Test" name="testGetPartitions">
    <error message="Cannot create a connection to remote server address(es): [127.0.0.1:2424]" type="com.orientechnologies.orient.core.exception.OStorageException">com.orientechnologies.orient.core.exception.OStorageException: Cannot create a connection to remote server address(es): [127.0.0.1:2424]
	at com.orientechnologies.orient.client.remote.OStorageRemote.openRemoteDatabase(OStorageRemote.java:1675)
	at com.orientechnologies.orient.client.remote.OStorageRemote.open(OStorageRemote.java:212)
	at com.orientechnologies.orient.client.remote.OStorageRemoteThread.open(OStorageRemoteThread.java:87)
	at com.orientechnologies.orient.core.db.document.ODatabaseDocumentTx.open(ODatabaseDocumentTx.java:244)
	at com.orientechnologies.orient.core.db.document.ODatabaseDocumentTxPooled.&lt;init&gt;(ODatabaseDocumentTxPooled.java:49)
	at com.orientechnologies.orient.core.db.document.ODatabaseDocumentPool.createResource(ODatabaseDocumentPool.java:53)
	at com.orientechnologies.orient.core.db.document.ODatabaseDocumentPool.createResource(ODatabaseDocumentPool.java:28)
	at com.orientechnologies.orient.core.db.ODatabasePoolBase$1.createNewResource(ODatabasePoolBase.java:81)
	at com.orientechnologies.orient.core.db.ODatabasePoolBase$1.createNewResource(ODatabasePoolBase.java:70)
	at com.orientechnologies.common.concur.resource.OResourcePool.getResource(OResourcePool.java:91)
	at com.orientechnologies.common.concur.resource.OReentrantResourcePool.getResource(OReentrantResourcePool.java:67)
	at com.orientechnologies.orient.core.db.ODatabasePoolAbstract.acquire(ODatabasePoolAbstract.java:158)
	at com.orientechnologies.orient.core.db.ODatabasePoolAbstract.acquire(ODatabasePoolAbstract.java:138)
	at com.orientechnologies.orient.core.db.ODatabasePoolBase.acquire(ODatabasePoolBase.java:128)
	at org.apache.gora.orientdb.store.OrientDBStore.createSchema(OrientDBStore.java:205)
	at org.apache.gora.orientdb.store.OrientDBStore_Test.createEmployeeDataStore(OrientDBStore_Test.java:129)
	at org.apache.gora.store.DataStoreTestBase.setUp(DataStoreTestBase.java:96)
	at sun.reflect.NativeMethodAccessorImpl.invoke0(Native Method)
	at sun.reflect.NativeMethodAccessorImpl.invoke(NativeMethodAccessorImpl.java:57)
	at sun.reflect.DelegatingMethodAccessorImpl.invoke(DelegatingMethodAccessorImpl.java:43)
	at java.lang.reflect.Method.invoke(Method.java:601)
	at org.junit.runners.model.FrameworkMethod$1.runReflectiveCall(FrameworkMethod.java:45)
	at org.junit.internal.runners.model.ReflectiveCallable.run(ReflectiveCallable.java:15)
	at org.junit.runners.model.FrameworkMethod.invokeExplosively(FrameworkMethod.java:42)
	at org.junit.internal.runners.statements.RunBefores.evaluate(RunBefores.java:27)
	at org.junit.internal.runners.statements.RunAfters.evaluate(RunAfters.java:30)
	at org.junit.runners.ParentRunner.runLeaf(ParentRunner.java:263)
	at org.junit.runners.BlockJUnit4ClassRunner.runChild(BlockJUnit4ClassRunner.java:68)
	at org.junit.runners.BlockJUnit4ClassRunner.runChild(BlockJUnit4ClassRunner.java:47)
	at org.junit.runners.ParentRunner$3.run(ParentRunner.java:231)
	at org.junit.runners.ParentRunner$1.schedule(ParentRunner.java:60)
	at org.junit.runners.ParentRunner.runChildren(ParentRunner.java:229)
	at org.junit.runners.ParentRunner.access$000(ParentRunner.java:50)
	at org.junit.runners.ParentRunner$2.evaluate(ParentRunner.java:222)
	at org.junit.internal.runners.statements.RunBefores.evaluate(RunBefores.java:28)
	at org.junit.internal.runners.statements.RunAfters.evaluate(RunAfters.java:30)
	at org.junit.runners.ParentRunner.run(ParentRunner.java:300)
	at org.apache.maven.surefire.junit4.JUnit4Provider.execute(JUnit4Provider.java:236)
	at org.apache.maven.surefire.junit4.JUnit4Provider.executeTestSet(JUnit4Provider.java:134)
	at org.apache.maven.surefire.junit4.JUnit4Provider.invoke(JUnit4Provider.java:113)
	at sun.reflect.NativeMethodAccessorImpl.invoke0(Native Method)
	at sun.reflect.NativeMethodAccessorImpl.invoke(NativeMethodAccessorImpl.java:57)
	at sun.reflect.DelegatingMethodAccessorImpl.invoke(DelegatingMethodAccessorImpl.java:43)
	at java.lang.reflect.Method.invoke(Method.java:601)
	at org.apache.maven.surefire.util.ReflectionUtils.invokeMethodWithArray(ReflectionUtils.java:189)
	at org.apache.maven.surefire.booter.ProviderFactory$ProviderProxy.invoke(ProviderFactory.java:165)
	at org.apache.maven.surefire.booter.ProviderFactory.invokeProvider(ProviderFactory.java:85)
	at org.apache.maven.surefire.booter.ForkedBooter.runSuitesInProcess(ForkedBooter.java:103)
	at org.apache.maven.surefire.booter.ForkedBooter.main(ForkedBooter.java:74)
</error>
    <system-err>21558 [main] INFO org.apache.gora.store.DataStoreTestBase - setting up test
21558 [main] WARN org.apache.gora.orientdb.store.OrientDBStore - Unable to load the mapping from resource &apos;C:\Users\Nicolas\gora\gora-orientdb\src\test\resources\gora-orientdb-mapping.xml&apos; as it does not appear to exist! Trying local file.
21605 [main] INFO org.apache.gora.orientdb.store.OrientDBStore - Vertex name : Employee
22621 [main] ERROR org.apache.gora.orientdb.store.OrientDBStore - Generic error while initializingCannot create a connection to remote server address(es): [127.0.0.1:2424]
com.orientechnologies.orient.core.exception.OStorageException: Cannot create a connection to remote server address(es): [127.0.0.1:2424]
	at org.apache.gora.orientdb.store.OrientDBStore.initialize(OrientDBStore.java:187)
	at org.apache.gora.orientdb.store.OrientDBStore_Test.createEmployeeDataStore(OrientDBStore_Test.java:128)
	at org.apache.gora.store.DataStoreTestBase.setUp(DataStoreTestBase.java:96)
	at sun.reflect.NativeMethodAccessorImpl.invoke0(Native Method)
	at sun.reflect.NativeMethodAccessorImpl.invoke(NativeMethodAccessorImpl.java:57)
	at sun.reflect.DelegatingMethodAccessorImpl.invoke(DelegatingMethodAccessorImpl.java:43)
	at java.lang.reflect.Method.invoke(Method.java:601)
	at org.junit.runners.model.FrameworkMethod$1.runReflectiveCall(FrameworkMethod.java:45)
	at org.junit.internal.runners.model.ReflectiveCallable.run(ReflectiveCallable.java:15)
	at org.junit.runners.model.FrameworkMethod.invokeExplosively(FrameworkMethod.java:42)
	at org.junit.internal.runners.statements.RunBefores.evaluate(RunBefores.java:27)
	at org.junit.internal.runners.statements.RunAfters.evaluate(RunAfters.java:30)
	at org.junit.runners.ParentRunner.runLeaf(ParentRunner.java:263)
	at org.junit.runners.BlockJUnit4ClassRunner.runChild(BlockJUnit4ClassRunner.java:68)
	at org.junit.runners.BlockJUnit4ClassRunner.runChild(BlockJUnit4ClassRunner.java:47)
	at org.junit.runners.ParentRunner$3.run(ParentRunner.java:231)
	at org.junit.runners.ParentRunner$1.schedule(ParentRunner.java:60)
	at org.junit.runners.ParentRunner.runChildren(ParentRunner.java:229)
	at org.junit.runners.ParentRunner.access$000(ParentRunner.java:50)
	at org.junit.runners.ParentRunner$2.evaluate(ParentRunner.java:222)
	at org.junit.internal.runners.statements.RunBefores.evaluate(RunBefores.java:28)
	at org.junit.internal.runners.statements.RunAfters.evaluate(RunAfters.java:30)
	at org.junit.runners.ParentRunner.run(ParentRunner.java:300)
	at org.apache.maven.surefire.junit4.JUnit4Provider.execute(JUnit4Provider.java:236)
	at org.apache.maven.surefire.junit4.JUnit4Provider.executeTestSet(JUnit4Provider.java:134)
	at org.apache.maven.surefire.junit4.JUnit4Provider.invoke(JUnit4Provider.java:113)
	at sun.reflect.NativeMethodAccessorImpl.invoke0(Native Method)
	at sun.reflect.NativeMethodAccessorImpl.invoke(NativeMethodAccessorImpl.java:57)
	at sun.reflect.DelegatingMethodAccessorImpl.invoke(DelegatingMethodAccessorImpl.java:43)
	at java.lang.reflect.Method.invoke(Method.java:601)
	at org.apache.maven.surefire.util.ReflectionUtils.invokeMethodWithArray(ReflectionUtils.java:189)
	at org.apache.maven.surefire.booter.ProviderFactory$ProviderProxy.invoke(ProviderFactory.java:165)
	at org.apache.maven.surefire.booter.ProviderFactory.invokeProvider(ProviderFactory.java:85)
	at org.apache.maven.surefire.booter.ForkedBooter.runSuitesInProcess(ForkedBooter.java:103)
	at org.apache.maven.surefire.booter.ForkedBooter.main(ForkedBooter.java:74)
23637 [main] INFO org.apache.gora.store.DataStoreTestBase - tearing down test
</system-err>
  </testcase>
  <testcase time="2.078" classname="org.apache.gora.orientdb.store.OrientDBStore_Test" name="testQueryStartKey">
    <error message="Cannot create a connection to remote server address(es): [127.0.0.1:2424]" type="com.orientechnologies.orient.core.exception.OStorageException">com.orientechnologies.orient.core.exception.OStorageException: Cannot create a connection to remote server address(es): [127.0.0.1:2424]
	at com.orientechnologies.orient.client.remote.OStorageRemote.openRemoteDatabase(OStorageRemote.java:1675)
	at com.orientechnologies.orient.client.remote.OStorageRemote.open(OStorageRemote.java:212)
	at com.orientechnologies.orient.client.remote.OStorageRemoteThread.open(OStorageRemoteThread.java:87)
	at com.orientechnologies.orient.core.db.document.ODatabaseDocumentTx.open(ODatabaseDocumentTx.java:244)
	at com.orientechnologies.orient.core.db.document.ODatabaseDocumentTxPooled.&lt;init&gt;(ODatabaseDocumentTxPooled.java:49)
	at com.orientechnologies.orient.core.db.document.ODatabaseDocumentPool.createResource(ODatabaseDocumentPool.java:53)
	at com.orientechnologies.orient.core.db.document.ODatabaseDocumentPool.createResource(ODatabaseDocumentPool.java:28)
	at com.orientechnologies.orient.core.db.ODatabasePoolBase$1.createNewResource(ODatabasePoolBase.java:81)
	at com.orientechnologies.orient.core.db.ODatabasePoolBase$1.createNewResource(ODatabasePoolBase.java:70)
	at com.orientechnologies.common.concur.resource.OResourcePool.getResource(OResourcePool.java:91)
	at com.orientechnologies.common.concur.resource.OReentrantResourcePool.getResource(OReentrantResourcePool.java:67)
	at com.orientechnologies.orient.core.db.ODatabasePoolAbstract.acquire(ODatabasePoolAbstract.java:158)
	at com.orientechnologies.orient.core.db.ODatabasePoolAbstract.acquire(ODatabasePoolAbstract.java:138)
	at com.orientechnologies.orient.core.db.ODatabasePoolBase.acquire(ODatabasePoolBase.java:128)
	at org.apache.gora.orientdb.store.OrientDBStore.createSchema(OrientDBStore.java:205)
	at org.apache.gora.orientdb.store.OrientDBStore_Test.createEmployeeDataStore(OrientDBStore_Test.java:129)
	at org.apache.gora.store.DataStoreTestBase.setUp(DataStoreTestBase.java:96)
	at sun.reflect.NativeMethodAccessorImpl.invoke0(Native Method)
	at sun.reflect.NativeMethodAccessorImpl.invoke(NativeMethodAccessorImpl.java:57)
	at sun.reflect.DelegatingMethodAccessorImpl.invoke(DelegatingMethodAccessorImpl.java:43)
	at java.lang.reflect.Method.invoke(Method.java:601)
	at org.junit.runners.model.FrameworkMethod$1.runReflectiveCall(FrameworkMethod.java:45)
	at org.junit.internal.runners.model.ReflectiveCallable.run(ReflectiveCallable.java:15)
	at org.junit.runners.model.FrameworkMethod.invokeExplosively(FrameworkMethod.java:42)
	at org.junit.internal.runners.statements.RunBefores.evaluate(RunBefores.java:27)
	at org.junit.internal.runners.statements.RunAfters.evaluate(RunAfters.java:30)
	at org.junit.runners.ParentRunner.runLeaf(ParentRunner.java:263)
	at org.junit.runners.BlockJUnit4ClassRunner.runChild(BlockJUnit4ClassRunner.java:68)
	at org.junit.runners.BlockJUnit4ClassRunner.runChild(BlockJUnit4ClassRunner.java:47)
	at org.junit.runners.ParentRunner$3.run(ParentRunner.java:231)
	at org.junit.runners.ParentRunner$1.schedule(ParentRunner.java:60)
	at org.junit.runners.ParentRunner.runChildren(ParentRunner.java:229)
	at org.junit.runners.ParentRunner.access$000(ParentRunner.java:50)
	at org.junit.runners.ParentRunner$2.evaluate(ParentRunner.java:222)
	at org.junit.internal.runners.statements.RunBefores.evaluate(RunBefores.java:28)
	at org.junit.internal.runners.statements.RunAfters.evaluate(RunAfters.java:30)
	at org.junit.runners.ParentRunner.run(ParentRunner.java:300)
	at org.apache.maven.surefire.junit4.JUnit4Provider.execute(JUnit4Provider.java:236)
	at org.apache.maven.surefire.junit4.JUnit4Provider.executeTestSet(JUnit4Provider.java:134)
	at org.apache.maven.surefire.junit4.JUnit4Provider.invoke(JUnit4Provider.java:113)
	at sun.reflect.NativeMethodAccessorImpl.invoke0(Native Method)
	at sun.reflect.NativeMethodAccessorImpl.invoke(NativeMethodAccessorImpl.java:57)
	at sun.reflect.DelegatingMethodAccessorImpl.invoke(DelegatingMethodAccessorImpl.java:43)
	at java.lang.reflect.Method.invoke(Method.java:601)
	at org.apache.maven.surefire.util.ReflectionUtils.invokeMethodWithArray(ReflectionUtils.java:189)
	at org.apache.maven.surefire.booter.ProviderFactory$ProviderProxy.invoke(ProviderFactory.java:165)
	at org.apache.maven.surefire.booter.ProviderFactory.invokeProvider(ProviderFactory.java:85)
	at org.apache.maven.surefire.booter.ForkedBooter.runSuitesInProcess(ForkedBooter.java:103)
	at org.apache.maven.surefire.booter.ForkedBooter.main(ForkedBooter.java:74)
</error>
    <system-err>23637 [main] INFO org.apache.gora.store.DataStoreTestBase - setting up test
23637 [main] WARN org.apache.gora.orientdb.store.OrientDBStore - Unable to load the mapping from resource &apos;C:\Users\Nicolas\gora\gora-orientdb\src\test\resources\gora-orientdb-mapping.xml&apos; as it does not appear to exist! Trying local file.
23683 [main] INFO org.apache.gora.orientdb.store.OrientDBStore - Vertex name : Employee
24699 [main] ERROR org.apache.gora.orientdb.store.OrientDBStore - Generic error while initializingCannot create a connection to remote server address(es): [127.0.0.1:2424]
com.orientechnologies.orient.core.exception.OStorageException: Cannot create a connection to remote server address(es): [127.0.0.1:2424]
	at org.apache.gora.orientdb.store.OrientDBStore.initialize(OrientDBStore.java:187)
	at org.apache.gora.orientdb.store.OrientDBStore_Test.createEmployeeDataStore(OrientDBStore_Test.java:128)
	at org.apache.gora.store.DataStoreTestBase.setUp(DataStoreTestBase.java:96)
	at sun.reflect.NativeMethodAccessorImpl.invoke0(Native Method)
	at sun.reflect.NativeMethodAccessorImpl.invoke(NativeMethodAccessorImpl.java:57)
	at sun.reflect.DelegatingMethodAccessorImpl.invoke(DelegatingMethodAccessorImpl.java:43)
	at java.lang.reflect.Method.invoke(Method.java:601)
	at org.junit.runners.model.FrameworkMethod$1.runReflectiveCall(FrameworkMethod.java:45)
	at org.junit.internal.runners.model.ReflectiveCallable.run(ReflectiveCallable.java:15)
	at org.junit.runners.model.FrameworkMethod.invokeExplosively(FrameworkMethod.java:42)
	at org.junit.internal.runners.statements.RunBefores.evaluate(RunBefores.java:27)
	at org.junit.internal.runners.statements.RunAfters.evaluate(RunAfters.java:30)
	at org.junit.runners.ParentRunner.runLeaf(ParentRunner.java:263)
	at org.junit.runners.BlockJUnit4ClassRunner.runChild(BlockJUnit4ClassRunner.java:68)
	at org.junit.runners.BlockJUnit4ClassRunner.runChild(BlockJUnit4ClassRunner.java:47)
	at org.junit.runners.ParentRunner$3.run(ParentRunner.java:231)
	at org.junit.runners.ParentRunner$1.schedule(ParentRunner.java:60)
	at org.junit.runners.ParentRunner.runChildren(ParentRunner.java:229)
	at org.junit.runners.ParentRunner.access$000(ParentRunner.java:50)
	at org.junit.runners.ParentRunner$2.evaluate(ParentRunner.java:222)
	at org.junit.internal.runners.statements.RunBefores.evaluate(RunBefores.java:28)
	at org.junit.internal.runners.statements.RunAfters.evaluate(RunAfters.java:30)
	at org.junit.runners.ParentRunner.run(ParentRunner.java:300)
	at org.apache.maven.surefire.junit4.JUnit4Provider.execute(JUnit4Provider.java:236)
	at org.apache.maven.surefire.junit4.JUnit4Provider.executeTestSet(JUnit4Provider.java:134)
	at org.apache.maven.surefire.junit4.JUnit4Provider.invoke(JUnit4Provider.java:113)
	at sun.reflect.NativeMethodAccessorImpl.invoke0(Native Method)
	at sun.reflect.NativeMethodAccessorImpl.invoke(NativeMethodAccessorImpl.java:57)
	at sun.reflect.DelegatingMethodAccessorImpl.invoke(DelegatingMethodAccessorImpl.java:43)
	at java.lang.reflect.Method.invoke(Method.java:601)
	at org.apache.maven.surefire.util.ReflectionUtils.invokeMethodWithArray(ReflectionUtils.java:189)
	at org.apache.maven.surefire.booter.ProviderFactory$ProviderProxy.invoke(ProviderFactory.java:165)
	at org.apache.maven.surefire.booter.ProviderFactory.invokeProvider(ProviderFactory.java:85)
	at org.apache.maven.surefire.booter.ForkedBooter.runSuitesInProcess(ForkedBooter.java:103)
	at org.apache.maven.surefire.booter.ForkedBooter.main(ForkedBooter.java:74)
25715 [main] INFO org.apache.gora.store.DataStoreTestBase - tearing down test
</system-err>
  </testcase>
  <testcase time="2.094" classname="org.apache.gora.orientdb.store.OrientDBStore_Test" name="testCreateSchema">
    <error message="Cannot create a connection to remote server address(es): [127.0.0.1:2424]" type="com.orientechnologies.orient.core.exception.OStorageException">com.orientechnologies.orient.core.exception.OStorageException: Cannot create a connection to remote server address(es): [127.0.0.1:2424]
	at com.orientechnologies.orient.client.remote.OStorageRemote.openRemoteDatabase(OStorageRemote.java:1675)
	at com.orientechnologies.orient.client.remote.OStorageRemote.open(OStorageRemote.java:212)
	at com.orientechnologies.orient.client.remote.OStorageRemoteThread.open(OStorageRemoteThread.java:87)
	at com.orientechnologies.orient.core.db.document.ODatabaseDocumentTx.open(ODatabaseDocumentTx.java:244)
	at com.orientechnologies.orient.core.db.document.ODatabaseDocumentTxPooled.&lt;init&gt;(ODatabaseDocumentTxPooled.java:49)
	at com.orientechnologies.orient.core.db.document.ODatabaseDocumentPool.createResource(ODatabaseDocumentPool.java:53)
	at com.orientechnologies.orient.core.db.document.ODatabaseDocumentPool.createResource(ODatabaseDocumentPool.java:28)
	at com.orientechnologies.orient.core.db.ODatabasePoolBase$1.createNewResource(ODatabasePoolBase.java:81)
	at com.orientechnologies.orient.core.db.ODatabasePoolBase$1.createNewResource(ODatabasePoolBase.java:70)
	at com.orientechnologies.common.concur.resource.OResourcePool.getResource(OResourcePool.java:91)
	at com.orientechnologies.common.concur.resource.OReentrantResourcePool.getResource(OReentrantResourcePool.java:67)
	at com.orientechnologies.orient.core.db.ODatabasePoolAbstract.acquire(ODatabasePoolAbstract.java:158)
	at com.orientechnologies.orient.core.db.ODatabasePoolAbstract.acquire(ODatabasePoolAbstract.java:138)
	at com.orientechnologies.orient.core.db.ODatabasePoolBase.acquire(ODatabasePoolBase.java:128)
	at org.apache.gora.orientdb.store.OrientDBStore.createSchema(OrientDBStore.java:205)
	at org.apache.gora.orientdb.store.OrientDBStore_Test.createEmployeeDataStore(OrientDBStore_Test.java:129)
	at org.apache.gora.store.DataStoreTestBase.setUp(DataStoreTestBase.java:96)
	at sun.reflect.NativeMethodAccessorImpl.invoke0(Native Method)
	at sun.reflect.NativeMethodAccessorImpl.invoke(NativeMethodAccessorImpl.java:57)
	at sun.reflect.DelegatingMethodAccessorImpl.invoke(DelegatingMethodAccessorImpl.java:43)
	at java.lang.reflect.Method.invoke(Method.java:601)
	at org.junit.runners.model.FrameworkMethod$1.runReflectiveCall(FrameworkMethod.java:45)
	at org.junit.internal.runners.model.ReflectiveCallable.run(ReflectiveCallable.java:15)
	at org.junit.runners.model.FrameworkMethod.invokeExplosively(FrameworkMethod.java:42)
	at org.junit.internal.runners.statements.RunBefores.evaluate(RunBefores.java:27)
	at org.junit.internal.runners.statements.RunAfters.evaluate(RunAfters.java:30)
	at org.junit.runners.ParentRunner.runLeaf(ParentRunner.java:263)
	at org.junit.runners.BlockJUnit4ClassRunner.runChild(BlockJUnit4ClassRunner.java:68)
	at org.junit.runners.BlockJUnit4ClassRunner.runChild(BlockJUnit4ClassRunner.java:47)
	at org.junit.runners.ParentRunner$3.run(ParentRunner.java:231)
	at org.junit.runners.ParentRunner$1.schedule(ParentRunner.java:60)
	at org.junit.runners.ParentRunner.runChildren(ParentRunner.java:229)
	at org.junit.runners.ParentRunner.access$000(ParentRunner.java:50)
	at org.junit.runners.ParentRunner$2.evaluate(ParentRunner.java:222)
	at org.junit.internal.runners.statements.RunBefores.evaluate(RunBefores.java:28)
	at org.junit.internal.runners.statements.RunAfters.evaluate(RunAfters.java:30)
	at org.junit.runners.ParentRunner.run(ParentRunner.java:300)
	at org.apache.maven.surefire.junit4.JUnit4Provider.execute(JUnit4Provider.java:236)
	at org.apache.maven.surefire.junit4.JUnit4Provider.executeTestSet(JUnit4Provider.java:134)
	at org.apache.maven.surefire.junit4.JUnit4Provider.invoke(JUnit4Provider.java:113)
	at sun.reflect.NativeMethodAccessorImpl.invoke0(Native Method)
	at sun.reflect.NativeMethodAccessorImpl.invoke(NativeMethodAccessorImpl.java:57)
	at sun.reflect.DelegatingMethodAccessorImpl.invoke(DelegatingMethodAccessorImpl.java:43)
	at java.lang.reflect.Method.invoke(Method.java:601)
	at org.apache.maven.surefire.util.ReflectionUtils.invokeMethodWithArray(ReflectionUtils.java:189)
	at org.apache.maven.surefire.booter.ProviderFactory$ProviderProxy.invoke(ProviderFactory.java:165)
	at org.apache.maven.surefire.booter.ProviderFactory.invokeProvider(ProviderFactory.java:85)
	at org.apache.maven.surefire.booter.ForkedBooter.runSuitesInProcess(ForkedBooter.java:103)
	at org.apache.maven.surefire.booter.ForkedBooter.main(ForkedBooter.java:74)
</error>
    <system-err>25715 [main] INFO org.apache.gora.store.DataStoreTestBase - setting up test
25715 [main] WARN org.apache.gora.orientdb.store.OrientDBStore - Unable to load the mapping from resource &apos;C:\Users\Nicolas\gora\gora-orientdb\src\test\resources\gora-orientdb-mapping.xml&apos; as it does not appear to exist! Trying local file.
25762 [main] INFO org.apache.gora.orientdb.store.OrientDBStore - Vertex name : Employee
26777 [main] ERROR org.apache.gora.orientdb.store.OrientDBStore - Generic error while initializingCannot create a connection to remote server address(es): [127.0.0.1:2424]
com.orientechnologies.orient.core.exception.OStorageException: Cannot create a connection to remote server address(es): [127.0.0.1:2424]
	at org.apache.gora.orientdb.store.OrientDBStore.initialize(OrientDBStore.java:187)
	at org.apache.gora.orientdb.store.OrientDBStore_Test.createEmployeeDataStore(OrientDBStore_Test.java:128)
	at org.apache.gora.store.DataStoreTestBase.setUp(DataStoreTestBase.java:96)
	at sun.reflect.NativeMethodAccessorImpl.invoke0(Native Method)
	at sun.reflect.NativeMethodAccessorImpl.invoke(NativeMethodAccessorImpl.java:57)
	at sun.reflect.DelegatingMethodAccessorImpl.invoke(DelegatingMethodAccessorImpl.java:43)
	at java.lang.reflect.Method.invoke(Method.java:601)
	at org.junit.runners.model.FrameworkMethod$1.runReflectiveCall(FrameworkMethod.java:45)
	at org.junit.internal.runners.model.ReflectiveCallable.run(ReflectiveCallable.java:15)
	at org.junit.runners.model.FrameworkMethod.invokeExplosively(FrameworkMethod.java:42)
	at org.junit.internal.runners.statements.RunBefores.evaluate(RunBefores.java:27)
	at org.junit.internal.runners.statements.RunAfters.evaluate(RunAfters.java:30)
	at org.junit.runners.ParentRunner.runLeaf(ParentRunner.java:263)
	at org.junit.runners.BlockJUnit4ClassRunner.runChild(BlockJUnit4ClassRunner.java:68)
	at org.junit.runners.BlockJUnit4ClassRunner.runChild(BlockJUnit4ClassRunner.java:47)
	at org.junit.runners.ParentRunner$3.run(ParentRunner.java:231)
	at org.junit.runners.ParentRunner$1.schedule(ParentRunner.java:60)
	at org.junit.runners.ParentRunner.runChildren(ParentRunner.java:229)
	at org.junit.runners.ParentRunner.access$000(ParentRunner.java:50)
	at org.junit.runners.ParentRunner$2.evaluate(ParentRunner.java:222)
	at org.junit.internal.runners.statements.RunBefores.evaluate(RunBefores.java:28)
	at org.junit.internal.runners.statements.RunAfters.evaluate(RunAfters.java:30)
	at org.junit.runners.ParentRunner.run(ParentRunner.java:300)
	at org.apache.maven.surefire.junit4.JUnit4Provider.execute(JUnit4Provider.java:236)
	at org.apache.maven.surefire.junit4.JUnit4Provider.executeTestSet(JUnit4Provider.java:134)
	at org.apache.maven.surefire.junit4.JUnit4Provider.invoke(JUnit4Provider.java:113)
	at sun.reflect.NativeMethodAccessorImpl.invoke0(Native Method)
	at sun.reflect.NativeMethodAccessorImpl.invoke(NativeMethodAccessorImpl.java:57)
	at sun.reflect.DelegatingMethodAccessorImpl.invoke(DelegatingMethodAccessorImpl.java:43)
	at java.lang.reflect.Method.invoke(Method.java:601)
	at org.apache.maven.surefire.util.ReflectionUtils.invokeMethodWithArray(ReflectionUtils.java:189)
	at org.apache.maven.surefire.booter.ProviderFactory$ProviderProxy.invoke(ProviderFactory.java:165)
	at org.apache.maven.surefire.booter.ProviderFactory.invokeProvider(ProviderFactory.java:85)
	at org.apache.maven.surefire.booter.ForkedBooter.runSuitesInProcess(ForkedBooter.java:103)
	at org.apache.maven.surefire.booter.ForkedBooter.main(ForkedBooter.java:74)
27809 [main] INFO org.apache.gora.store.DataStoreTestBase - tearing down test
</system-err>
  </testcase>
  <testcase time="2.094" classname="org.apache.gora.orientdb.store.OrientDBStore_Test" name="testSchemaExists">
    <error message="Cannot create a connection to remote server address(es): [127.0.0.1:2424]" type="com.orientechnologies.orient.core.exception.OStorageException">com.orientechnologies.orient.core.exception.OStorageException: Cannot create a connection to remote server address(es): [127.0.0.1:2424]
	at com.orientechnologies.orient.client.remote.OStorageRemote.openRemoteDatabase(OStorageRemote.java:1675)
	at com.orientechnologies.orient.client.remote.OStorageRemote.open(OStorageRemote.java:212)
	at com.orientechnologies.orient.client.remote.OStorageRemoteThread.open(OStorageRemoteThread.java:87)
	at com.orientechnologies.orient.core.db.document.ODatabaseDocumentTx.open(ODatabaseDocumentTx.java:244)
	at com.orientechnologies.orient.core.db.document.ODatabaseDocumentTxPooled.&lt;init&gt;(ODatabaseDocumentTxPooled.java:49)
	at com.orientechnologies.orient.core.db.document.ODatabaseDocumentPool.createResource(ODatabaseDocumentPool.java:53)
	at com.orientechnologies.orient.core.db.document.ODatabaseDocumentPool.createResource(ODatabaseDocumentPool.java:28)
	at com.orientechnologies.orient.core.db.ODatabasePoolBase$1.createNewResource(ODatabasePoolBase.java:81)
	at com.orientechnologies.orient.core.db.ODatabasePoolBase$1.createNewResource(ODatabasePoolBase.java:70)
	at com.orientechnologies.common.concur.resource.OResourcePool.getResource(OResourcePool.java:91)
	at com.orientechnologies.common.concur.resource.OReentrantResourcePool.getResource(OReentrantResourcePool.java:67)
	at com.orientechnologies.orient.core.db.ODatabasePoolAbstract.acquire(ODatabasePoolAbstract.java:158)
	at com.orientechnologies.orient.core.db.ODatabasePoolAbstract.acquire(ODatabasePoolAbstract.java:138)
	at com.orientechnologies.orient.core.db.ODatabasePoolBase.acquire(ODatabasePoolBase.java:128)
	at org.apache.gora.orientdb.store.OrientDBStore.createSchema(OrientDBStore.java:205)
	at org.apache.gora.orientdb.store.OrientDBStore_Test.createEmployeeDataStore(OrientDBStore_Test.java:129)
	at org.apache.gora.store.DataStoreTestBase.setUp(DataStoreTestBase.java:96)
	at sun.reflect.NativeMethodAccessorImpl.invoke0(Native Method)
	at sun.reflect.NativeMethodAccessorImpl.invoke(NativeMethodAccessorImpl.java:57)
	at sun.reflect.DelegatingMethodAccessorImpl.invoke(DelegatingMethodAccessorImpl.java:43)
	at java.lang.reflect.Method.invoke(Method.java:601)
	at org.junit.runners.model.FrameworkMethod$1.runReflectiveCall(FrameworkMethod.java:45)
	at org.junit.internal.runners.model.ReflectiveCallable.run(ReflectiveCallable.java:15)
	at org.junit.runners.model.FrameworkMethod.invokeExplosively(FrameworkMethod.java:42)
	at org.junit.internal.runners.statements.RunBefores.evaluate(RunBefores.java:27)
	at org.junit.internal.runners.statements.RunAfters.evaluate(RunAfters.java:30)
	at org.junit.runners.ParentRunner.runLeaf(ParentRunner.java:263)
	at org.junit.runners.BlockJUnit4ClassRunner.runChild(BlockJUnit4ClassRunner.java:68)
	at org.junit.runners.BlockJUnit4ClassRunner.runChild(BlockJUnit4ClassRunner.java:47)
	at org.junit.runners.ParentRunner$3.run(ParentRunner.java:231)
	at org.junit.runners.ParentRunner$1.schedule(ParentRunner.java:60)
	at org.junit.runners.ParentRunner.runChildren(ParentRunner.java:229)
	at org.junit.runners.ParentRunner.access$000(ParentRunner.java:50)
	at org.junit.runners.ParentRunner$2.evaluate(ParentRunner.java:222)
	at org.junit.internal.runners.statements.RunBefores.evaluate(RunBefores.java:28)
	at org.junit.internal.runners.statements.RunAfters.evaluate(RunAfters.java:30)
	at org.junit.runners.ParentRunner.run(ParentRunner.java:300)
	at org.apache.maven.surefire.junit4.JUnit4Provider.execute(JUnit4Provider.java:236)
	at org.apache.maven.surefire.junit4.JUnit4Provider.executeTestSet(JUnit4Provider.java:134)
	at org.apache.maven.surefire.junit4.JUnit4Provider.invoke(JUnit4Provider.java:113)
	at sun.reflect.NativeMethodAccessorImpl.invoke0(Native Method)
	at sun.reflect.NativeMethodAccessorImpl.invoke(NativeMethodAccessorImpl.java:57)
	at sun.reflect.DelegatingMethodAccessorImpl.invoke(DelegatingMethodAccessorImpl.java:43)
	at java.lang.reflect.Method.invoke(Method.java:601)
	at org.apache.maven.surefire.util.ReflectionUtils.invokeMethodWithArray(ReflectionUtils.java:189)
	at org.apache.maven.surefire.booter.ProviderFactory$ProviderProxy.invoke(ProviderFactory.java:165)
	at org.apache.maven.surefire.booter.ProviderFactory.invokeProvider(ProviderFactory.java:85)
	at org.apache.maven.surefire.booter.ForkedBooter.runSuitesInProcess(ForkedBooter.java:103)
	at org.apache.maven.surefire.booter.ForkedBooter.main(ForkedBooter.java:74)
</error>
    <system-err>27809 [main] INFO org.apache.gora.store.DataStoreTestBase - setting up test
27809 [main] WARN org.apache.gora.orientdb.store.OrientDBStore - Unable to load the mapping from resource &apos;C:\Users\Nicolas\gora\gora-orientdb\src\test\resources\gora-orientdb-mapping.xml&apos; as it does not appear to exist! Trying local file.
27856 [main] INFO org.apache.gora.orientdb.store.OrientDBStore - Vertex name : Employee
28871 [main] ERROR org.apache.gora.orientdb.store.OrientDBStore - Generic error while initializingCannot create a connection to remote server address(es): [127.0.0.1:2424]
com.orientechnologies.orient.core.exception.OStorageException: Cannot create a connection to remote server address(es): [127.0.0.1:2424]
	at org.apache.gora.orientdb.store.OrientDBStore.initialize(OrientDBStore.java:187)
	at org.apache.gora.orientdb.store.OrientDBStore_Test.createEmployeeDataStore(OrientDBStore_Test.java:128)
	at org.apache.gora.store.DataStoreTestBase.setUp(DataStoreTestBase.java:96)
	at sun.reflect.NativeMethodAccessorImpl.invoke0(Native Method)
	at sun.reflect.NativeMethodAccessorImpl.invoke(NativeMethodAccessorImpl.java:57)
	at sun.reflect.DelegatingMethodAccessorImpl.invoke(DelegatingMethodAccessorImpl.java:43)
	at java.lang.reflect.Method.invoke(Method.java:601)
	at org.junit.runners.model.FrameworkMethod$1.runReflectiveCall(FrameworkMethod.java:45)
	at org.junit.internal.runners.model.ReflectiveCallable.run(ReflectiveCallable.java:15)
	at org.junit.runners.model.FrameworkMethod.invokeExplosively(FrameworkMethod.java:42)
	at org.junit.internal.runners.statements.RunBefores.evaluate(RunBefores.java:27)
	at org.junit.internal.runners.statements.RunAfters.evaluate(RunAfters.java:30)
	at org.junit.runners.ParentRunner.runLeaf(ParentRunner.java:263)
	at org.junit.runners.BlockJUnit4ClassRunner.runChild(BlockJUnit4ClassRunner.java:68)
	at org.junit.runners.BlockJUnit4ClassRunner.runChild(BlockJUnit4ClassRunner.java:47)
	at org.junit.runners.ParentRunner$3.run(ParentRunner.java:231)
	at org.junit.runners.ParentRunner$1.schedule(ParentRunner.java:60)
	at org.junit.runners.ParentRunner.runChildren(ParentRunner.java:229)
	at org.junit.runners.ParentRunner.access$000(ParentRunner.java:50)
	at org.junit.runners.ParentRunner$2.evaluate(ParentRunner.java:222)
	at org.junit.internal.runners.statements.RunBefores.evaluate(RunBefores.java:28)
	at org.junit.internal.runners.statements.RunAfters.evaluate(RunAfters.java:30)
	at org.junit.runners.ParentRunner.run(ParentRunner.java:300)
	at org.apache.maven.surefire.junit4.JUnit4Provider.execute(JUnit4Provider.java:236)
	at org.apache.maven.surefire.junit4.JUnit4Provider.executeTestSet(JUnit4Provider.java:134)
	at org.apache.maven.surefire.junit4.JUnit4Provider.invoke(JUnit4Provider.java:113)
	at sun.reflect.NativeMethodAccessorImpl.invoke0(Native Method)
	at sun.reflect.NativeMethodAccessorImpl.invoke(NativeMethodAccessorImpl.java:57)
	at sun.reflect.DelegatingMethodAccessorImpl.invoke(DelegatingMethodAccessorImpl.java:43)
	at java.lang.reflect.Method.invoke(Method.java:601)
	at org.apache.maven.surefire.util.ReflectionUtils.invokeMethodWithArray(ReflectionUtils.java:189)
	at org.apache.maven.surefire.booter.ProviderFactory$ProviderProxy.invoke(ProviderFactory.java:165)
	at org.apache.maven.surefire.booter.ProviderFactory.invokeProvider(ProviderFactory.java:85)
	at org.apache.maven.surefire.booter.ForkedBooter.runSuitesInProcess(ForkedBooter.java:103)
	at org.apache.maven.surefire.booter.ForkedBooter.main(ForkedBooter.java:74)
29903 [main] INFO org.apache.gora.store.DataStoreTestBase - tearing down test
</system-err>
  </testcase>
  <testcase time="2.109" classname="org.apache.gora.orientdb.store.OrientDBStore_Test" name="testGetWebPageDefaultFields">
    <error message="Cannot create a connection to remote server address(es): [127.0.0.1:2424]" type="com.orientechnologies.orient.core.exception.OStorageException">com.orientechnologies.orient.core.exception.OStorageException: Cannot create a connection to remote server address(es): [127.0.0.1:2424]
	at com.orientechnologies.orient.client.remote.OStorageRemote.openRemoteDatabase(OStorageRemote.java:1675)
	at com.orientechnologies.orient.client.remote.OStorageRemote.open(OStorageRemote.java:212)
	at com.orientechnologies.orient.client.remote.OStorageRemoteThread.open(OStorageRemoteThread.java:87)
	at com.orientechnologies.orient.core.db.document.ODatabaseDocumentTx.open(ODatabaseDocumentTx.java:244)
	at com.orientechnologies.orient.core.db.document.ODatabaseDocumentTxPooled.&lt;init&gt;(ODatabaseDocumentTxPooled.java:49)
	at com.orientechnologies.orient.core.db.document.ODatabaseDocumentPool.createResource(ODatabaseDocumentPool.java:53)
	at com.orientechnologies.orient.core.db.document.ODatabaseDocumentPool.createResource(ODatabaseDocumentPool.java:28)
	at com.orientechnologies.orient.core.db.ODatabasePoolBase$1.createNewResource(ODatabasePoolBase.java:81)
	at com.orientechnologies.orient.core.db.ODatabasePoolBase$1.createNewResource(ODatabasePoolBase.java:70)
	at com.orientechnologies.common.concur.resource.OResourcePool.getResource(OResourcePool.java:91)
	at com.orientechnologies.common.concur.resource.OReentrantResourcePool.getResource(OReentrantResourcePool.java:67)
	at com.orientechnologies.orient.core.db.ODatabasePoolAbstract.acquire(ODatabasePoolAbstract.java:158)
	at com.orientechnologies.orient.core.db.ODatabasePoolAbstract.acquire(ODatabasePoolAbstract.java:138)
	at com.orientechnologies.orient.core.db.ODatabasePoolBase.acquire(ODatabasePoolBase.java:128)
	at org.apache.gora.orientdb.store.OrientDBStore.createSchema(OrientDBStore.java:205)
	at org.apache.gora.orientdb.store.OrientDBStore_Test.createEmployeeDataStore(OrientDBStore_Test.java:129)
	at org.apache.gora.store.DataStoreTestBase.setUp(DataStoreTestBase.java:96)
	at sun.reflect.NativeMethodAccessorImpl.invoke0(Native Method)
	at sun.reflect.NativeMethodAccessorImpl.invoke(NativeMethodAccessorImpl.java:57)
	at sun.reflect.DelegatingMethodAccessorImpl.invoke(DelegatingMethodAccessorImpl.java:43)
	at java.lang.reflect.Method.invoke(Method.java:601)
	at org.junit.runners.model.FrameworkMethod$1.runReflectiveCall(FrameworkMethod.java:45)
	at org.junit.internal.runners.model.ReflectiveCallable.run(ReflectiveCallable.java:15)
	at org.junit.runners.model.FrameworkMethod.invokeExplosively(FrameworkMethod.java:42)
	at org.junit.internal.runners.statements.RunBefores.evaluate(RunBefores.java:27)
	at org.junit.internal.runners.statements.RunAfters.evaluate(RunAfters.java:30)
	at org.junit.runners.ParentRunner.runLeaf(ParentRunner.java:263)
	at org.junit.runners.BlockJUnit4ClassRunner.runChild(BlockJUnit4ClassRunner.java:68)
	at org.junit.runners.BlockJUnit4ClassRunner.runChild(BlockJUnit4ClassRunner.java:47)
	at org.junit.runners.ParentRunner$3.run(ParentRunner.java:231)
	at org.junit.runners.ParentRunner$1.schedule(ParentRunner.java:60)
	at org.junit.runners.ParentRunner.runChildren(ParentRunner.java:229)
	at org.junit.runners.ParentRunner.access$000(ParentRunner.java:50)
	at org.junit.runners.ParentRunner$2.evaluate(ParentRunner.java:222)
	at org.junit.internal.runners.statements.RunBefores.evaluate(RunBefores.java:28)
	at org.junit.internal.runners.statements.RunAfters.evaluate(RunAfters.java:30)
	at org.junit.runners.ParentRunner.run(ParentRunner.java:300)
	at org.apache.maven.surefire.junit4.JUnit4Provider.execute(JUnit4Provider.java:236)
	at org.apache.maven.surefire.junit4.JUnit4Provider.executeTestSet(JUnit4Provider.java:134)
	at org.apache.maven.surefire.junit4.JUnit4Provider.invoke(JUnit4Provider.java:113)
	at sun.reflect.NativeMethodAccessorImpl.invoke0(Native Method)
	at sun.reflect.NativeMethodAccessorImpl.invoke(NativeMethodAccessorImpl.java:57)
	at sun.reflect.DelegatingMethodAccessorImpl.invoke(DelegatingMethodAccessorImpl.java:43)
	at java.lang.reflect.Method.invoke(Method.java:601)
	at org.apache.maven.surefire.util.ReflectionUtils.invokeMethodWithArray(ReflectionUtils.java:189)
	at org.apache.maven.surefire.booter.ProviderFactory$ProviderProxy.invoke(ProviderFactory.java:165)
	at org.apache.maven.surefire.booter.ProviderFactory.invokeProvider(ProviderFactory.java:85)
	at org.apache.maven.surefire.booter.ForkedBooter.runSuitesInProcess(ForkedBooter.java:103)
	at org.apache.maven.surefire.booter.ForkedBooter.main(ForkedBooter.java:74)
</error>
    <system-err>29903 [main] INFO org.apache.gora.store.DataStoreTestBase - setting up test
29903 [main] WARN org.apache.gora.orientdb.store.OrientDBStore - Unable to load the mapping from resource &apos;C:\Users\Nicolas\gora\gora-orientdb\src\test\resources\gora-orientdb-mapping.xml&apos; as it does not appear to exist! Trying local file.
29950 [main] INFO org.apache.gora.orientdb.store.OrientDBStore - Vertex name : Employee
30997 [main] ERROR org.apache.gora.orientdb.store.OrientDBStore - Generic error while initializingCannot create a connection to remote server address(es): [127.0.0.1:2424]
com.orientechnologies.orient.core.exception.OStorageException: Cannot create a connection to remote server address(es): [127.0.0.1:2424]
	at org.apache.gora.orientdb.store.OrientDBStore.initialize(OrientDBStore.java:187)
	at org.apache.gora.orientdb.store.OrientDBStore_Test.createEmployeeDataStore(OrientDBStore_Test.java:128)
	at org.apache.gora.store.DataStoreTestBase.setUp(DataStoreTestBase.java:96)
	at sun.reflect.NativeMethodAccessorImpl.invoke0(Native Method)
	at sun.reflect.NativeMethodAccessorImpl.invoke(NativeMethodAccessorImpl.java:57)
	at sun.reflect.DelegatingMethodAccessorImpl.invoke(DelegatingMethodAccessorImpl.java:43)
	at java.lang.reflect.Method.invoke(Method.java:601)
	at org.junit.runners.model.FrameworkMethod$1.runReflectiveCall(FrameworkMethod.java:45)
	at org.junit.internal.runners.model.ReflectiveCallable.run(ReflectiveCallable.java:15)
	at org.junit.runners.model.FrameworkMethod.invokeExplosively(FrameworkMethod.java:42)
	at org.junit.internal.runners.statements.RunBefores.evaluate(RunBefores.java:27)
	at org.junit.internal.runners.statements.RunAfters.evaluate(RunAfters.java:30)
	at org.junit.runners.ParentRunner.runLeaf(ParentRunner.java:263)
	at org.junit.runners.BlockJUnit4ClassRunner.runChild(BlockJUnit4ClassRunner.java:68)
	at org.junit.runners.BlockJUnit4ClassRunner.runChild(BlockJUnit4ClassRunner.java:47)
	at org.junit.runners.ParentRunner$3.run(ParentRunner.java:231)
	at org.junit.runners.ParentRunner$1.schedule(ParentRunner.java:60)
	at org.junit.runners.ParentRunner.runChildren(ParentRunner.java:229)
	at org.junit.runners.ParentRunner.access$000(ParentRunner.java:50)
	at org.junit.runners.ParentRunner$2.evaluate(ParentRunner.java:222)
	at org.junit.internal.runners.statements.RunBefores.evaluate(RunBefores.java:28)
	at org.junit.internal.runners.statements.RunAfters.evaluate(RunAfters.java:30)
	at org.junit.runners.ParentRunner.run(ParentRunner.java:300)
	at org.apache.maven.surefire.junit4.JUnit4Provider.execute(JUnit4Provider.java:236)
	at org.apache.maven.surefire.junit4.JUnit4Provider.executeTestSet(JUnit4Provider.java:134)
	at org.apache.maven.surefire.junit4.JUnit4Provider.invoke(JUnit4Provider.java:113)
	at sun.reflect.NativeMethodAccessorImpl.invoke0(Native Method)
	at sun.reflect.NativeMethodAccessorImpl.invoke(NativeMethodAccessorImpl.java:57)
	at sun.reflect.DelegatingMethodAccessorImpl.invoke(DelegatingMethodAccessorImpl.java:43)
	at java.lang.reflect.Method.invoke(Method.java:601)
	at org.apache.maven.surefire.util.ReflectionUtils.invokeMethodWithArray(ReflectionUtils.java:189)
	at org.apache.maven.surefire.booter.ProviderFactory$ProviderProxy.invoke(ProviderFactory.java:165)
	at org.apache.maven.surefire.booter.ProviderFactory.invokeProvider(ProviderFactory.java:85)
	at org.apache.maven.surefire.booter.ForkedBooter.runSuitesInProcess(ForkedBooter.java:103)
	at org.apache.maven.surefire.booter.ForkedBooter.main(ForkedBooter.java:74)
32012 [main] INFO org.apache.gora.store.DataStoreTestBase - tearing down test
</system-err>
  </testcase>
  <testcase time="2.079" classname="org.apache.gora.orientdb.store.OrientDBStore_Test" name="testGetNonExisting">
    <error message="Cannot create a connection to remote server address(es): [127.0.0.1:2424]" type="com.orientechnologies.orient.core.exception.OStorageException">com.orientechnologies.orient.core.exception.OStorageException: Cannot create a connection to remote server address(es): [127.0.0.1:2424]
	at com.orientechnologies.orient.client.remote.OStorageRemote.openRemoteDatabase(OStorageRemote.java:1675)
	at com.orientechnologies.orient.client.remote.OStorageRemote.open(OStorageRemote.java:212)
	at com.orientechnologies.orient.client.remote.OStorageRemoteThread.open(OStorageRemoteThread.java:87)
	at com.orientechnologies.orient.core.db.document.ODatabaseDocumentTx.open(ODatabaseDocumentTx.java:244)
	at com.orientechnologies.orient.core.db.document.ODatabaseDocumentTxPooled.&lt;init&gt;(ODatabaseDocumentTxPooled.java:49)
	at com.orientechnologies.orient.core.db.document.ODatabaseDocumentPool.createResource(ODatabaseDocumentPool.java:53)
	at com.orientechnologies.orient.core.db.document.ODatabaseDocumentPool.createResource(ODatabaseDocumentPool.java:28)
	at com.orientechnologies.orient.core.db.ODatabasePoolBase$1.createNewResource(ODatabasePoolBase.java:81)
	at com.orientechnologies.orient.core.db.ODatabasePoolBase$1.createNewResource(ODatabasePoolBase.java:70)
	at com.orientechnologies.common.concur.resource.OResourcePool.getResource(OResourcePool.java:91)
	at com.orientechnologies.common.concur.resource.OReentrantResourcePool.getResource(OReentrantResourcePool.java:67)
	at com.orientechnologies.orient.core.db.ODatabasePoolAbstract.acquire(ODatabasePoolAbstract.java:158)
	at com.orientechnologies.orient.core.db.ODatabasePoolAbstract.acquire(ODatabasePoolAbstract.java:138)
	at com.orientechnologies.orient.core.db.ODatabasePoolBase.acquire(ODatabasePoolBase.java:128)
	at org.apache.gora.orientdb.store.OrientDBStore.createSchema(OrientDBStore.java:205)
	at org.apache.gora.orientdb.store.OrientDBStore_Test.createEmployeeDataStore(OrientDBStore_Test.java:129)
	at org.apache.gora.store.DataStoreTestBase.setUp(DataStoreTestBase.java:96)
	at sun.reflect.NativeMethodAccessorImpl.invoke0(Native Method)
	at sun.reflect.NativeMethodAccessorImpl.invoke(NativeMethodAccessorImpl.java:57)
	at sun.reflect.DelegatingMethodAccessorImpl.invoke(DelegatingMethodAccessorImpl.java:43)
	at java.lang.reflect.Method.invoke(Method.java:601)
	at org.junit.runners.model.FrameworkMethod$1.runReflectiveCall(FrameworkMethod.java:45)
	at org.junit.internal.runners.model.ReflectiveCallable.run(ReflectiveCallable.java:15)
	at org.junit.runners.model.FrameworkMethod.invokeExplosively(FrameworkMethod.java:42)
	at org.junit.internal.runners.statements.RunBefores.evaluate(RunBefores.java:27)
	at org.junit.internal.runners.statements.RunAfters.evaluate(RunAfters.java:30)
	at org.junit.runners.ParentRunner.runLeaf(ParentRunner.java:263)
	at org.junit.runners.BlockJUnit4ClassRunner.runChild(BlockJUnit4ClassRunner.java:68)
	at org.junit.runners.BlockJUnit4ClassRunner.runChild(BlockJUnit4ClassRunner.java:47)
	at org.junit.runners.ParentRunner$3.run(ParentRunner.java:231)
	at org.junit.runners.ParentRunner$1.schedule(ParentRunner.java:60)
	at org.junit.runners.ParentRunner.runChildren(ParentRunner.java:229)
	at org.junit.runners.ParentRunner.access$000(ParentRunner.java:50)
	at org.junit.runners.ParentRunner$2.evaluate(ParentRunner.java:222)
	at org.junit.internal.runners.statements.RunBefores.evaluate(RunBefores.java:28)
	at org.junit.internal.runners.statements.RunAfters.evaluate(RunAfters.java:30)
	at org.junit.runners.ParentRunner.run(ParentRunner.java:300)
	at org.apache.maven.surefire.junit4.JUnit4Provider.execute(JUnit4Provider.java:236)
	at org.apache.maven.surefire.junit4.JUnit4Provider.executeTestSet(JUnit4Provider.java:134)
	at org.apache.maven.surefire.junit4.JUnit4Provider.invoke(JUnit4Provider.java:113)
	at sun.reflect.NativeMethodAccessorImpl.invoke0(Native Method)
	at sun.reflect.NativeMethodAccessorImpl.invoke(NativeMethodAccessorImpl.java:57)
	at sun.reflect.DelegatingMethodAccessorImpl.invoke(DelegatingMethodAccessorImpl.java:43)
	at java.lang.reflect.Method.invoke(Method.java:601)
	at org.apache.maven.surefire.util.ReflectionUtils.invokeMethodWithArray(ReflectionUtils.java:189)
	at org.apache.maven.surefire.booter.ProviderFactory$ProviderProxy.invoke(ProviderFactory.java:165)
	at org.apache.maven.surefire.booter.ProviderFactory.invokeProvider(ProviderFactory.java:85)
	at org.apache.maven.surefire.booter.ForkedBooter.runSuitesInProcess(ForkedBooter.java:103)
	at org.apache.maven.surefire.booter.ForkedBooter.main(ForkedBooter.java:74)
</error>
    <system-err>32012 [main] INFO org.apache.gora.store.DataStoreTestBase - setting up test
32012 [main] WARN org.apache.gora.orientdb.store.OrientDBStore - Unable to load the mapping from resource &apos;C:\Users\Nicolas\gora\gora-orientdb\src\test\resources\gora-orientdb-mapping.xml&apos; as it does not appear to exist! Trying local file.
32044 [main] INFO org.apache.gora.orientdb.store.OrientDBStore - Vertex name : Employee
33059 [main] ERROR org.apache.gora.orientdb.store.OrientDBStore - Generic error while initializingCannot create a connection to remote server address(es): [127.0.0.1:2424]
com.orientechnologies.orient.core.exception.OStorageException: Cannot create a connection to remote server address(es): [127.0.0.1:2424]
	at org.apache.gora.orientdb.store.OrientDBStore.initialize(OrientDBStore.java:187)
	at org.apache.gora.orientdb.store.OrientDBStore_Test.createEmployeeDataStore(OrientDBStore_Test.java:128)
	at org.apache.gora.store.DataStoreTestBase.setUp(DataStoreTestBase.java:96)
	at sun.reflect.NativeMethodAccessorImpl.invoke0(Native Method)
	at sun.reflect.NativeMethodAccessorImpl.invoke(NativeMethodAccessorImpl.java:57)
	at sun.reflect.DelegatingMethodAccessorImpl.invoke(DelegatingMethodAccessorImpl.java:43)
	at java.lang.reflect.Method.invoke(Method.java:601)
	at org.junit.runners.model.FrameworkMethod$1.runReflectiveCall(FrameworkMethod.java:45)
	at org.junit.internal.runners.model.ReflectiveCallable.run(ReflectiveCallable.java:15)
	at org.junit.runners.model.FrameworkMethod.invokeExplosively(FrameworkMethod.java:42)
	at org.junit.internal.runners.statements.RunBefores.evaluate(RunBefores.java:27)
	at org.junit.internal.runners.statements.RunAfters.evaluate(RunAfters.java:30)
	at org.junit.runners.ParentRunner.runLeaf(ParentRunner.java:263)
	at org.junit.runners.BlockJUnit4ClassRunner.runChild(BlockJUnit4ClassRunner.java:68)
	at org.junit.runners.BlockJUnit4ClassRunner.runChild(BlockJUnit4ClassRunner.java:47)
	at org.junit.runners.ParentRunner$3.run(ParentRunner.java:231)
	at org.junit.runners.ParentRunner$1.schedule(ParentRunner.java:60)
	at org.junit.runners.ParentRunner.runChildren(ParentRunner.java:229)
	at org.junit.runners.ParentRunner.access$000(ParentRunner.java:50)
	at org.junit.runners.ParentRunner$2.evaluate(ParentRunner.java:222)
	at org.junit.internal.runners.statements.RunBefores.evaluate(RunBefores.java:28)
	at org.junit.internal.runners.statements.RunAfters.evaluate(RunAfters.java:30)
	at org.junit.runners.ParentRunner.run(ParentRunner.java:300)
	at org.apache.maven.surefire.junit4.JUnit4Provider.execute(JUnit4Provider.java:236)
	at org.apache.maven.surefire.junit4.JUnit4Provider.executeTestSet(JUnit4Provider.java:134)
	at org.apache.maven.surefire.junit4.JUnit4Provider.invoke(JUnit4Provider.java:113)
	at sun.reflect.NativeMethodAccessorImpl.invoke0(Native Method)
	at sun.reflect.NativeMethodAccessorImpl.invoke(NativeMethodAccessorImpl.java:57)
	at sun.reflect.DelegatingMethodAccessorImpl.invoke(DelegatingMethodAccessorImpl.java:43)
	at java.lang.reflect.Method.invoke(Method.java:601)
	at org.apache.maven.surefire.util.ReflectionUtils.invokeMethodWithArray(ReflectionUtils.java:189)
	at org.apache.maven.surefire.booter.ProviderFactory$ProviderProxy.invoke(ProviderFactory.java:165)
	at org.apache.maven.surefire.booter.ProviderFactory.invokeProvider(ProviderFactory.java:85)
	at org.apache.maven.surefire.booter.ForkedBooter.runSuitesInProcess(ForkedBooter.java:103)
	at org.apache.maven.surefire.booter.ForkedBooter.main(ForkedBooter.java:74)
34091 [main] INFO org.apache.gora.store.DataStoreTestBase - tearing down test
</system-err>
  </testcase>
  <testcase time="2.102" classname="org.apache.gora.orientdb.store.OrientDBStore_Test" name="testGetWebPage">
    <error message="Cannot create a connection to remote server address(es): [127.0.0.1:2424]" type="com.orientechnologies.orient.core.exception.OStorageException">com.orientechnologies.orient.core.exception.OStorageException: Cannot create a connection to remote server address(es): [127.0.0.1:2424]
	at com.orientechnologies.orient.client.remote.OStorageRemote.openRemoteDatabase(OStorageRemote.java:1675)
	at com.orientechnologies.orient.client.remote.OStorageRemote.open(OStorageRemote.java:212)
	at com.orientechnologies.orient.client.remote.OStorageRemoteThread.open(OStorageRemoteThread.java:87)
	at com.orientechnologies.orient.core.db.document.ODatabaseDocumentTx.open(ODatabaseDocumentTx.java:244)
	at com.orientechnologies.orient.core.db.document.ODatabaseDocumentTxPooled.&lt;init&gt;(ODatabaseDocumentTxPooled.java:49)
	at com.orientechnologies.orient.core.db.document.ODatabaseDocumentPool.createResource(ODatabaseDocumentPool.java:53)
	at com.orientechnologies.orient.core.db.document.ODatabaseDocumentPool.createResource(ODatabaseDocumentPool.java:28)
	at com.orientechnologies.orient.core.db.ODatabasePoolBase$1.createNewResource(ODatabasePoolBase.java:81)
	at com.orientechnologies.orient.core.db.ODatabasePoolBase$1.createNewResource(ODatabasePoolBase.java:70)
	at com.orientechnologies.common.concur.resource.OResourcePool.getResource(OResourcePool.java:91)
	at com.orientechnologies.common.concur.resource.OReentrantResourcePool.getResource(OReentrantResourcePool.java:67)
	at com.orientechnologies.orient.core.db.ODatabasePoolAbstract.acquire(ODatabasePoolAbstract.java:158)
	at com.orientechnologies.orient.core.db.ODatabasePoolAbstract.acquire(ODatabasePoolAbstract.java:138)
	at com.orientechnologies.orient.core.db.ODatabasePoolBase.acquire(ODatabasePoolBase.java:128)
	at org.apache.gora.orientdb.store.OrientDBStore.createSchema(OrientDBStore.java:205)
	at org.apache.gora.orientdb.store.OrientDBStore_Test.createEmployeeDataStore(OrientDBStore_Test.java:129)
	at org.apache.gora.store.DataStoreTestBase.setUp(DataStoreTestBase.java:96)
	at sun.reflect.NativeMethodAccessorImpl.invoke0(Native Method)
	at sun.reflect.NativeMethodAccessorImpl.invoke(NativeMethodAccessorImpl.java:57)
	at sun.reflect.DelegatingMethodAccessorImpl.invoke(DelegatingMethodAccessorImpl.java:43)
	at java.lang.reflect.Method.invoke(Method.java:601)
	at org.junit.runners.model.FrameworkMethod$1.runReflectiveCall(FrameworkMethod.java:45)
	at org.junit.internal.runners.model.ReflectiveCallable.run(ReflectiveCallable.java:15)
	at org.junit.runners.model.FrameworkMethod.invokeExplosively(FrameworkMethod.java:42)
	at org.junit.internal.runners.statements.RunBefores.evaluate(RunBefores.java:27)
	at org.junit.internal.runners.statements.RunAfters.evaluate(RunAfters.java:30)
	at org.junit.runners.ParentRunner.runLeaf(ParentRunner.java:263)
	at org.junit.runners.BlockJUnit4ClassRunner.runChild(BlockJUnit4ClassRunner.java:68)
	at org.junit.runners.BlockJUnit4ClassRunner.runChild(BlockJUnit4ClassRunner.java:47)
	at org.junit.runners.ParentRunner$3.run(ParentRunner.java:231)
	at org.junit.runners.ParentRunner$1.schedule(ParentRunner.java:60)
	at org.junit.runners.ParentRunner.runChildren(ParentRunner.java:229)
	at org.junit.runners.ParentRunner.access$000(ParentRunner.java:50)
	at org.junit.runners.ParentRunner$2.evaluate(ParentRunner.java:222)
	at org.junit.internal.runners.statements.RunBefores.evaluate(RunBefores.java:28)
	at org.junit.internal.runners.statements.RunAfters.evaluate(RunAfters.java:30)
	at org.junit.runners.ParentRunner.run(ParentRunner.java:300)
	at org.apache.maven.surefire.junit4.JUnit4Provider.execute(JUnit4Provider.java:236)
	at org.apache.maven.surefire.junit4.JUnit4Provider.executeTestSet(JUnit4Provider.java:134)
	at org.apache.maven.surefire.junit4.JUnit4Provider.invoke(JUnit4Provider.java:113)
	at sun.reflect.NativeMethodAccessorImpl.invoke0(Native Method)
	at sun.reflect.NativeMethodAccessorImpl.invoke(NativeMethodAccessorImpl.java:57)
	at sun.reflect.DelegatingMethodAccessorImpl.invoke(DelegatingMethodAccessorImpl.java:43)
	at java.lang.reflect.Method.invoke(Method.java:601)
	at org.apache.maven.surefire.util.ReflectionUtils.invokeMethodWithArray(ReflectionUtils.java:189)
	at org.apache.maven.surefire.booter.ProviderFactory$ProviderProxy.invoke(ProviderFactory.java:165)
	at org.apache.maven.surefire.booter.ProviderFactory.invokeProvider(ProviderFactory.java:85)
	at org.apache.maven.surefire.booter.ForkedBooter.runSuitesInProcess(ForkedBooter.java:103)
	at org.apache.maven.surefire.booter.ForkedBooter.main(ForkedBooter.java:74)
</error>
    <system-err>34091 [main] INFO org.apache.gora.store.DataStoreTestBase - setting up test
34091 [main] WARN org.apache.gora.orientdb.store.OrientDBStore - Unable to load the mapping from resource &apos;C:\Users\Nicolas\gora\gora-orientdb\src\test\resources\gora-orientdb-mapping.xml&apos; as it does not appear to exist! Trying local file.
34137 [main] INFO org.apache.gora.orientdb.store.OrientDBStore - Vertex name : Employee
35162 [main] ERROR org.apache.gora.orientdb.store.OrientDBStore - Generic error while initializingCannot create a connection to remote server address(es): [127.0.0.1:2424]
com.orientechnologies.orient.core.exception.OStorageException: Cannot create a connection to remote server address(es): [127.0.0.1:2424]
	at org.apache.gora.orientdb.store.OrientDBStore.initialize(OrientDBStore.java:187)
	at org.apache.gora.orientdb.store.OrientDBStore_Test.createEmployeeDataStore(OrientDBStore_Test.java:128)
	at org.apache.gora.store.DataStoreTestBase.setUp(DataStoreTestBase.java:96)
	at sun.reflect.NativeMethodAccessorImpl.invoke0(Native Method)
	at sun.reflect.NativeMethodAccessorImpl.invoke(NativeMethodAccessorImpl.java:57)
	at sun.reflect.DelegatingMethodAccessorImpl.invoke(DelegatingMethodAccessorImpl.java:43)
	at java.lang.reflect.Method.invoke(Method.java:601)
	at org.junit.runners.model.FrameworkMethod$1.runReflectiveCall(FrameworkMethod.java:45)
	at org.junit.internal.runners.model.ReflectiveCallable.run(ReflectiveCallable.java:15)
	at org.junit.runners.model.FrameworkMethod.invokeExplosively(FrameworkMethod.java:42)
	at org.junit.internal.runners.statements.RunBefores.evaluate(RunBefores.java:27)
	at org.junit.internal.runners.statements.RunAfters.evaluate(RunAfters.java:30)
	at org.junit.runners.ParentRunner.runLeaf(ParentRunner.java:263)
	at org.junit.runners.BlockJUnit4ClassRunner.runChild(BlockJUnit4ClassRunner.java:68)
	at org.junit.runners.BlockJUnit4ClassRunner.runChild(BlockJUnit4ClassRunner.java:47)
	at org.junit.runners.ParentRunner$3.run(ParentRunner.java:231)
	at org.junit.runners.ParentRunner$1.schedule(ParentRunner.java:60)
	at org.junit.runners.ParentRunner.runChildren(ParentRunner.java:229)
	at org.junit.runners.ParentRunner.access$000(ParentRunner.java:50)
	at org.junit.runners.ParentRunner$2.evaluate(ParentRunner.java:222)
	at org.junit.internal.runners.statements.RunBefores.evaluate(RunBefores.java:28)
	at org.junit.internal.runners.statements.RunAfters.evaluate(RunAfters.java:30)
	at org.junit.runners.ParentRunner.run(ParentRunner.java:300)
	at org.apache.maven.surefire.junit4.JUnit4Provider.execute(JUnit4Provider.java:236)
	at org.apache.maven.surefire.junit4.JUnit4Provider.executeTestSet(JUnit4Provider.java:134)
	at org.apache.maven.surefire.junit4.JUnit4Provider.invoke(JUnit4Provider.java:113)
	at sun.reflect.NativeMethodAccessorImpl.invoke0(Native Method)
	at sun.reflect.NativeMethodAccessorImpl.invoke(NativeMethodAccessorImpl.java:57)
	at sun.reflect.DelegatingMethodAccessorImpl.invoke(DelegatingMethodAccessorImpl.java:43)
	at java.lang.reflect.Method.invoke(Method.java:601)
	at org.apache.maven.surefire.util.ReflectionUtils.invokeMethodWithArray(ReflectionUtils.java:189)
	at org.apache.maven.surefire.booter.ProviderFactory$ProviderProxy.invoke(ProviderFactory.java:165)
	at org.apache.maven.surefire.booter.ProviderFactory.invokeProvider(ProviderFactory.java:85)
	at org.apache.maven.surefire.booter.ForkedBooter.runSuitesInProcess(ForkedBooter.java:103)
	at org.apache.maven.surefire.booter.ForkedBooter.main(ForkedBooter.java:74)
36193 [main] INFO org.apache.gora.store.DataStoreTestBase - tearing down test
</system-err>
  </testcase>
  <testcase time="2.094" classname="org.apache.gora.orientdb.store.OrientDBStore_Test" name="testDeleteByQueryFields">
    <error message="Cannot create a connection to remote server address(es): [127.0.0.1:2424]" type="com.orientechnologies.orient.core.exception.OStorageException">com.orientechnologies.orient.core.exception.OStorageException: Cannot create a connection to remote server address(es): [127.0.0.1:2424]
	at com.orientechnologies.orient.client.remote.OStorageRemote.openRemoteDatabase(OStorageRemote.java:1675)
	at com.orientechnologies.orient.client.remote.OStorageRemote.open(OStorageRemote.java:212)
	at com.orientechnologies.orient.client.remote.OStorageRemoteThread.open(OStorageRemoteThread.java:87)
	at com.orientechnologies.orient.core.db.document.ODatabaseDocumentTx.open(ODatabaseDocumentTx.java:244)
	at com.orientechnologies.orient.core.db.document.ODatabaseDocumentTxPooled.&lt;init&gt;(ODatabaseDocumentTxPooled.java:49)
	at com.orientechnologies.orient.core.db.document.ODatabaseDocumentPool.createResource(ODatabaseDocumentPool.java:53)
	at com.orientechnologies.orient.core.db.document.ODatabaseDocumentPool.createResource(ODatabaseDocumentPool.java:28)
	at com.orientechnologies.orient.core.db.ODatabasePoolBase$1.createNewResource(ODatabasePoolBase.java:81)
	at com.orientechnologies.orient.core.db.ODatabasePoolBase$1.createNewResource(ODatabasePoolBase.java:70)
	at com.orientechnologies.common.concur.resource.OResourcePool.getResource(OResourcePool.java:91)
	at com.orientechnologies.common.concur.resource.OReentrantResourcePool.getResource(OReentrantResourcePool.java:67)
	at com.orientechnologies.orient.core.db.ODatabasePoolAbstract.acquire(ODatabasePoolAbstract.java:158)
	at com.orientechnologies.orient.core.db.ODatabasePoolAbstract.acquire(ODatabasePoolAbstract.java:138)
	at com.orientechnologies.orient.core.db.ODatabasePoolBase.acquire(ODatabasePoolBase.java:128)
	at org.apache.gora.orientdb.store.OrientDBStore.createSchema(OrientDBStore.java:205)
	at org.apache.gora.orientdb.store.OrientDBStore_Test.createEmployeeDataStore(OrientDBStore_Test.java:129)
	at org.apache.gora.store.DataStoreTestBase.setUp(DataStoreTestBase.java:96)
	at sun.reflect.GeneratedMethodAccessor1.invoke(Unknown Source)
	at sun.reflect.DelegatingMethodAccessorImpl.invoke(DelegatingMethodAccessorImpl.java:43)
	at java.lang.reflect.Method.invoke(Method.java:601)
	at org.junit.runners.model.FrameworkMethod$1.runReflectiveCall(FrameworkMethod.java:45)
	at org.junit.internal.runners.model.ReflectiveCallable.run(ReflectiveCallable.java:15)
	at org.junit.runners.model.FrameworkMethod.invokeExplosively(FrameworkMethod.java:42)
	at org.junit.internal.runners.statements.RunBefores.evaluate(RunBefores.java:27)
	at org.junit.internal.runners.statements.RunAfters.evaluate(RunAfters.java:30)
	at org.junit.runners.ParentRunner.runLeaf(ParentRunner.java:263)
	at org.junit.runners.BlockJUnit4ClassRunner.runChild(BlockJUnit4ClassRunner.java:68)
	at org.junit.runners.BlockJUnit4ClassRunner.runChild(BlockJUnit4ClassRunner.java:47)
	at org.junit.runners.ParentRunner$3.run(ParentRunner.java:231)
	at org.junit.runners.ParentRunner$1.schedule(ParentRunner.java:60)
	at org.junit.runners.ParentRunner.runChildren(ParentRunner.java:229)
	at org.junit.runners.ParentRunner.access$000(ParentRunner.java:50)
	at org.junit.runners.ParentRunner$2.evaluate(ParentRunner.java:222)
	at org.junit.internal.runners.statements.RunBefores.evaluate(RunBefores.java:28)
	at org.junit.internal.runners.statements.RunAfters.evaluate(RunAfters.java:30)
	at org.junit.runners.ParentRunner.run(ParentRunner.java:300)
	at org.apache.maven.surefire.junit4.JUnit4Provider.execute(JUnit4Provider.java:236)
	at org.apache.maven.surefire.junit4.JUnit4Provider.executeTestSet(JUnit4Provider.java:134)
	at org.apache.maven.surefire.junit4.JUnit4Provider.invoke(JUnit4Provider.java:113)
	at sun.reflect.NativeMethodAccessorImpl.invoke0(Native Method)
	at sun.reflect.NativeMethodAccessorImpl.invoke(NativeMethodAccessorImpl.java:57)
	at sun.reflect.DelegatingMethodAccessorImpl.invoke(DelegatingMethodAccessorImpl.java:43)
	at java.lang.reflect.Method.invoke(Method.java:601)
	at org.apache.maven.surefire.util.ReflectionUtils.invokeMethodWithArray(ReflectionUtils.java:189)
	at org.apache.maven.surefire.booter.ProviderFactory$ProviderProxy.invoke(ProviderFactory.java:165)
	at org.apache.maven.surefire.booter.ProviderFactory.invokeProvider(ProviderFactory.java:85)
	at org.apache.maven.surefire.booter.ForkedBooter.runSuitesInProcess(ForkedBooter.java:103)
	at org.apache.maven.surefire.booter.ForkedBooter.main(ForkedBooter.java:74)
</error>
    <system-err>36193 [main] INFO org.apache.gora.store.DataStoreTestBase - setting up test
36193 [main] WARN org.apache.gora.orientdb.store.OrientDBStore - Unable to load the mapping from resource &apos;C:\Users\Nicolas\gora\gora-orientdb\src\test\resources\gora-orientdb-mapping.xml&apos; as it does not appear to exist! Trying local file.
36224 [main] INFO org.apache.gora.orientdb.store.OrientDBStore - Vertex name : Employee
37256 [main] ERROR org.apache.gora.orientdb.store.OrientDBStore - Generic error while initializingCannot create a connection to remote server address(es): [127.0.0.1:2424]
com.orientechnologies.orient.core.exception.OStorageException: Cannot create a connection to remote server address(es): [127.0.0.1:2424]
	at org.apache.gora.orientdb.store.OrientDBStore.initialize(OrientDBStore.java:187)
	at org.apache.gora.orientdb.store.OrientDBStore_Test.createEmployeeDataStore(OrientDBStore_Test.java:128)
	at org.apache.gora.store.DataStoreTestBase.setUp(DataStoreTestBase.java:96)
	at sun.reflect.GeneratedMethodAccessor1.invoke(Unknown Source)
	at sun.reflect.DelegatingMethodAccessorImpl.invoke(DelegatingMethodAccessorImpl.java:43)
	at java.lang.reflect.Method.invoke(Method.java:601)
	at org.junit.runners.model.FrameworkMethod$1.runReflectiveCall(FrameworkMethod.java:45)
	at org.junit.internal.runners.model.ReflectiveCallable.run(ReflectiveCallable.java:15)
	at org.junit.runners.model.FrameworkMethod.invokeExplosively(FrameworkMethod.java:42)
	at org.junit.internal.runners.statements.RunBefores.evaluate(RunBefores.java:27)
	at org.junit.internal.runners.statements.RunAfters.evaluate(RunAfters.java:30)
	at org.junit.runners.ParentRunner.runLeaf(ParentRunner.java:263)
	at org.junit.runners.BlockJUnit4ClassRunner.runChild(BlockJUnit4ClassRunner.java:68)
	at org.junit.runners.BlockJUnit4ClassRunner.runChild(BlockJUnit4ClassRunner.java:47)
	at org.junit.runners.ParentRunner$3.run(ParentRunner.java:231)
	at org.junit.runners.ParentRunner$1.schedule(ParentRunner.java:60)
	at org.junit.runners.ParentRunner.runChildren(ParentRunner.java:229)
	at org.junit.runners.ParentRunner.access$000(ParentRunner.java:50)
	at org.junit.runners.ParentRunner$2.evaluate(ParentRunner.java:222)
	at org.junit.internal.runners.statements.RunBefores.evaluate(RunBefores.java:28)
	at org.junit.internal.runners.statements.RunAfters.evaluate(RunAfters.java:30)
	at org.junit.runners.ParentRunner.run(ParentRunner.java:300)
	at org.apache.maven.surefire.junit4.JUnit4Provider.execute(JUnit4Provider.java:236)
	at org.apache.maven.surefire.junit4.JUnit4Provider.executeTestSet(JUnit4Provider.java:134)
	at org.apache.maven.surefire.junit4.JUnit4Provider.invoke(JUnit4Provider.java:113)
	at sun.reflect.NativeMethodAccessorImpl.invoke0(Native Method)
	at sun.reflect.NativeMethodAccessorImpl.invoke(NativeMethodAccessorImpl.java:57)
	at sun.reflect.DelegatingMethodAccessorImpl.invoke(DelegatingMethodAccessorImpl.java:43)
	at java.lang.reflect.Method.invoke(Method.java:601)
	at org.apache.maven.surefire.util.ReflectionUtils.invokeMethodWithArray(ReflectionUtils.java:189)
	at org.apache.maven.surefire.booter.ProviderFactory$ProviderProxy.invoke(ProviderFactory.java:165)
	at org.apache.maven.surefire.booter.ProviderFactory.invokeProvider(ProviderFactory.java:85)
	at org.apache.maven.surefire.booter.ForkedBooter.runSuitesInProcess(ForkedBooter.java:103)
	at org.apache.maven.surefire.booter.ForkedBooter.main(ForkedBooter.java:74)
38287 [main] INFO org.apache.gora.store.DataStoreTestBase - tearing down test
</system-err>
  </testcase>
  <testcase time="2.082" classname="org.apache.gora.orientdb.store.OrientDBStore_Test" name="testGet3UnionField">
    <error message="Cannot create a connection to remote server address(es): [127.0.0.1:2424]" type="com.orientechnologies.orient.core.exception.OStorageException">com.orientechnologies.orient.core.exception.OStorageException: Cannot create a connection to remote server address(es): [127.0.0.1:2424]
	at com.orientechnologies.orient.client.remote.OStorageRemote.openRemoteDatabase(OStorageRemote.java:1675)
	at com.orientechnologies.orient.client.remote.OStorageRemote.open(OStorageRemote.java:212)
	at com.orientechnologies.orient.client.remote.OStorageRemoteThread.open(OStorageRemoteThread.java:87)
	at com.orientechnologies.orient.core.db.document.ODatabaseDocumentTx.open(ODatabaseDocumentTx.java:244)
	at com.orientechnologies.orient.core.db.document.ODatabaseDocumentTxPooled.&lt;init&gt;(ODatabaseDocumentTxPooled.java:49)
	at com.orientechnologies.orient.core.db.document.ODatabaseDocumentPool.createResource(ODatabaseDocumentPool.java:53)
	at com.orientechnologies.orient.core.db.document.ODatabaseDocumentPool.createResource(ODatabaseDocumentPool.java:28)
	at com.orientechnologies.orient.core.db.ODatabasePoolBase$1.createNewResource(ODatabasePoolBase.java:81)
	at com.orientechnologies.orient.core.db.ODatabasePoolBase$1.createNewResource(ODatabasePoolBase.java:70)
	at com.orientechnologies.common.concur.resource.OResourcePool.getResource(OResourcePool.java:91)
	at com.orientechnologies.common.concur.resource.OReentrantResourcePool.getResource(OReentrantResourcePool.java:67)
	at com.orientechnologies.orient.core.db.ODatabasePoolAbstract.acquire(ODatabasePoolAbstract.java:158)
	at com.orientechnologies.orient.core.db.ODatabasePoolAbstract.acquire(ODatabasePoolAbstract.java:138)
	at com.orientechnologies.orient.core.db.ODatabasePoolBase.acquire(ODatabasePoolBase.java:128)
	at org.apache.gora.orientdb.store.OrientDBStore.createSchema(OrientDBStore.java:205)
	at org.apache.gora.orientdb.store.OrientDBStore_Test.createEmployeeDataStore(OrientDBStore_Test.java:129)
	at org.apache.gora.store.DataStoreTestBase.setUp(DataStoreTestBase.java:96)
	at sun.reflect.GeneratedMethodAccessor1.invoke(Unknown Source)
	at sun.reflect.DelegatingMethodAccessorImpl.invoke(DelegatingMethodAccessorImpl.java:43)
	at java.lang.reflect.Method.invoke(Method.java:601)
	at org.junit.runners.model.FrameworkMethod$1.runReflectiveCall(FrameworkMethod.java:45)
	at org.junit.internal.runners.model.ReflectiveCallable.run(ReflectiveCallable.java:15)
	at org.junit.runners.model.FrameworkMethod.invokeExplosively(FrameworkMethod.java:42)
	at org.junit.internal.runners.statements.RunBefores.evaluate(RunBefores.java:27)
	at org.junit.internal.runners.statements.RunAfters.evaluate(RunAfters.java:30)
	at org.junit.runners.ParentRunner.runLeaf(ParentRunner.java:263)
	at org.junit.runners.BlockJUnit4ClassRunner.runChild(BlockJUnit4ClassRunner.java:68)
	at org.junit.runners.BlockJUnit4ClassRunner.runChild(BlockJUnit4ClassRunner.java:47)
	at org.junit.runners.ParentRunner$3.run(ParentRunner.java:231)
	at org.junit.runners.ParentRunner$1.schedule(ParentRunner.java:60)
	at org.junit.runners.ParentRunner.runChildren(ParentRunner.java:229)
	at org.junit.runners.ParentRunner.access$000(ParentRunner.java:50)
	at org.junit.runners.ParentRunner$2.evaluate(ParentRunner.java:222)
	at org.junit.internal.runners.statements.RunBefores.evaluate(RunBefores.java:28)
	at org.junit.internal.runners.statements.RunAfters.evaluate(RunAfters.java:30)
	at org.junit.runners.ParentRunner.run(ParentRunner.java:300)
	at org.apache.maven.surefire.junit4.JUnit4Provider.execute(JUnit4Provider.java:236)
	at org.apache.maven.surefire.junit4.JUnit4Provider.executeTestSet(JUnit4Provider.java:134)
	at org.apache.maven.surefire.junit4.JUnit4Provider.invoke(JUnit4Provider.java:113)
	at sun.reflect.NativeMethodAccessorImpl.invoke0(Native Method)
	at sun.reflect.NativeMethodAccessorImpl.invoke(NativeMethodAccessorImpl.java:57)
	at sun.reflect.DelegatingMethodAccessorImpl.invoke(DelegatingMethodAccessorImpl.java:43)
	at java.lang.reflect.Method.invoke(Method.java:601)
	at org.apache.maven.surefire.util.ReflectionUtils.invokeMethodWithArray(ReflectionUtils.java:189)
	at org.apache.maven.surefire.booter.ProviderFactory$ProviderProxy.invoke(ProviderFactory.java:165)
	at org.apache.maven.surefire.booter.ProviderFactory.invokeProvider(ProviderFactory.java:85)
	at org.apache.maven.surefire.booter.ForkedBooter.runSuitesInProcess(ForkedBooter.java:103)
	at org.apache.maven.surefire.booter.ForkedBooter.main(ForkedBooter.java:74)
</error>
    <system-err>38287 [main] INFO org.apache.gora.store.DataStoreTestBase - setting up test
38287 [main] WARN org.apache.gora.orientdb.store.OrientDBStore - Unable to load the mapping from resource &apos;C:\Users\Nicolas\gora\gora-orientdb\src\test\resources\gora-orientdb-mapping.xml&apos; as it does not appear to exist! Trying local file.
38318 [main] INFO org.apache.gora.orientdb.store.OrientDBStore - Vertex name : Employee
39341 [main] ERROR org.apache.gora.orientdb.store.OrientDBStore - Generic error while initializingCannot create a connection to remote server address(es): [127.0.0.1:2424]
com.orientechnologies.orient.core.exception.OStorageException: Cannot create a connection to remote server address(es): [127.0.0.1:2424]
	at org.apache.gora.orientdb.store.OrientDBStore.initialize(OrientDBStore.java:187)
	at org.apache.gora.orientdb.store.OrientDBStore_Test.createEmployeeDataStore(OrientDBStore_Test.java:128)
	at org.apache.gora.store.DataStoreTestBase.setUp(DataStoreTestBase.java:96)
	at sun.reflect.GeneratedMethodAccessor1.invoke(Unknown Source)
	at sun.reflect.DelegatingMethodAccessorImpl.invoke(DelegatingMethodAccessorImpl.java:43)
	at java.lang.reflect.Method.invoke(Method.java:601)
	at org.junit.runners.model.FrameworkMethod$1.runReflectiveCall(FrameworkMethod.java:45)
	at org.junit.internal.runners.model.ReflectiveCallable.run(ReflectiveCallable.java:15)
	at org.junit.runners.model.FrameworkMethod.invokeExplosively(FrameworkMethod.java:42)
	at org.junit.internal.runners.statements.RunBefores.evaluate(RunBefores.java:27)
	at org.junit.internal.runners.statements.RunAfters.evaluate(RunAfters.java:30)
	at org.junit.runners.ParentRunner.runLeaf(ParentRunner.java:263)
	at org.junit.runners.BlockJUnit4ClassRunner.runChild(BlockJUnit4ClassRunner.java:68)
	at org.junit.runners.BlockJUnit4ClassRunner.runChild(BlockJUnit4ClassRunner.java:47)
	at org.junit.runners.ParentRunner$3.run(ParentRunner.java:231)
	at org.junit.runners.ParentRunner$1.schedule(ParentRunner.java:60)
	at org.junit.runners.ParentRunner.runChildren(ParentRunner.java:229)
	at org.junit.runners.ParentRunner.access$000(ParentRunner.java:50)
	at org.junit.runners.ParentRunner$2.evaluate(ParentRunner.java:222)
	at org.junit.internal.runners.statements.RunBefores.evaluate(RunBefores.java:28)
	at org.junit.internal.runners.statements.RunAfters.evaluate(RunAfters.java:30)
	at org.junit.runners.ParentRunner.run(ParentRunner.java:300)
	at org.apache.maven.surefire.junit4.JUnit4Provider.execute(JUnit4Provider.java:236)
	at org.apache.maven.surefire.junit4.JUnit4Provider.executeTestSet(JUnit4Provider.java:134)
	at org.apache.maven.surefire.junit4.JUnit4Provider.invoke(JUnit4Provider.java:113)
	at sun.reflect.NativeMethodAccessorImpl.invoke0(Native Method)
	at sun.reflect.NativeMethodAccessorImpl.invoke(NativeMethodAccessorImpl.java:57)
	at sun.reflect.DelegatingMethodAccessorImpl.invoke(DelegatingMethodAccessorImpl.java:43)
	at java.lang.reflect.Method.invoke(Method.java:601)
	at org.apache.maven.surefire.util.ReflectionUtils.invokeMethodWithArray(ReflectionUtils.java:189)
	at org.apache.maven.surefire.booter.ProviderFactory$ProviderProxy.invoke(ProviderFactory.java:165)
	at org.apache.maven.surefire.booter.ProviderFactory.invokeProvider(ProviderFactory.java:85)
	at org.apache.maven.surefire.booter.ForkedBooter.runSuitesInProcess(ForkedBooter.java:103)
	at org.apache.maven.surefire.booter.ForkedBooter.main(ForkedBooter.java:74)
40365 [main] INFO org.apache.gora.store.DataStoreTestBase - tearing down test
</system-err>
  </testcase>
  <testcase time="2.09" classname="org.apache.gora.orientdb.store.OrientDBStore_Test" name="testAutoCreateSchema">
    <error message="Cannot create a connection to remote server address(es): [127.0.0.1:2424]" type="com.orientechnologies.orient.core.exception.OStorageException">com.orientechnologies.orient.core.exception.OStorageException: Cannot create a connection to remote server address(es): [127.0.0.1:2424]
	at com.orientechnologies.orient.client.remote.OStorageRemote.openRemoteDatabase(OStorageRemote.java:1675)
	at com.orientechnologies.orient.client.remote.OStorageRemote.open(OStorageRemote.java:212)
	at com.orientechnologies.orient.client.remote.OStorageRemoteThread.open(OStorageRemoteThread.java:87)
	at com.orientechnologies.orient.core.db.document.ODatabaseDocumentTx.open(ODatabaseDocumentTx.java:244)
	at com.orientechnologies.orient.core.db.document.ODatabaseDocumentTxPooled.&lt;init&gt;(ODatabaseDocumentTxPooled.java:49)
	at com.orientechnologies.orient.core.db.document.ODatabaseDocumentPool.createResource(ODatabaseDocumentPool.java:53)
	at com.orientechnologies.orient.core.db.document.ODatabaseDocumentPool.createResource(ODatabaseDocumentPool.java:28)
	at com.orientechnologies.orient.core.db.ODatabasePoolBase$1.createNewResource(ODatabasePoolBase.java:81)
	at com.orientechnologies.orient.core.db.ODatabasePoolBase$1.createNewResource(ODatabasePoolBase.java:70)
	at com.orientechnologies.common.concur.resource.OResourcePool.getResource(OResourcePool.java:91)
	at com.orientechnologies.common.concur.resource.OReentrantResourcePool.getResource(OReentrantResourcePool.java:67)
	at com.orientechnologies.orient.core.db.ODatabasePoolAbstract.acquire(ODatabasePoolAbstract.java:158)
	at com.orientechnologies.orient.core.db.ODatabasePoolAbstract.acquire(ODatabasePoolAbstract.java:138)
	at com.orientechnologies.orient.core.db.ODatabasePoolBase.acquire(ODatabasePoolBase.java:128)
	at org.apache.gora.orientdb.store.OrientDBStore.createSchema(OrientDBStore.java:205)
	at org.apache.gora.orientdb.store.OrientDBStore_Test.createEmployeeDataStore(OrientDBStore_Test.java:129)
	at org.apache.gora.store.DataStoreTestBase.setUp(DataStoreTestBase.java:96)
	at sun.reflect.GeneratedMethodAccessor1.invoke(Unknown Source)
	at sun.reflect.DelegatingMethodAccessorImpl.invoke(DelegatingMethodAccessorImpl.java:43)
	at java.lang.reflect.Method.invoke(Method.java:601)
	at org.junit.runners.model.FrameworkMethod$1.runReflectiveCall(FrameworkMethod.java:45)
	at org.junit.internal.runners.model.ReflectiveCallable.run(ReflectiveCallable.java:15)
	at org.junit.runners.model.FrameworkMethod.invokeExplosively(FrameworkMethod.java:42)
	at org.junit.internal.runners.statements.RunBefores.evaluate(RunBefores.java:27)
	at org.junit.internal.runners.statements.RunAfters.evaluate(RunAfters.java:30)
	at org.junit.runners.ParentRunner.runLeaf(ParentRunner.java:263)
	at org.junit.runners.BlockJUnit4ClassRunner.runChild(BlockJUnit4ClassRunner.java:68)
	at org.junit.runners.BlockJUnit4ClassRunner.runChild(BlockJUnit4ClassRunner.java:47)
	at org.junit.runners.ParentRunner$3.run(ParentRunner.java:231)
	at org.junit.runners.ParentRunner$1.schedule(ParentRunner.java:60)
	at org.junit.runners.ParentRunner.runChildren(ParentRunner.java:229)
	at org.junit.runners.ParentRunner.access$000(ParentRunner.java:50)
	at org.junit.runners.ParentRunner$2.evaluate(ParentRunner.java:222)
	at org.junit.internal.runners.statements.RunBefores.evaluate(RunBefores.java:28)
	at org.junit.internal.runners.statements.RunAfters.evaluate(RunAfters.java:30)
	at org.junit.runners.ParentRunner.run(ParentRunner.java:300)
	at org.apache.maven.surefire.junit4.JUnit4Provider.execute(JUnit4Provider.java:236)
	at org.apache.maven.surefire.junit4.JUnit4Provider.executeTestSet(JUnit4Provider.java:134)
	at org.apache.maven.surefire.junit4.JUnit4Provider.invoke(JUnit4Provider.java:113)
	at sun.reflect.NativeMethodAccessorImpl.invoke0(Native Method)
	at sun.reflect.NativeMethodAccessorImpl.invoke(NativeMethodAccessorImpl.java:57)
	at sun.reflect.DelegatingMethodAccessorImpl.invoke(DelegatingMethodAccessorImpl.java:43)
	at java.lang.reflect.Method.invoke(Method.java:601)
	at org.apache.maven.surefire.util.ReflectionUtils.invokeMethodWithArray(ReflectionUtils.java:189)
	at org.apache.maven.surefire.booter.ProviderFactory$ProviderProxy.invoke(ProviderFactory.java:165)
	at org.apache.maven.surefire.booter.ProviderFactory.invokeProvider(ProviderFactory.java:85)
	at org.apache.maven.surefire.booter.ForkedBooter.runSuitesInProcess(ForkedBooter.java:103)
	at org.apache.maven.surefire.booter.ForkedBooter.main(ForkedBooter.java:74)
</error>
    <system-err>40369 [main] INFO org.apache.gora.store.DataStoreTestBase - setting up test
40372 [main] WARN org.apache.gora.orientdb.store.OrientDBStore - Unable to load the mapping from resource &apos;C:\Users\Nicolas\gora\gora-orientdb\src\test\resources\gora-orientdb-mapping.xml&apos; as it does not appear to exist! Trying local file.
40418 [main] INFO org.apache.gora.orientdb.store.OrientDBStore - Vertex name : Employee
41425 [main] ERROR org.apache.gora.orientdb.store.OrientDBStore - Generic error while initializingCannot create a connection to remote server address(es): [127.0.0.1:2424]
com.orientechnologies.orient.core.exception.OStorageException: Cannot create a connection to remote server address(es): [127.0.0.1:2424]
	at org.apache.gora.orientdb.store.OrientDBStore.initialize(OrientDBStore.java:187)
	at org.apache.gora.orientdb.store.OrientDBStore_Test.createEmployeeDataStore(OrientDBStore_Test.java:128)
	at org.apache.gora.store.DataStoreTestBase.setUp(DataStoreTestBase.java:96)
	at sun.reflect.GeneratedMethodAccessor1.invoke(Unknown Source)
	at sun.reflect.DelegatingMethodAccessorImpl.invoke(DelegatingMethodAccessorImpl.java:43)
	at java.lang.reflect.Method.invoke(Method.java:601)
	at org.junit.runners.model.FrameworkMethod$1.runReflectiveCall(FrameworkMethod.java:45)
	at org.junit.internal.runners.model.ReflectiveCallable.run(ReflectiveCallable.java:15)
	at org.junit.runners.model.FrameworkMethod.invokeExplosively(FrameworkMethod.java:42)
	at org.junit.internal.runners.statements.RunBefores.evaluate(RunBefores.java:27)
	at org.junit.internal.runners.statements.RunAfters.evaluate(RunAfters.java:30)
	at org.junit.runners.ParentRunner.runLeaf(ParentRunner.java:263)
	at org.junit.runners.BlockJUnit4ClassRunner.runChild(BlockJUnit4ClassRunner.java:68)
	at org.junit.runners.BlockJUnit4ClassRunner.runChild(BlockJUnit4ClassRunner.java:47)
	at org.junit.runners.ParentRunner$3.run(ParentRunner.java:231)
	at org.junit.runners.ParentRunner$1.schedule(ParentRunner.java:60)
	at org.junit.runners.ParentRunner.runChildren(ParentRunner.java:229)
	at org.junit.runners.ParentRunner.access$000(ParentRunner.java:50)
	at org.junit.runners.ParentRunner$2.evaluate(ParentRunner.java:222)
	at org.junit.internal.runners.statements.RunBefores.evaluate(RunBefores.java:28)
	at org.junit.internal.runners.statements.RunAfters.evaluate(RunAfters.java:30)
	at org.junit.runners.ParentRunner.run(ParentRunner.java:300)
	at org.apache.maven.surefire.junit4.JUnit4Provider.execute(JUnit4Provider.java:236)
	at org.apache.maven.surefire.junit4.JUnit4Provider.executeTestSet(JUnit4Provider.java:134)
	at org.apache.maven.surefire.junit4.JUnit4Provider.invoke(JUnit4Provider.java:113)
	at sun.reflect.NativeMethodAccessorImpl.invoke0(Native Method)
	at sun.reflect.NativeMethodAccessorImpl.invoke(NativeMethodAccessorImpl.java:57)
	at sun.reflect.DelegatingMethodAccessorImpl.invoke(DelegatingMethodAccessorImpl.java:43)
	at java.lang.reflect.Method.invoke(Method.java:601)
	at org.apache.maven.surefire.util.ReflectionUtils.invokeMethodWithArray(ReflectionUtils.java:189)
	at org.apache.maven.surefire.booter.ProviderFactory$ProviderProxy.invoke(ProviderFactory.java:165)
	at org.apache.maven.surefire.booter.ProviderFactory.invokeProvider(ProviderFactory.java:85)
	at org.apache.maven.surefire.booter.ForkedBooter.runSuitesInProcess(ForkedBooter.java:103)
	at org.apache.maven.surefire.booter.ForkedBooter.main(ForkedBooter.java:74)
42456 [main] INFO org.apache.gora.store.DataStoreTestBase - tearing down test
</system-err>
  </testcase>
  <testcase time="2.078" classname="org.apache.gora.orientdb.store.OrientDBStore_Test" name="testQueryWebPageSingleKey">
    <error message="Cannot create a connection to remote server address(es): [127.0.0.1:2424]" type="com.orientechnologies.orient.core.exception.OStorageException">com.orientechnologies.orient.core.exception.OStorageException: Cannot create a connection to remote server address(es): [127.0.0.1:2424]
	at com.orientechnologies.orient.client.remote.OStorageRemote.openRemoteDatabase(OStorageRemote.java:1675)
	at com.orientechnologies.orient.client.remote.OStorageRemote.open(OStorageRemote.java:212)
	at com.orientechnologies.orient.client.remote.OStorageRemoteThread.open(OStorageRemoteThread.java:87)
	at com.orientechnologies.orient.core.db.document.ODatabaseDocumentTx.open(ODatabaseDocumentTx.java:244)
	at com.orientechnologies.orient.core.db.document.ODatabaseDocumentTxPooled.&lt;init&gt;(ODatabaseDocumentTxPooled.java:49)
	at com.orientechnologies.orient.core.db.document.ODatabaseDocumentPool.createResource(ODatabaseDocumentPool.java:53)
	at com.orientechnologies.orient.core.db.document.ODatabaseDocumentPool.createResource(ODatabaseDocumentPool.java:28)
	at com.orientechnologies.orient.core.db.ODatabasePoolBase$1.createNewResource(ODatabasePoolBase.java:81)
	at com.orientechnologies.orient.core.db.ODatabasePoolBase$1.createNewResource(ODatabasePoolBase.java:70)
	at com.orientechnologies.common.concur.resource.OResourcePool.getResource(OResourcePool.java:91)
	at com.orientechnologies.common.concur.resource.OReentrantResourcePool.getResource(OReentrantResourcePool.java:67)
	at com.orientechnologies.orient.core.db.ODatabasePoolAbstract.acquire(ODatabasePoolAbstract.java:158)
	at com.orientechnologies.orient.core.db.ODatabasePoolAbstract.acquire(ODatabasePoolAbstract.java:138)
	at com.orientechnologies.orient.core.db.ODatabasePoolBase.acquire(ODatabasePoolBase.java:128)
	at org.apache.gora.orientdb.store.OrientDBStore.createSchema(OrientDBStore.java:205)
	at org.apache.gora.orientdb.store.OrientDBStore_Test.createEmployeeDataStore(OrientDBStore_Test.java:129)
	at org.apache.gora.store.DataStoreTestBase.setUp(DataStoreTestBase.java:96)
	at sun.reflect.GeneratedMethodAccessor1.invoke(Unknown Source)
	at sun.reflect.DelegatingMethodAccessorImpl.invoke(DelegatingMethodAccessorImpl.java:43)
	at java.lang.reflect.Method.invoke(Method.java:601)
	at org.junit.runners.model.FrameworkMethod$1.runReflectiveCall(FrameworkMethod.java:45)
	at org.junit.internal.runners.model.ReflectiveCallable.run(ReflectiveCallable.java:15)
	at org.junit.runners.model.FrameworkMethod.invokeExplosively(FrameworkMethod.java:42)
	at org.junit.internal.runners.statements.RunBefores.evaluate(RunBefores.java:27)
	at org.junit.internal.runners.statements.RunAfters.evaluate(RunAfters.java:30)
	at org.junit.runners.ParentRunner.runLeaf(ParentRunner.java:263)
	at org.junit.runners.BlockJUnit4ClassRunner.runChild(BlockJUnit4ClassRunner.java:68)
	at org.junit.runners.BlockJUnit4ClassRunner.runChild(BlockJUnit4ClassRunner.java:47)
	at org.junit.runners.ParentRunner$3.run(ParentRunner.java:231)
	at org.junit.runners.ParentRunner$1.schedule(ParentRunner.java:60)
	at org.junit.runners.ParentRunner.runChildren(ParentRunner.java:229)
	at org.junit.runners.ParentRunner.access$000(ParentRunner.java:50)
	at org.junit.runners.ParentRunner$2.evaluate(ParentRunner.java:222)
	at org.junit.internal.runners.statements.RunBefores.evaluate(RunBefores.java:28)
	at org.junit.internal.runners.statements.RunAfters.evaluate(RunAfters.java:30)
	at org.junit.runners.ParentRunner.run(ParentRunner.java:300)
	at org.apache.maven.surefire.junit4.JUnit4Provider.execute(JUnit4Provider.java:236)
	at org.apache.maven.surefire.junit4.JUnit4Provider.executeTestSet(JUnit4Provider.java:134)
	at org.apache.maven.surefire.junit4.JUnit4Provider.invoke(JUnit4Provider.java:113)
	at sun.reflect.NativeMethodAccessorImpl.invoke0(Native Method)
	at sun.reflect.NativeMethodAccessorImpl.invoke(NativeMethodAccessorImpl.java:57)
	at sun.reflect.DelegatingMethodAccessorImpl.invoke(DelegatingMethodAccessorImpl.java:43)
	at java.lang.reflect.Method.invoke(Method.java:601)
	at org.apache.maven.surefire.util.ReflectionUtils.invokeMethodWithArray(ReflectionUtils.java:189)
	at org.apache.maven.surefire.booter.ProviderFactory$ProviderProxy.invoke(ProviderFactory.java:165)
	at org.apache.maven.surefire.booter.ProviderFactory.invokeProvider(ProviderFactory.java:85)
	at org.apache.maven.surefire.booter.ForkedBooter.runSuitesInProcess(ForkedBooter.java:103)
	at org.apache.maven.surefire.booter.ForkedBooter.main(ForkedBooter.java:74)
</error>
    <system-err>42460 [main] INFO org.apache.gora.store.DataStoreTestBase - setting up test
42463 [main] WARN org.apache.gora.orientdb.store.OrientDBStore - Unable to load the mapping from resource &apos;C:\Users\Nicolas\gora\gora-orientdb\src\test\resources\gora-orientdb-mapping.xml&apos; as it does not appear to exist! Trying local file.
42502 [main] INFO org.apache.gora.orientdb.store.OrientDBStore - Vertex name : Employee
43514 [main] ERROR org.apache.gora.orientdb.store.OrientDBStore - Generic error while initializingCannot create a connection to remote server address(es): [127.0.0.1:2424]
com.orientechnologies.orient.core.exception.OStorageException: Cannot create a connection to remote server address(es): [127.0.0.1:2424]
	at org.apache.gora.orientdb.store.OrientDBStore.initialize(OrientDBStore.java:187)
	at org.apache.gora.orientdb.store.OrientDBStore_Test.createEmployeeDataStore(OrientDBStore_Test.java:128)
	at org.apache.gora.store.DataStoreTestBase.setUp(DataStoreTestBase.java:96)
	at sun.reflect.GeneratedMethodAccessor1.invoke(Unknown Source)
	at sun.reflect.DelegatingMethodAccessorImpl.invoke(DelegatingMethodAccessorImpl.java:43)
	at java.lang.reflect.Method.invoke(Method.java:601)
	at org.junit.runners.model.FrameworkMethod$1.runReflectiveCall(FrameworkMethod.java:45)
	at org.junit.internal.runners.model.ReflectiveCallable.run(ReflectiveCallable.java:15)
	at org.junit.runners.model.FrameworkMethod.invokeExplosively(FrameworkMethod.java:42)
	at org.junit.internal.runners.statements.RunBefores.evaluate(RunBefores.java:27)
	at org.junit.internal.runners.statements.RunAfters.evaluate(RunAfters.java:30)
	at org.junit.runners.ParentRunner.runLeaf(ParentRunner.java:263)
	at org.junit.runners.BlockJUnit4ClassRunner.runChild(BlockJUnit4ClassRunner.java:68)
	at org.junit.runners.BlockJUnit4ClassRunner.runChild(BlockJUnit4ClassRunner.java:47)
	at org.junit.runners.ParentRunner$3.run(ParentRunner.java:231)
	at org.junit.runners.ParentRunner$1.schedule(ParentRunner.java:60)
	at org.junit.runners.ParentRunner.runChildren(ParentRunner.java:229)
	at org.junit.runners.ParentRunner.access$000(ParentRunner.java:50)
	at org.junit.runners.ParentRunner$2.evaluate(ParentRunner.java:222)
	at org.junit.internal.runners.statements.RunBefores.evaluate(RunBefores.java:28)
	at org.junit.internal.runners.statements.RunAfters.evaluate(RunAfters.java:30)
	at org.junit.runners.ParentRunner.run(ParentRunner.java:300)
	at org.apache.maven.surefire.junit4.JUnit4Provider.execute(JUnit4Provider.java:236)
	at org.apache.maven.surefire.junit4.JUnit4Provider.executeTestSet(JUnit4Provider.java:134)
	at org.apache.maven.surefire.junit4.JUnit4Provider.invoke(JUnit4Provider.java:113)
	at sun.reflect.NativeMethodAccessorImpl.invoke0(Native Method)
	at sun.reflect.NativeMethodAccessorImpl.invoke(NativeMethodAccessorImpl.java:57)
	at sun.reflect.DelegatingMethodAccessorImpl.invoke(DelegatingMethodAccessorImpl.java:43)
	at java.lang.reflect.Method.invoke(Method.java:601)
	at org.apache.maven.surefire.util.ReflectionUtils.invokeMethodWithArray(ReflectionUtils.java:189)
	at org.apache.maven.surefire.booter.ProviderFactory$ProviderProxy.invoke(ProviderFactory.java:165)
	at org.apache.maven.surefire.booter.ProviderFactory.invokeProvider(ProviderFactory.java:85)
	at org.apache.maven.surefire.booter.ForkedBooter.runSuitesInProcess(ForkedBooter.java:103)
	at org.apache.maven.surefire.booter.ForkedBooter.main(ForkedBooter.java:74)
44534 [main] INFO org.apache.gora.store.DataStoreTestBase - tearing down test
</system-err>
  </testcase>
  <testcase time="2.058" classname="org.apache.gora.orientdb.store.OrientDBStore_Test" name="testTruncateSchema">
    <error message="Cannot create a connection to remote server address(es): [127.0.0.1:2424]" type="com.orientechnologies.orient.core.exception.OStorageException">com.orientechnologies.orient.core.exception.OStorageException: Cannot create a connection to remote server address(es): [127.0.0.1:2424]
	at com.orientechnologies.orient.client.remote.OStorageRemote.openRemoteDatabase(OStorageRemote.java:1675)
	at com.orientechnologies.orient.client.remote.OStorageRemote.open(OStorageRemote.java:212)
	at com.orientechnologies.orient.client.remote.OStorageRemoteThread.open(OStorageRemoteThread.java:87)
	at com.orientechnologies.orient.core.db.document.ODatabaseDocumentTx.open(ODatabaseDocumentTx.java:244)
	at com.orientechnologies.orient.core.db.document.ODatabaseDocumentTxPooled.&lt;init&gt;(ODatabaseDocumentTxPooled.java:49)
	at com.orientechnologies.orient.core.db.document.ODatabaseDocumentPool.createResource(ODatabaseDocumentPool.java:53)
	at com.orientechnologies.orient.core.db.document.ODatabaseDocumentPool.createResource(ODatabaseDocumentPool.java:28)
	at com.orientechnologies.orient.core.db.ODatabasePoolBase$1.createNewResource(ODatabasePoolBase.java:81)
	at com.orientechnologies.orient.core.db.ODatabasePoolBase$1.createNewResource(ODatabasePoolBase.java:70)
	at com.orientechnologies.common.concur.resource.OResourcePool.getResource(OResourcePool.java:91)
	at com.orientechnologies.common.concur.resource.OReentrantResourcePool.getResource(OReentrantResourcePool.java:67)
	at com.orientechnologies.orient.core.db.ODatabasePoolAbstract.acquire(ODatabasePoolAbstract.java:158)
	at com.orientechnologies.orient.core.db.ODatabasePoolAbstract.acquire(ODatabasePoolAbstract.java:138)
	at com.orientechnologies.orient.core.db.ODatabasePoolBase.acquire(ODatabasePoolBase.java:128)
	at org.apache.gora.orientdb.store.OrientDBStore.createSchema(OrientDBStore.java:205)
	at org.apache.gora.orientdb.store.OrientDBStore_Test.createEmployeeDataStore(OrientDBStore_Test.java:129)
	at org.apache.gora.store.DataStoreTestBase.setUp(DataStoreTestBase.java:96)
	at sun.reflect.GeneratedMethodAccessor1.invoke(Unknown Source)
	at sun.reflect.DelegatingMethodAccessorImpl.invoke(DelegatingMethodAccessorImpl.java:43)
	at java.lang.reflect.Method.invoke(Method.java:601)
	at org.junit.runners.model.FrameworkMethod$1.runReflectiveCall(FrameworkMethod.java:45)
	at org.junit.internal.runners.model.ReflectiveCallable.run(ReflectiveCallable.java:15)
	at org.junit.runners.model.FrameworkMethod.invokeExplosively(FrameworkMethod.java:42)
	at org.junit.internal.runners.statements.RunBefores.evaluate(RunBefores.java:27)
	at org.junit.internal.runners.statements.RunAfters.evaluate(RunAfters.java:30)
	at org.junit.runners.ParentRunner.runLeaf(ParentRunner.java:263)
	at org.junit.runners.BlockJUnit4ClassRunner.runChild(BlockJUnit4ClassRunner.java:68)
	at org.junit.runners.BlockJUnit4ClassRunner.runChild(BlockJUnit4ClassRunner.java:47)
	at org.junit.runners.ParentRunner$3.run(ParentRunner.java:231)
	at org.junit.runners.ParentRunner$1.schedule(ParentRunner.java:60)
	at org.junit.runners.ParentRunner.runChildren(ParentRunner.java:229)
	at org.junit.runners.ParentRunner.access$000(ParentRunner.java:50)
	at org.junit.runners.ParentRunner$2.evaluate(ParentRunner.java:222)
	at org.junit.internal.runners.statements.RunBefores.evaluate(RunBefores.java:28)
	at org.junit.internal.runners.statements.RunAfters.evaluate(RunAfters.java:30)
	at org.junit.runners.ParentRunner.run(ParentRunner.java:300)
	at org.apache.maven.surefire.junit4.JUnit4Provider.execute(JUnit4Provider.java:236)
	at org.apache.maven.surefire.junit4.JUnit4Provider.executeTestSet(JUnit4Provider.java:134)
	at org.apache.maven.surefire.junit4.JUnit4Provider.invoke(JUnit4Provider.java:113)
	at sun.reflect.NativeMethodAccessorImpl.invoke0(Native Method)
	at sun.reflect.NativeMethodAccessorImpl.invoke(NativeMethodAccessorImpl.java:57)
	at sun.reflect.DelegatingMethodAccessorImpl.invoke(DelegatingMethodAccessorImpl.java:43)
	at java.lang.reflect.Method.invoke(Method.java:601)
	at org.apache.maven.surefire.util.ReflectionUtils.invokeMethodWithArray(ReflectionUtils.java:189)
	at org.apache.maven.surefire.booter.ProviderFactory$ProviderProxy.invoke(ProviderFactory.java:165)
	at org.apache.maven.surefire.booter.ProviderFactory.invokeProvider(ProviderFactory.java:85)
	at org.apache.maven.surefire.booter.ForkedBooter.runSuitesInProcess(ForkedBooter.java:103)
	at org.apache.maven.surefire.booter.ForkedBooter.main(ForkedBooter.java:74)
</error>
    <system-err>44538 [main] INFO org.apache.gora.store.DataStoreTestBase - setting up test
44540 [main] WARN org.apache.gora.orientdb.store.OrientDBStore - Unable to load the mapping from resource &apos;C:\Users\Nicolas\gora\gora-orientdb\src\test\resources\gora-orientdb-mapping.xml&apos; as it does not appear to exist! Trying local file.
44568 [main] INFO org.apache.gora.orientdb.store.OrientDBStore - Vertex name : Employee
45582 [main] ERROR org.apache.gora.orientdb.store.OrientDBStore - Generic error while initializingCannot create a connection to remote server address(es): [127.0.0.1:2424]
com.orientechnologies.orient.core.exception.OStorageException: Cannot create a connection to remote server address(es): [127.0.0.1:2424]
	at org.apache.gora.orientdb.store.OrientDBStore.initialize(OrientDBStore.java:187)
	at org.apache.gora.orientdb.store.OrientDBStore_Test.createEmployeeDataStore(OrientDBStore_Test.java:128)
	at org.apache.gora.store.DataStoreTestBase.setUp(DataStoreTestBase.java:96)
	at sun.reflect.GeneratedMethodAccessor1.invoke(Unknown Source)
	at sun.reflect.DelegatingMethodAccessorImpl.invoke(DelegatingMethodAccessorImpl.java:43)
	at java.lang.reflect.Method.invoke(Method.java:601)
	at org.junit.runners.model.FrameworkMethod$1.runReflectiveCall(FrameworkMethod.java:45)
	at org.junit.internal.runners.model.ReflectiveCallable.run(ReflectiveCallable.java:15)
	at org.junit.runners.model.FrameworkMethod.invokeExplosively(FrameworkMethod.java:42)
	at org.junit.internal.runners.statements.RunBefores.evaluate(RunBefores.java:27)
	at org.junit.internal.runners.statements.RunAfters.evaluate(RunAfters.java:30)
	at org.junit.runners.ParentRunner.runLeaf(ParentRunner.java:263)
	at org.junit.runners.BlockJUnit4ClassRunner.runChild(BlockJUnit4ClassRunner.java:68)
	at org.junit.runners.BlockJUnit4ClassRunner.runChild(BlockJUnit4ClassRunner.java:47)
	at org.junit.runners.ParentRunner$3.run(ParentRunner.java:231)
	at org.junit.runners.ParentRunner$1.schedule(ParentRunner.java:60)
	at org.junit.runners.ParentRunner.runChildren(ParentRunner.java:229)
	at org.junit.runners.ParentRunner.access$000(ParentRunner.java:50)
	at org.junit.runners.ParentRunner$2.evaluate(ParentRunner.java:222)
	at org.junit.internal.runners.statements.RunBefores.evaluate(RunBefores.java:28)
	at org.junit.internal.runners.statements.RunAfters.evaluate(RunAfters.java:30)
	at org.junit.runners.ParentRunner.run(ParentRunner.java:300)
	at org.apache.maven.surefire.junit4.JUnit4Provider.execute(JUnit4Provider.java:236)
	at org.apache.maven.surefire.junit4.JUnit4Provider.executeTestSet(JUnit4Provider.java:134)
	at org.apache.maven.surefire.junit4.JUnit4Provider.invoke(JUnit4Provider.java:113)
	at sun.reflect.NativeMethodAccessorImpl.invoke0(Native Method)
	at sun.reflect.NativeMethodAccessorImpl.invoke(NativeMethodAccessorImpl.java:57)
	at sun.reflect.DelegatingMethodAccessorImpl.invoke(DelegatingMethodAccessorImpl.java:43)
	at java.lang.reflect.Method.invoke(Method.java:601)
	at org.apache.maven.surefire.util.ReflectionUtils.invokeMethodWithArray(ReflectionUtils.java:189)
	at org.apache.maven.surefire.booter.ProviderFactory$ProviderProxy.invoke(ProviderFactory.java:165)
	at org.apache.maven.surefire.booter.ProviderFactory.invokeProvider(ProviderFactory.java:85)
	at org.apache.maven.surefire.booter.ForkedBooter.runSuitesInProcess(ForkedBooter.java:103)
	at org.apache.maven.surefire.booter.ForkedBooter.main(ForkedBooter.java:74)
46592 [main] INFO org.apache.gora.store.DataStoreTestBase - tearing down test
</system-err>
  </testcase>
  <testcase time="2.065" classname="org.apache.gora.orientdb.store.OrientDBStore_Test" name="testPutNested">
    <error message="Cannot create a connection to remote server address(es): [127.0.0.1:2424]" type="com.orientechnologies.orient.core.exception.OStorageException">com.orientechnologies.orient.core.exception.OStorageException: Cannot create a connection to remote server address(es): [127.0.0.1:2424]
	at com.orientechnologies.orient.client.remote.OStorageRemote.openRemoteDatabase(OStorageRemote.java:1675)
	at com.orientechnologies.orient.client.remote.OStorageRemote.open(OStorageRemote.java:212)
	at com.orientechnologies.orient.client.remote.OStorageRemoteThread.open(OStorageRemoteThread.java:87)
	at com.orientechnologies.orient.core.db.document.ODatabaseDocumentTx.open(ODatabaseDocumentTx.java:244)
	at com.orientechnologies.orient.core.db.document.ODatabaseDocumentTxPooled.&lt;init&gt;(ODatabaseDocumentTxPooled.java:49)
	at com.orientechnologies.orient.core.db.document.ODatabaseDocumentPool.createResource(ODatabaseDocumentPool.java:53)
	at com.orientechnologies.orient.core.db.document.ODatabaseDocumentPool.createResource(ODatabaseDocumentPool.java:28)
	at com.orientechnologies.orient.core.db.ODatabasePoolBase$1.createNewResource(ODatabasePoolBase.java:81)
	at com.orientechnologies.orient.core.db.ODatabasePoolBase$1.createNewResource(ODatabasePoolBase.java:70)
	at com.orientechnologies.common.concur.resource.OResourcePool.getResource(OResourcePool.java:91)
	at com.orientechnologies.common.concur.resource.OReentrantResourcePool.getResource(OReentrantResourcePool.java:67)
	at com.orientechnologies.orient.core.db.ODatabasePoolAbstract.acquire(ODatabasePoolAbstract.java:158)
	at com.orientechnologies.orient.core.db.ODatabasePoolAbstract.acquire(ODatabasePoolAbstract.java:138)
	at com.orientechnologies.orient.core.db.ODatabasePoolBase.acquire(ODatabasePoolBase.java:128)
	at org.apache.gora.orientdb.store.OrientDBStore.createSchema(OrientDBStore.java:205)
	at org.apache.gora.orientdb.store.OrientDBStore_Test.createEmployeeDataStore(OrientDBStore_Test.java:129)
	at org.apache.gora.store.DataStoreTestBase.setUp(DataStoreTestBase.java:96)
	at sun.reflect.GeneratedMethodAccessor1.invoke(Unknown Source)
	at sun.reflect.DelegatingMethodAccessorImpl.invoke(DelegatingMethodAccessorImpl.java:43)
	at java.lang.reflect.Method.invoke(Method.java:601)
	at org.junit.runners.model.FrameworkMethod$1.runReflectiveCall(FrameworkMethod.java:45)
	at org.junit.internal.runners.model.ReflectiveCallable.run(ReflectiveCallable.java:15)
	at org.junit.runners.model.FrameworkMethod.invokeExplosively(FrameworkMethod.java:42)
	at org.junit.internal.runners.statements.RunBefores.evaluate(RunBefores.java:27)
	at org.junit.internal.runners.statements.RunAfters.evaluate(RunAfters.java:30)
	at org.junit.runners.ParentRunner.runLeaf(ParentRunner.java:263)
	at org.junit.runners.BlockJUnit4ClassRunner.runChild(BlockJUnit4ClassRunner.java:68)
	at org.junit.runners.BlockJUnit4ClassRunner.runChild(BlockJUnit4ClassRunner.java:47)
	at org.junit.runners.ParentRunner$3.run(ParentRunner.java:231)
	at org.junit.runners.ParentRunner$1.schedule(ParentRunner.java:60)
	at org.junit.runners.ParentRunner.runChildren(ParentRunner.java:229)
	at org.junit.runners.ParentRunner.access$000(ParentRunner.java:50)
	at org.junit.runners.ParentRunner$2.evaluate(ParentRunner.java:222)
	at org.junit.internal.runners.statements.RunBefores.evaluate(RunBefores.java:28)
	at org.junit.internal.runners.statements.RunAfters.evaluate(RunAfters.java:30)
	at org.junit.runners.ParentRunner.run(ParentRunner.java:300)
	at org.apache.maven.surefire.junit4.JUnit4Provider.execute(JUnit4Provider.java:236)
	at org.apache.maven.surefire.junit4.JUnit4Provider.executeTestSet(JUnit4Provider.java:134)
	at org.apache.maven.surefire.junit4.JUnit4Provider.invoke(JUnit4Provider.java:113)
	at sun.reflect.NativeMethodAccessorImpl.invoke0(Native Method)
	at sun.reflect.NativeMethodAccessorImpl.invoke(NativeMethodAccessorImpl.java:57)
	at sun.reflect.DelegatingMethodAccessorImpl.invoke(DelegatingMethodAccessorImpl.java:43)
	at java.lang.reflect.Method.invoke(Method.java:601)
	at org.apache.maven.surefire.util.ReflectionUtils.invokeMethodWithArray(ReflectionUtils.java:189)
	at org.apache.maven.surefire.booter.ProviderFactory$ProviderProxy.invoke(ProviderFactory.java:165)
	at org.apache.maven.surefire.booter.ProviderFactory.invokeProvider(ProviderFactory.java:85)
	at org.apache.maven.surefire.booter.ForkedBooter.runSuitesInProcess(ForkedBooter.java:103)
	at org.apache.maven.surefire.booter.ForkedBooter.main(ForkedBooter.java:74)
</error>
    <system-err>46595 [main] INFO org.apache.gora.store.DataStoreTestBase - setting up test
46598 [main] WARN org.apache.gora.orientdb.store.OrientDBStore - Unable to load the mapping from resource &apos;C:\Users\Nicolas\gora\gora-orientdb\src\test\resources\gora-orientdb-mapping.xml&apos; as it does not appear to exist! Trying local file.
46626 [main] INFO org.apache.gora.orientdb.store.OrientDBStore - Vertex name : Employee
47631 [main] ERROR org.apache.gora.orientdb.store.OrientDBStore - Generic error while initializingCannot create a connection to remote server address(es): [127.0.0.1:2424]
com.orientechnologies.orient.core.exception.OStorageException: Cannot create a connection to remote server address(es): [127.0.0.1:2424]
	at org.apache.gora.orientdb.store.OrientDBStore.initialize(OrientDBStore.java:187)
	at org.apache.gora.orientdb.store.OrientDBStore_Test.createEmployeeDataStore(OrientDBStore_Test.java:128)
	at org.apache.gora.store.DataStoreTestBase.setUp(DataStoreTestBase.java:96)
	at sun.reflect.GeneratedMethodAccessor1.invoke(Unknown Source)
	at sun.reflect.DelegatingMethodAccessorImpl.invoke(DelegatingMethodAccessorImpl.java:43)
	at java.lang.reflect.Method.invoke(Method.java:601)
	at org.junit.runners.model.FrameworkMethod$1.runReflectiveCall(FrameworkMethod.java:45)
	at org.junit.internal.runners.model.ReflectiveCallable.run(ReflectiveCallable.java:15)
	at org.junit.runners.model.FrameworkMethod.invokeExplosively(FrameworkMethod.java:42)
	at org.junit.internal.runners.statements.RunBefores.evaluate(RunBefores.java:27)
	at org.junit.internal.runners.statements.RunAfters.evaluate(RunAfters.java:30)
	at org.junit.runners.ParentRunner.runLeaf(ParentRunner.java:263)
	at org.junit.runners.BlockJUnit4ClassRunner.runChild(BlockJUnit4ClassRunner.java:68)
	at org.junit.runners.BlockJUnit4ClassRunner.runChild(BlockJUnit4ClassRunner.java:47)
	at org.junit.runners.ParentRunner$3.run(ParentRunner.java:231)
	at org.junit.runners.ParentRunner$1.schedule(ParentRunner.java:60)
	at org.junit.runners.ParentRunner.runChildren(ParentRunner.java:229)
	at org.junit.runners.ParentRunner.access$000(ParentRunner.java:50)
	at org.junit.runners.ParentRunner$2.evaluate(ParentRunner.java:222)
	at org.junit.internal.runners.statements.RunBefores.evaluate(RunBefores.java:28)
	at org.junit.internal.runners.statements.RunAfters.evaluate(RunAfters.java:30)
	at org.junit.runners.ParentRunner.run(ParentRunner.java:300)
	at org.apache.maven.surefire.junit4.JUnit4Provider.execute(JUnit4Provider.java:236)
	at org.apache.maven.surefire.junit4.JUnit4Provider.executeTestSet(JUnit4Provider.java:134)
	at org.apache.maven.surefire.junit4.JUnit4Provider.invoke(JUnit4Provider.java:113)
	at sun.reflect.NativeMethodAccessorImpl.invoke0(Native Method)
	at sun.reflect.NativeMethodAccessorImpl.invoke(NativeMethodAccessorImpl.java:57)
	at sun.reflect.DelegatingMethodAccessorImpl.invoke(DelegatingMethodAccessorImpl.java:43)
	at java.lang.reflect.Method.invoke(Method.java:601)
	at org.apache.maven.surefire.util.ReflectionUtils.invokeMethodWithArray(ReflectionUtils.java:189)
	at org.apache.maven.surefire.booter.ProviderFactory$ProviderProxy.invoke(ProviderFactory.java:165)
	at org.apache.maven.surefire.booter.ProviderFactory.invokeProvider(ProviderFactory.java:85)
	at org.apache.maven.surefire.booter.ForkedBooter.runSuitesInProcess(ForkedBooter.java:103)
	at org.apache.maven.surefire.booter.ForkedBooter.main(ForkedBooter.java:74)
48658 [main] INFO org.apache.gora.store.DataStoreTestBase - tearing down test
</system-err>
  </testcase>
  <testcase time="2.148" classname="org.apache.gora.orientdb.store.OrientDBStore_Test" name="testGetWithFields">
    <error message="Cannot create a connection to remote server address(es): [127.0.0.1:2424]" type="com.orientechnologies.orient.core.exception.OStorageException">com.orientechnologies.orient.core.exception.OStorageException: Cannot create a connection to remote server address(es): [127.0.0.1:2424]
	at com.orientechnologies.orient.client.remote.OStorageRemote.openRemoteDatabase(OStorageRemote.java:1675)
	at com.orientechnologies.orient.client.remote.OStorageRemote.open(OStorageRemote.java:212)
	at com.orientechnologies.orient.client.remote.OStorageRemoteThread.open(OStorageRemoteThread.java:87)
	at com.orientechnologies.orient.core.db.document.ODatabaseDocumentTx.open(ODatabaseDocumentTx.java:244)
	at com.orientechnologies.orient.core.db.document.ODatabaseDocumentTxPooled.&lt;init&gt;(ODatabaseDocumentTxPooled.java:49)
	at com.orientechnologies.orient.core.db.document.ODatabaseDocumentPool.createResource(ODatabaseDocumentPool.java:53)
	at com.orientechnologies.orient.core.db.document.ODatabaseDocumentPool.createResource(ODatabaseDocumentPool.java:28)
	at com.orientechnologies.orient.core.db.ODatabasePoolBase$1.createNewResource(ODatabasePoolBase.java:81)
	at com.orientechnologies.orient.core.db.ODatabasePoolBase$1.createNewResource(ODatabasePoolBase.java:70)
	at com.orientechnologies.common.concur.resource.OResourcePool.getResource(OResourcePool.java:91)
	at com.orientechnologies.common.concur.resource.OReentrantResourcePool.getResource(OReentrantResourcePool.java:67)
	at com.orientechnologies.orient.core.db.ODatabasePoolAbstract.acquire(ODatabasePoolAbstract.java:158)
	at com.orientechnologies.orient.core.db.ODatabasePoolAbstract.acquire(ODatabasePoolAbstract.java:138)
	at com.orientechnologies.orient.core.db.ODatabasePoolBase.acquire(ODatabasePoolBase.java:128)
	at org.apache.gora.orientdb.store.OrientDBStore.createSchema(OrientDBStore.java:205)
	at org.apache.gora.orientdb.store.OrientDBStore_Test.createEmployeeDataStore(OrientDBStore_Test.java:129)
	at org.apache.gora.store.DataStoreTestBase.setUp(DataStoreTestBase.java:96)
	at sun.reflect.GeneratedMethodAccessor1.invoke(Unknown Source)
	at sun.reflect.DelegatingMethodAccessorImpl.invoke(DelegatingMethodAccessorImpl.java:43)
	at java.lang.reflect.Method.invoke(Method.java:601)
	at org.junit.runners.model.FrameworkMethod$1.runReflectiveCall(FrameworkMethod.java:45)
	at org.junit.internal.runners.model.ReflectiveCallable.run(ReflectiveCallable.java:15)
	at org.junit.runners.model.FrameworkMethod.invokeExplosively(FrameworkMethod.java:42)
	at org.junit.internal.runners.statements.RunBefores.evaluate(RunBefores.java:27)
	at org.junit.internal.runners.statements.RunAfters.evaluate(RunAfters.java:30)
	at org.junit.runners.ParentRunner.runLeaf(ParentRunner.java:263)
	at org.junit.runners.BlockJUnit4ClassRunner.runChild(BlockJUnit4ClassRunner.java:68)
	at org.junit.runners.BlockJUnit4ClassRunner.runChild(BlockJUnit4ClassRunner.java:47)
	at org.junit.runners.ParentRunner$3.run(ParentRunner.java:231)
	at org.junit.runners.ParentRunner$1.schedule(ParentRunner.java:60)
	at org.junit.runners.ParentRunner.runChildren(ParentRunner.java:229)
	at org.junit.runners.ParentRunner.access$000(ParentRunner.java:50)
	at org.junit.runners.ParentRunner$2.evaluate(ParentRunner.java:222)
	at org.junit.internal.runners.statements.RunBefores.evaluate(RunBefores.java:28)
	at org.junit.internal.runners.statements.RunAfters.evaluate(RunAfters.java:30)
	at org.junit.runners.ParentRunner.run(ParentRunner.java:300)
	at org.apache.maven.surefire.junit4.JUnit4Provider.execute(JUnit4Provider.java:236)
	at org.apache.maven.surefire.junit4.JUnit4Provider.executeTestSet(JUnit4Provider.java:134)
	at org.apache.maven.surefire.junit4.JUnit4Provider.invoke(JUnit4Provider.java:113)
	at sun.reflect.NativeMethodAccessorImpl.invoke0(Native Method)
	at sun.reflect.NativeMethodAccessorImpl.invoke(NativeMethodAccessorImpl.java:57)
	at sun.reflect.DelegatingMethodAccessorImpl.invoke(DelegatingMethodAccessorImpl.java:43)
	at java.lang.reflect.Method.invoke(Method.java:601)
	at org.apache.maven.surefire.util.ReflectionUtils.invokeMethodWithArray(ReflectionUtils.java:189)
	at org.apache.maven.surefire.booter.ProviderFactory$ProviderProxy.invoke(ProviderFactory.java:165)
	at org.apache.maven.surefire.booter.ProviderFactory.invokeProvider(ProviderFactory.java:85)
	at org.apache.maven.surefire.booter.ForkedBooter.runSuitesInProcess(ForkedBooter.java:103)
	at org.apache.maven.surefire.booter.ForkedBooter.main(ForkedBooter.java:74)
</error>
    <system-err>48661 [main] INFO org.apache.gora.store.DataStoreTestBase - setting up test
48742 [main] WARN org.apache.gora.orientdb.store.OrientDBStore - Unable to load the mapping from resource &apos;C:\Users\Nicolas\gora\gora-orientdb\src\test\resources\gora-orientdb-mapping.xml&apos; as it does not appear to exist! Trying local file.
48779 [main] INFO org.apache.gora.orientdb.store.OrientDBStore - Vertex name : Employee
49775 [main] ERROR org.apache.gora.orientdb.store.OrientDBStore - Generic error while initializingCannot create a connection to remote server address(es): [127.0.0.1:2424]
com.orientechnologies.orient.core.exception.OStorageException: Cannot create a connection to remote server address(es): [127.0.0.1:2424]
	at org.apache.gora.orientdb.store.OrientDBStore.initialize(OrientDBStore.java:187)
	at org.apache.gora.orientdb.store.OrientDBStore_Test.createEmployeeDataStore(OrientDBStore_Test.java:128)
	at org.apache.gora.store.DataStoreTestBase.setUp(DataStoreTestBase.java:96)
	at sun.reflect.GeneratedMethodAccessor1.invoke(Unknown Source)
	at sun.reflect.DelegatingMethodAccessorImpl.invoke(DelegatingMethodAccessorImpl.java:43)
	at java.lang.reflect.Method.invoke(Method.java:601)
	at org.junit.runners.model.FrameworkMethod$1.runReflectiveCall(FrameworkMethod.java:45)
	at org.junit.internal.runners.model.ReflectiveCallable.run(ReflectiveCallable.java:15)
	at org.junit.runners.model.FrameworkMethod.invokeExplosively(FrameworkMethod.java:42)
	at org.junit.internal.runners.statements.RunBefores.evaluate(RunBefores.java:27)
	at org.junit.internal.runners.statements.RunAfters.evaluate(RunAfters.java:30)
	at org.junit.runners.ParentRunner.runLeaf(ParentRunner.java:263)
	at org.junit.runners.BlockJUnit4ClassRunner.runChild(BlockJUnit4ClassRunner.java:68)
	at org.junit.runners.BlockJUnit4ClassRunner.runChild(BlockJUnit4ClassRunner.java:47)
	at org.junit.runners.ParentRunner$3.run(ParentRunner.java:231)
	at org.junit.runners.ParentRunner$1.schedule(ParentRunner.java:60)
	at org.junit.runners.ParentRunner.runChildren(ParentRunner.java:229)
	at org.junit.runners.ParentRunner.access$000(ParentRunner.java:50)
	at org.junit.runners.ParentRunner$2.evaluate(ParentRunner.java:222)
	at org.junit.internal.runners.statements.RunBefores.evaluate(RunBefores.java:28)
	at org.junit.internal.runners.statements.RunAfters.evaluate(RunAfters.java:30)
	at org.junit.runners.ParentRunner.run(ParentRunner.java:300)
	at org.apache.maven.surefire.junit4.JUnit4Provider.execute(JUnit4Provider.java:236)
	at org.apache.maven.surefire.junit4.JUnit4Provider.executeTestSet(JUnit4Provider.java:134)
	at org.apache.maven.surefire.junit4.JUnit4Provider.invoke(JUnit4Provider.java:113)
	at sun.reflect.NativeMethodAccessorImpl.invoke0(Native Method)
	at sun.reflect.NativeMethodAccessorImpl.invoke(NativeMethodAccessorImpl.java:57)
	at sun.reflect.DelegatingMethodAccessorImpl.invoke(DelegatingMethodAccessorImpl.java:43)
	at java.lang.reflect.Method.invoke(Method.java:601)
	at org.apache.maven.surefire.util.ReflectionUtils.invokeMethodWithArray(ReflectionUtils.java:189)
	at org.apache.maven.surefire.booter.ProviderFactory$ProviderProxy.invoke(ProviderFactory.java:165)
	at org.apache.maven.surefire.booter.ProviderFactory.invokeProvider(ProviderFactory.java:85)
	at org.apache.maven.surefire.booter.ForkedBooter.runSuitesInProcess(ForkedBooter.java:103)
	at org.apache.maven.surefire.booter.ForkedBooter.main(ForkedBooter.java:74)
50809 [main] INFO org.apache.gora.store.DataStoreTestBase - tearing down test
</system-err>
  </testcase>
  <testcase time="2.063" classname="org.apache.gora.orientdb.store.OrientDBStore_Test" name="testGetDoubleRecursive">
    <error message="Cannot create a connection to remote server address(es): [127.0.0.1:2424]" type="com.orientechnologies.orient.core.exception.OStorageException">com.orientechnologies.orient.core.exception.OStorageException: Cannot create a connection to remote server address(es): [127.0.0.1:2424]
	at com.orientechnologies.orient.client.remote.OStorageRemote.openRemoteDatabase(OStorageRemote.java:1675)
	at com.orientechnologies.orient.client.remote.OStorageRemote.open(OStorageRemote.java:212)
	at com.orientechnologies.orient.client.remote.OStorageRemoteThread.open(OStorageRemoteThread.java:87)
	at com.orientechnologies.orient.core.db.document.ODatabaseDocumentTx.open(ODatabaseDocumentTx.java:244)
	at com.orientechnologies.orient.core.db.document.ODatabaseDocumentTxPooled.&lt;init&gt;(ODatabaseDocumentTxPooled.java:49)
	at com.orientechnologies.orient.core.db.document.ODatabaseDocumentPool.createResource(ODatabaseDocumentPool.java:53)
	at com.orientechnologies.orient.core.db.document.ODatabaseDocumentPool.createResource(ODatabaseDocumentPool.java:28)
	at com.orientechnologies.orient.core.db.ODatabasePoolBase$1.createNewResource(ODatabasePoolBase.java:81)
	at com.orientechnologies.orient.core.db.ODatabasePoolBase$1.createNewResource(ODatabasePoolBase.java:70)
	at com.orientechnologies.common.concur.resource.OResourcePool.getResource(OResourcePool.java:91)
	at com.orientechnologies.common.concur.resource.OReentrantResourcePool.getResource(OReentrantResourcePool.java:67)
	at com.orientechnologies.orient.core.db.ODatabasePoolAbstract.acquire(ODatabasePoolAbstract.java:158)
	at com.orientechnologies.orient.core.db.ODatabasePoolAbstract.acquire(ODatabasePoolAbstract.java:138)
	at com.orientechnologies.orient.core.db.ODatabasePoolBase.acquire(ODatabasePoolBase.java:128)
	at org.apache.gora.orientdb.store.OrientDBStore.createSchema(OrientDBStore.java:205)
	at org.apache.gora.orientdb.store.OrientDBStore_Test.createEmployeeDataStore(OrientDBStore_Test.java:129)
	at org.apache.gora.store.DataStoreTestBase.setUp(DataStoreTestBase.java:96)
	at sun.reflect.GeneratedMethodAccessor1.invoke(Unknown Source)
	at sun.reflect.DelegatingMethodAccessorImpl.invoke(DelegatingMethodAccessorImpl.java:43)
	at java.lang.reflect.Method.invoke(Method.java:601)
	at org.junit.runners.model.FrameworkMethod$1.runReflectiveCall(FrameworkMethod.java:45)
	at org.junit.internal.runners.model.ReflectiveCallable.run(ReflectiveCallable.java:15)
	at org.junit.runners.model.FrameworkMethod.invokeExplosively(FrameworkMethod.java:42)
	at org.junit.internal.runners.statements.RunBefores.evaluate(RunBefores.java:27)
	at org.junit.internal.runners.statements.RunAfters.evaluate(RunAfters.java:30)
	at org.junit.runners.ParentRunner.runLeaf(ParentRunner.java:263)
	at org.junit.runners.BlockJUnit4ClassRunner.runChild(BlockJUnit4ClassRunner.java:68)
	at org.junit.runners.BlockJUnit4ClassRunner.runChild(BlockJUnit4ClassRunner.java:47)
	at org.junit.runners.ParentRunner$3.run(ParentRunner.java:231)
	at org.junit.runners.ParentRunner$1.schedule(ParentRunner.java:60)
	at org.junit.runners.ParentRunner.runChildren(ParentRunner.java:229)
	at org.junit.runners.ParentRunner.access$000(ParentRunner.java:50)
	at org.junit.runners.ParentRunner$2.evaluate(ParentRunner.java:222)
	at org.junit.internal.runners.statements.RunBefores.evaluate(RunBefores.java:28)
	at org.junit.internal.runners.statements.RunAfters.evaluate(RunAfters.java:30)
	at org.junit.runners.ParentRunner.run(ParentRunner.java:300)
	at org.apache.maven.surefire.junit4.JUnit4Provider.execute(JUnit4Provider.java:236)
	at org.apache.maven.surefire.junit4.JUnit4Provider.executeTestSet(JUnit4Provider.java:134)
	at org.apache.maven.surefire.junit4.JUnit4Provider.invoke(JUnit4Provider.java:113)
	at sun.reflect.NativeMethodAccessorImpl.invoke0(Native Method)
	at sun.reflect.NativeMethodAccessorImpl.invoke(NativeMethodAccessorImpl.java:57)
	at sun.reflect.DelegatingMethodAccessorImpl.invoke(DelegatingMethodAccessorImpl.java:43)
	at java.lang.reflect.Method.invoke(Method.java:601)
	at org.apache.maven.surefire.util.ReflectionUtils.invokeMethodWithArray(ReflectionUtils.java:189)
	at org.apache.maven.surefire.booter.ProviderFactory$ProviderProxy.invoke(ProviderFactory.java:165)
	at org.apache.maven.surefire.booter.ProviderFactory.invokeProvider(ProviderFactory.java:85)
	at org.apache.maven.surefire.booter.ForkedBooter.runSuitesInProcess(ForkedBooter.java:103)
	at org.apache.maven.surefire.booter.ForkedBooter.main(ForkedBooter.java:74)
</error>
    <system-err>50809 [main] INFO org.apache.gora.store.DataStoreTestBase - setting up test
50809 [main] WARN org.apache.gora.orientdb.store.OrientDBStore - Unable to load the mapping from resource &apos;C:\Users\Nicolas\gora\gora-orientdb\src\test\resources\gora-orientdb-mapping.xml&apos; as it does not appear to exist! Trying local file.
50841 [main] INFO org.apache.gora.orientdb.store.OrientDBStore - Vertex name : Employee
51856 [main] ERROR org.apache.gora.orientdb.store.OrientDBStore - Generic error while initializingCannot create a connection to remote server address(es): [127.0.0.1:2424]
com.orientechnologies.orient.core.exception.OStorageException: Cannot create a connection to remote server address(es): [127.0.0.1:2424]
	at org.apache.gora.orientdb.store.OrientDBStore.initialize(OrientDBStore.java:187)
	at org.apache.gora.orientdb.store.OrientDBStore_Test.createEmployeeDataStore(OrientDBStore_Test.java:128)
	at org.apache.gora.store.DataStoreTestBase.setUp(DataStoreTestBase.java:96)
	at sun.reflect.GeneratedMethodAccessor1.invoke(Unknown Source)
	at sun.reflect.DelegatingMethodAccessorImpl.invoke(DelegatingMethodAccessorImpl.java:43)
	at java.lang.reflect.Method.invoke(Method.java:601)
	at org.junit.runners.model.FrameworkMethod$1.runReflectiveCall(FrameworkMethod.java:45)
	at org.junit.internal.runners.model.ReflectiveCallable.run(ReflectiveCallable.java:15)
	at org.junit.runners.model.FrameworkMethod.invokeExplosively(FrameworkMethod.java:42)
	at org.junit.internal.runners.statements.RunBefores.evaluate(RunBefores.java:27)
	at org.junit.internal.runners.statements.RunAfters.evaluate(RunAfters.java:30)
	at org.junit.runners.ParentRunner.runLeaf(ParentRunner.java:263)
	at org.junit.runners.BlockJUnit4ClassRunner.runChild(BlockJUnit4ClassRunner.java:68)
	at org.junit.runners.BlockJUnit4ClassRunner.runChild(BlockJUnit4ClassRunner.java:47)
	at org.junit.runners.ParentRunner$3.run(ParentRunner.java:231)
	at org.junit.runners.ParentRunner$1.schedule(ParentRunner.java:60)
	at org.junit.runners.ParentRunner.runChildren(ParentRunner.java:229)
	at org.junit.runners.ParentRunner.access$000(ParentRunner.java:50)
	at org.junit.runners.ParentRunner$2.evaluate(ParentRunner.java:222)
	at org.junit.internal.runners.statements.RunBefores.evaluate(RunBefores.java:28)
	at org.junit.internal.runners.statements.RunAfters.evaluate(RunAfters.java:30)
	at org.junit.runners.ParentRunner.run(ParentRunner.java:300)
	at org.apache.maven.surefire.junit4.JUnit4Provider.execute(JUnit4Provider.java:236)
	at org.apache.maven.surefire.junit4.JUnit4Provider.executeTestSet(JUnit4Provider.java:134)
	at org.apache.maven.surefire.junit4.JUnit4Provider.invoke(JUnit4Provider.java:113)
	at sun.reflect.NativeMethodAccessorImpl.invoke0(Native Method)
	at sun.reflect.NativeMethodAccessorImpl.invoke(NativeMethodAccessorImpl.java:57)
	at sun.reflect.DelegatingMethodAccessorImpl.invoke(DelegatingMethodAccessorImpl.java:43)
	at java.lang.reflect.Method.invoke(Method.java:601)
	at org.apache.maven.surefire.util.ReflectionUtils.invokeMethodWithArray(ReflectionUtils.java:189)
	at org.apache.maven.surefire.booter.ProviderFactory$ProviderProxy.invoke(ProviderFactory.java:165)
	at org.apache.maven.surefire.booter.ProviderFactory.invokeProvider(ProviderFactory.java:85)
	at org.apache.maven.surefire.booter.ForkedBooter.runSuitesInProcess(ForkedBooter.java:103)
	at org.apache.maven.surefire.booter.ForkedBooter.main(ForkedBooter.java:74)
52872 [main] INFO org.apache.gora.store.DataStoreTestBase - tearing down test
</system-err>
  </testcase>
  <testcase time="2.063" classname="org.apache.gora.orientdb.store.OrientDBStore_Test" name="testPutBytes">
    <error message="Cannot create a connection to remote server address(es): [127.0.0.1:2424]" type="com.orientechnologies.orient.core.exception.OStorageException">com.orientechnologies.orient.core.exception.OStorageException: Cannot create a connection to remote server address(es): [127.0.0.1:2424]
	at com.orientechnologies.orient.client.remote.OStorageRemote.openRemoteDatabase(OStorageRemote.java:1675)
	at com.orientechnologies.orient.client.remote.OStorageRemote.open(OStorageRemote.java:212)
	at com.orientechnologies.orient.client.remote.OStorageRemoteThread.open(OStorageRemoteThread.java:87)
	at com.orientechnologies.orient.core.db.document.ODatabaseDocumentTx.open(ODatabaseDocumentTx.java:244)
	at com.orientechnologies.orient.core.db.document.ODatabaseDocumentTxPooled.&lt;init&gt;(ODatabaseDocumentTxPooled.java:49)
	at com.orientechnologies.orient.core.db.document.ODatabaseDocumentPool.createResource(ODatabaseDocumentPool.java:53)
	at com.orientechnologies.orient.core.db.document.ODatabaseDocumentPool.createResource(ODatabaseDocumentPool.java:28)
	at com.orientechnologies.orient.core.db.ODatabasePoolBase$1.createNewResource(ODatabasePoolBase.java:81)
	at com.orientechnologies.orient.core.db.ODatabasePoolBase$1.createNewResource(ODatabasePoolBase.java:70)
	at com.orientechnologies.common.concur.resource.OResourcePool.getResource(OResourcePool.java:91)
	at com.orientechnologies.common.concur.resource.OReentrantResourcePool.getResource(OReentrantResourcePool.java:67)
	at com.orientechnologies.orient.core.db.ODatabasePoolAbstract.acquire(ODatabasePoolAbstract.java:158)
	at com.orientechnologies.orient.core.db.ODatabasePoolAbstract.acquire(ODatabasePoolAbstract.java:138)
	at com.orientechnologies.orient.core.db.ODatabasePoolBase.acquire(ODatabasePoolBase.java:128)
	at org.apache.gora.orientdb.store.OrientDBStore.createSchema(OrientDBStore.java:205)
	at org.apache.gora.orientdb.store.OrientDBStore_Test.createEmployeeDataStore(OrientDBStore_Test.java:129)
	at org.apache.gora.store.DataStoreTestBase.setUp(DataStoreTestBase.java:96)
	at sun.reflect.GeneratedMethodAccessor1.invoke(Unknown Source)
	at sun.reflect.DelegatingMethodAccessorImpl.invoke(DelegatingMethodAccessorImpl.java:43)
	at java.lang.reflect.Method.invoke(Method.java:601)
	at org.junit.runners.model.FrameworkMethod$1.runReflectiveCall(FrameworkMethod.java:45)
	at org.junit.internal.runners.model.ReflectiveCallable.run(ReflectiveCallable.java:15)
	at org.junit.runners.model.FrameworkMethod.invokeExplosively(FrameworkMethod.java:42)
	at org.junit.internal.runners.statements.RunBefores.evaluate(RunBefores.java:27)
	at org.junit.internal.runners.statements.RunAfters.evaluate(RunAfters.java:30)
	at org.junit.runners.ParentRunner.runLeaf(ParentRunner.java:263)
	at org.junit.runners.BlockJUnit4ClassRunner.runChild(BlockJUnit4ClassRunner.java:68)
	at org.junit.runners.BlockJUnit4ClassRunner.runChild(BlockJUnit4ClassRunner.java:47)
	at org.junit.runners.ParentRunner$3.run(ParentRunner.java:231)
	at org.junit.runners.ParentRunner$1.schedule(ParentRunner.java:60)
	at org.junit.runners.ParentRunner.runChildren(ParentRunner.java:229)
	at org.junit.runners.ParentRunner.access$000(ParentRunner.java:50)
	at org.junit.runners.ParentRunner$2.evaluate(ParentRunner.java:222)
	at org.junit.internal.runners.statements.RunBefores.evaluate(RunBefores.java:28)
	at org.junit.internal.runners.statements.RunAfters.evaluate(RunAfters.java:30)
	at org.junit.runners.ParentRunner.run(ParentRunner.java:300)
	at org.apache.maven.surefire.junit4.JUnit4Provider.execute(JUnit4Provider.java:236)
	at org.apache.maven.surefire.junit4.JUnit4Provider.executeTestSet(JUnit4Provider.java:134)
	at org.apache.maven.surefire.junit4.JUnit4Provider.invoke(JUnit4Provider.java:113)
	at sun.reflect.NativeMethodAccessorImpl.invoke0(Native Method)
	at sun.reflect.NativeMethodAccessorImpl.invoke(NativeMethodAccessorImpl.java:57)
	at sun.reflect.DelegatingMethodAccessorImpl.invoke(DelegatingMethodAccessorImpl.java:43)
	at java.lang.reflect.Method.invoke(Method.java:601)
	at org.apache.maven.surefire.util.ReflectionUtils.invokeMethodWithArray(ReflectionUtils.java:189)
	at org.apache.maven.surefire.booter.ProviderFactory$ProviderProxy.invoke(ProviderFactory.java:165)
	at org.apache.maven.surefire.booter.ProviderFactory.invokeProvider(ProviderFactory.java:85)
	at org.apache.maven.surefire.booter.ForkedBooter.runSuitesInProcess(ForkedBooter.java:103)
	at org.apache.maven.surefire.booter.ForkedBooter.main(ForkedBooter.java:74)
</error>
    <system-err>52872 [main] INFO org.apache.gora.store.DataStoreTestBase - setting up test
52872 [main] WARN org.apache.gora.orientdb.store.OrientDBStore - Unable to load the mapping from resource &apos;C:\Users\Nicolas\gora\gora-orientdb\src\test\resources\gora-orientdb-mapping.xml&apos; as it does not appear to exist! Trying local file.
52888 [main] INFO org.apache.gora.orientdb.store.OrientDBStore - Vertex name : Employee
53903 [main] ERROR org.apache.gora.orientdb.store.OrientDBStore - Generic error while initializingCannot create a connection to remote server address(es): [127.0.0.1:2424]
com.orientechnologies.orient.core.exception.OStorageException: Cannot create a connection to remote server address(es): [127.0.0.1:2424]
	at org.apache.gora.orientdb.store.OrientDBStore.initialize(OrientDBStore.java:187)
	at org.apache.gora.orientdb.store.OrientDBStore_Test.createEmployeeDataStore(OrientDBStore_Test.java:128)
	at org.apache.gora.store.DataStoreTestBase.setUp(DataStoreTestBase.java:96)
	at sun.reflect.GeneratedMethodAccessor1.invoke(Unknown Source)
	at sun.reflect.DelegatingMethodAccessorImpl.invoke(DelegatingMethodAccessorImpl.java:43)
	at java.lang.reflect.Method.invoke(Method.java:601)
	at org.junit.runners.model.FrameworkMethod$1.runReflectiveCall(FrameworkMethod.java:45)
	at org.junit.internal.runners.model.ReflectiveCallable.run(ReflectiveCallable.java:15)
	at org.junit.runners.model.FrameworkMethod.invokeExplosively(FrameworkMethod.java:42)
	at org.junit.internal.runners.statements.RunBefores.evaluate(RunBefores.java:27)
	at org.junit.internal.runners.statements.RunAfters.evaluate(RunAfters.java:30)
	at org.junit.runners.ParentRunner.runLeaf(ParentRunner.java:263)
	at org.junit.runners.BlockJUnit4ClassRunner.runChild(BlockJUnit4ClassRunner.java:68)
	at org.junit.runners.BlockJUnit4ClassRunner.runChild(BlockJUnit4ClassRunner.java:47)
	at org.junit.runners.ParentRunner$3.run(ParentRunner.java:231)
	at org.junit.runners.ParentRunner$1.schedule(ParentRunner.java:60)
	at org.junit.runners.ParentRunner.runChildren(ParentRunner.java:229)
	at org.junit.runners.ParentRunner.access$000(ParentRunner.java:50)
	at org.junit.runners.ParentRunner$2.evaluate(ParentRunner.java:222)
	at org.junit.internal.runners.statements.RunBefores.evaluate(RunBefores.java:28)
	at org.junit.internal.runners.statements.RunAfters.evaluate(RunAfters.java:30)
	at org.junit.runners.ParentRunner.run(ParentRunner.java:300)
	at org.apache.maven.surefire.junit4.JUnit4Provider.execute(JUnit4Provider.java:236)
	at org.apache.maven.surefire.junit4.JUnit4Provider.executeTestSet(JUnit4Provider.java:134)
	at org.apache.maven.surefire.junit4.JUnit4Provider.invoke(JUnit4Provider.java:113)
	at sun.reflect.NativeMethodAccessorImpl.invoke0(Native Method)
	at sun.reflect.NativeMethodAccessorImpl.invoke(NativeMethodAccessorImpl.java:57)
	at sun.reflect.DelegatingMethodAccessorImpl.invoke(DelegatingMethodAccessorImpl.java:43)
	at java.lang.reflect.Method.invoke(Method.java:601)
	at org.apache.maven.surefire.util.ReflectionUtils.invokeMethodWithArray(ReflectionUtils.java:189)
	at org.apache.maven.surefire.booter.ProviderFactory$ProviderProxy.invoke(ProviderFactory.java:165)
	at org.apache.maven.surefire.booter.ProviderFactory.invokeProvider(ProviderFactory.java:85)
	at org.apache.maven.surefire.booter.ForkedBooter.runSuitesInProcess(ForkedBooter.java:103)
	at org.apache.maven.surefire.booter.ForkedBooter.main(ForkedBooter.java:74)
54935 [main] INFO org.apache.gora.store.DataStoreTestBase - tearing down test
</system-err>
  </testcase>
  <testcase time="2.093" classname="org.apache.gora.orientdb.store.OrientDBStore_Test" name="testGet">
    <error message="Cannot create a connection to remote server address(es): [127.0.0.1:2424]" type="com.orientechnologies.orient.core.exception.OStorageException">com.orientechnologies.orient.core.exception.OStorageException: Cannot create a connection to remote server address(es): [127.0.0.1:2424]
	at com.orientechnologies.orient.client.remote.OStorageRemote.openRemoteDatabase(OStorageRemote.java:1675)
	at com.orientechnologies.orient.client.remote.OStorageRemote.open(OStorageRemote.java:212)
	at com.orientechnologies.orient.client.remote.OStorageRemoteThread.open(OStorageRemoteThread.java:87)
	at com.orientechnologies.orient.core.db.document.ODatabaseDocumentTx.open(ODatabaseDocumentTx.java:244)
	at com.orientechnologies.orient.core.db.document.ODatabaseDocumentTxPooled.&lt;init&gt;(ODatabaseDocumentTxPooled.java:49)
	at com.orientechnologies.orient.core.db.document.ODatabaseDocumentPool.createResource(ODatabaseDocumentPool.java:53)
	at com.orientechnologies.orient.core.db.document.ODatabaseDocumentPool.createResource(ODatabaseDocumentPool.java:28)
	at com.orientechnologies.orient.core.db.ODatabasePoolBase$1.createNewResource(ODatabasePoolBase.java:81)
	at com.orientechnologies.orient.core.db.ODatabasePoolBase$1.createNewResource(ODatabasePoolBase.java:70)
	at com.orientechnologies.common.concur.resource.OResourcePool.getResource(OResourcePool.java:91)
	at com.orientechnologies.common.concur.resource.OReentrantResourcePool.getResource(OReentrantResourcePool.java:67)
	at com.orientechnologies.orient.core.db.ODatabasePoolAbstract.acquire(ODatabasePoolAbstract.java:158)
	at com.orientechnologies.orient.core.db.ODatabasePoolAbstract.acquire(ODatabasePoolAbstract.java:138)
	at com.orientechnologies.orient.core.db.ODatabasePoolBase.acquire(ODatabasePoolBase.java:128)
	at org.apache.gora.orientdb.store.OrientDBStore.createSchema(OrientDBStore.java:205)
	at org.apache.gora.orientdb.store.OrientDBStore_Test.createEmployeeDataStore(OrientDBStore_Test.java:129)
	at org.apache.gora.store.DataStoreTestBase.setUp(DataStoreTestBase.java:96)
	at sun.reflect.GeneratedMethodAccessor1.invoke(Unknown Source)
	at sun.reflect.DelegatingMethodAccessorImpl.invoke(DelegatingMethodAccessorImpl.java:43)
	at java.lang.reflect.Method.invoke(Method.java:601)
	at org.junit.runners.model.FrameworkMethod$1.runReflectiveCall(FrameworkMethod.java:45)
	at org.junit.internal.runners.model.ReflectiveCallable.run(ReflectiveCallable.java:15)
	at org.junit.runners.model.FrameworkMethod.invokeExplosively(FrameworkMethod.java:42)
	at org.junit.internal.runners.statements.RunBefores.evaluate(RunBefores.java:27)
	at org.junit.internal.runners.statements.RunAfters.evaluate(RunAfters.java:30)
	at org.junit.runners.ParentRunner.runLeaf(ParentRunner.java:263)
	at org.junit.runners.BlockJUnit4ClassRunner.runChild(BlockJUnit4ClassRunner.java:68)
	at org.junit.runners.BlockJUnit4ClassRunner.runChild(BlockJUnit4ClassRunner.java:47)
	at org.junit.runners.ParentRunner$3.run(ParentRunner.java:231)
	at org.junit.runners.ParentRunner$1.schedule(ParentRunner.java:60)
	at org.junit.runners.ParentRunner.runChildren(ParentRunner.java:229)
	at org.junit.runners.ParentRunner.access$000(ParentRunner.java:50)
	at org.junit.runners.ParentRunner$2.evaluate(ParentRunner.java:222)
	at org.junit.internal.runners.statements.RunBefores.evaluate(RunBefores.java:28)
	at org.junit.internal.runners.statements.RunAfters.evaluate(RunAfters.java:30)
	at org.junit.runners.ParentRunner.run(ParentRunner.java:300)
	at org.apache.maven.surefire.junit4.JUnit4Provider.execute(JUnit4Provider.java:236)
	at org.apache.maven.surefire.junit4.JUnit4Provider.executeTestSet(JUnit4Provider.java:134)
	at org.apache.maven.surefire.junit4.JUnit4Provider.invoke(JUnit4Provider.java:113)
	at sun.reflect.NativeMethodAccessorImpl.invoke0(Native Method)
	at sun.reflect.NativeMethodAccessorImpl.invoke(NativeMethodAccessorImpl.java:57)
	at sun.reflect.DelegatingMethodAccessorImpl.invoke(DelegatingMethodAccessorImpl.java:43)
	at java.lang.reflect.Method.invoke(Method.java:601)
	at org.apache.maven.surefire.util.ReflectionUtils.invokeMethodWithArray(ReflectionUtils.java:189)
	at org.apache.maven.surefire.booter.ProviderFactory$ProviderProxy.invoke(ProviderFactory.java:165)
	at org.apache.maven.surefire.booter.ProviderFactory.invokeProvider(ProviderFactory.java:85)
	at org.apache.maven.surefire.booter.ForkedBooter.runSuitesInProcess(ForkedBooter.java:103)
	at org.apache.maven.surefire.booter.ForkedBooter.main(ForkedBooter.java:74)
</error>
    <system-err>54935 [main] INFO org.apache.gora.store.DataStoreTestBase - setting up test
54935 [main] WARN org.apache.gora.orientdb.store.OrientDBStore - Unable to load the mapping from resource &apos;C:\Users\Nicolas\gora\gora-orientdb\src\test\resources\gora-orientdb-mapping.xml&apos; as it does not appear to exist! Trying local file.
54950 [main] INFO org.apache.gora.orientdb.store.OrientDBStore - Vertex name : Employee
55982 [main] ERROR org.apache.gora.orientdb.store.OrientDBStore - Generic error while initializingCannot create a connection to remote server address(es): [127.0.0.1:2424]
com.orientechnologies.orient.core.exception.OStorageException: Cannot create a connection to remote server address(es): [127.0.0.1:2424]
	at org.apache.gora.orientdb.store.OrientDBStore.initialize(OrientDBStore.java:187)
	at org.apache.gora.orientdb.store.OrientDBStore_Test.createEmployeeDataStore(OrientDBStore_Test.java:128)
	at org.apache.gora.store.DataStoreTestBase.setUp(DataStoreTestBase.java:96)
	at sun.reflect.GeneratedMethodAccessor1.invoke(Unknown Source)
	at sun.reflect.DelegatingMethodAccessorImpl.invoke(DelegatingMethodAccessorImpl.java:43)
	at java.lang.reflect.Method.invoke(Method.java:601)
	at org.junit.runners.model.FrameworkMethod$1.runReflectiveCall(FrameworkMethod.java:45)
	at org.junit.internal.runners.model.ReflectiveCallable.run(ReflectiveCallable.java:15)
	at org.junit.runners.model.FrameworkMethod.invokeExplosively(FrameworkMethod.java:42)
	at org.junit.internal.runners.statements.RunBefores.evaluate(RunBefores.java:27)
	at org.junit.internal.runners.statements.RunAfters.evaluate(RunAfters.java:30)
	at org.junit.runners.ParentRunner.runLeaf(ParentRunner.java:263)
	at org.junit.runners.BlockJUnit4ClassRunner.runChild(BlockJUnit4ClassRunner.java:68)
	at org.junit.runners.BlockJUnit4ClassRunner.runChild(BlockJUnit4ClassRunner.java:47)
	at org.junit.runners.ParentRunner$3.run(ParentRunner.java:231)
	at org.junit.runners.ParentRunner$1.schedule(ParentRunner.java:60)
	at org.junit.runners.ParentRunner.runChildren(ParentRunner.java:229)
	at org.junit.runners.ParentRunner.access$000(ParentRunner.java:50)
	at org.junit.runners.ParentRunner$2.evaluate(ParentRunner.java:222)
	at org.junit.internal.runners.statements.RunBefores.evaluate(RunBefores.java:28)
	at org.junit.internal.runners.statements.RunAfters.evaluate(RunAfters.java:30)
	at org.junit.runners.ParentRunner.run(ParentRunner.java:300)
	at org.apache.maven.surefire.junit4.JUnit4Provider.execute(JUnit4Provider.java:236)
	at org.apache.maven.surefire.junit4.JUnit4Provider.executeTestSet(JUnit4Provider.java:134)
	at org.apache.maven.surefire.junit4.JUnit4Provider.invoke(JUnit4Provider.java:113)
	at sun.reflect.NativeMethodAccessorImpl.invoke0(Native Method)
	at sun.reflect.NativeMethodAccessorImpl.invoke(NativeMethodAccessorImpl.java:57)
	at sun.reflect.DelegatingMethodAccessorImpl.invoke(DelegatingMethodAccessorImpl.java:43)
	at java.lang.reflect.Method.invoke(Method.java:601)
	at org.apache.maven.surefire.util.ReflectionUtils.invokeMethodWithArray(ReflectionUtils.java:189)
	at org.apache.maven.surefire.booter.ProviderFactory$ProviderProxy.invoke(ProviderFactory.java:165)
	at org.apache.maven.surefire.booter.ProviderFactory.invokeProvider(ProviderFactory.java:85)
	at org.apache.maven.surefire.booter.ForkedBooter.runSuitesInProcess(ForkedBooter.java:103)
	at org.apache.maven.surefire.booter.ForkedBooter.main(ForkedBooter.java:74)
57028 [main] INFO org.apache.gora.store.DataStoreTestBase - tearing down test
</system-err>
  </testcase>
  <testcase time="2.079" classname="org.apache.gora.orientdb.store.OrientDBStore_Test" name="testPutMap">
    <error message="Cannot create a connection to remote server address(es): [127.0.0.1:2424]" type="com.orientechnologies.orient.core.exception.OStorageException">com.orientechnologies.orient.core.exception.OStorageException: Cannot create a connection to remote server address(es): [127.0.0.1:2424]
	at com.orientechnologies.orient.client.remote.OStorageRemote.openRemoteDatabase(OStorageRemote.java:1675)
	at com.orientechnologies.orient.client.remote.OStorageRemote.open(OStorageRemote.java:212)
	at com.orientechnologies.orient.client.remote.OStorageRemoteThread.open(OStorageRemoteThread.java:87)
	at com.orientechnologies.orient.core.db.document.ODatabaseDocumentTx.open(ODatabaseDocumentTx.java:244)
	at com.orientechnologies.orient.core.db.document.ODatabaseDocumentTxPooled.&lt;init&gt;(ODatabaseDocumentTxPooled.java:49)
	at com.orientechnologies.orient.core.db.document.ODatabaseDocumentPool.createResource(ODatabaseDocumentPool.java:53)
	at com.orientechnologies.orient.core.db.document.ODatabaseDocumentPool.createResource(ODatabaseDocumentPool.java:28)
	at com.orientechnologies.orient.core.db.ODatabasePoolBase$1.createNewResource(ODatabasePoolBase.java:81)
	at com.orientechnologies.orient.core.db.ODatabasePoolBase$1.createNewResource(ODatabasePoolBase.java:70)
	at com.orientechnologies.common.concur.resource.OResourcePool.getResource(OResourcePool.java:91)
	at com.orientechnologies.common.concur.resource.OReentrantResourcePool.getResource(OReentrantResourcePool.java:67)
	at com.orientechnologies.orient.core.db.ODatabasePoolAbstract.acquire(ODatabasePoolAbstract.java:158)
	at com.orientechnologies.orient.core.db.ODatabasePoolAbstract.acquire(ODatabasePoolAbstract.java:138)
	at com.orientechnologies.orient.core.db.ODatabasePoolBase.acquire(ODatabasePoolBase.java:128)
	at org.apache.gora.orientdb.store.OrientDBStore.createSchema(OrientDBStore.java:205)
	at org.apache.gora.orientdb.store.OrientDBStore_Test.createEmployeeDataStore(OrientDBStore_Test.java:129)
	at org.apache.gora.store.DataStoreTestBase.setUp(DataStoreTestBase.java:96)
	at sun.reflect.GeneratedMethodAccessor1.invoke(Unknown Source)
	at sun.reflect.DelegatingMethodAccessorImpl.invoke(DelegatingMethodAccessorImpl.java:43)
	at java.lang.reflect.Method.invoke(Method.java:601)
	at org.junit.runners.model.FrameworkMethod$1.runReflectiveCall(FrameworkMethod.java:45)
	at org.junit.internal.runners.model.ReflectiveCallable.run(ReflectiveCallable.java:15)
	at org.junit.runners.model.FrameworkMethod.invokeExplosively(FrameworkMethod.java:42)
	at org.junit.internal.runners.statements.RunBefores.evaluate(RunBefores.java:27)
	at org.junit.internal.runners.statements.RunAfters.evaluate(RunAfters.java:30)
	at org.junit.runners.ParentRunner.runLeaf(ParentRunner.java:263)
	at org.junit.runners.BlockJUnit4ClassRunner.runChild(BlockJUnit4ClassRunner.java:68)
	at org.junit.runners.BlockJUnit4ClassRunner.runChild(BlockJUnit4ClassRunner.java:47)
	at org.junit.runners.ParentRunner$3.run(ParentRunner.java:231)
	at org.junit.runners.ParentRunner$1.schedule(ParentRunner.java:60)
	at org.junit.runners.ParentRunner.runChildren(ParentRunner.java:229)
	at org.junit.runners.ParentRunner.access$000(ParentRunner.java:50)
	at org.junit.runners.ParentRunner$2.evaluate(ParentRunner.java:222)
	at org.junit.internal.runners.statements.RunBefores.evaluate(RunBefores.java:28)
	at org.junit.internal.runners.statements.RunAfters.evaluate(RunAfters.java:30)
	at org.junit.runners.ParentRunner.run(ParentRunner.java:300)
	at org.apache.maven.surefire.junit4.JUnit4Provider.execute(JUnit4Provider.java:236)
	at org.apache.maven.surefire.junit4.JUnit4Provider.executeTestSet(JUnit4Provider.java:134)
	at org.apache.maven.surefire.junit4.JUnit4Provider.invoke(JUnit4Provider.java:113)
	at sun.reflect.NativeMethodAccessorImpl.invoke0(Native Method)
	at sun.reflect.NativeMethodAccessorImpl.invoke(NativeMethodAccessorImpl.java:57)
	at sun.reflect.DelegatingMethodAccessorImpl.invoke(DelegatingMethodAccessorImpl.java:43)
	at java.lang.reflect.Method.invoke(Method.java:601)
	at org.apache.maven.surefire.util.ReflectionUtils.invokeMethodWithArray(ReflectionUtils.java:189)
	at org.apache.maven.surefire.booter.ProviderFactory$ProviderProxy.invoke(ProviderFactory.java:165)
	at org.apache.maven.surefire.booter.ProviderFactory.invokeProvider(ProviderFactory.java:85)
	at org.apache.maven.surefire.booter.ForkedBooter.runSuitesInProcess(ForkedBooter.java:103)
	at org.apache.maven.surefire.booter.ForkedBooter.main(ForkedBooter.java:74)
</error>
    <system-err>57028 [main] INFO org.apache.gora.store.DataStoreTestBase - setting up test
57028 [main] WARN org.apache.gora.orientdb.store.OrientDBStore - Unable to load the mapping from resource &apos;C:\Users\Nicolas\gora\gora-orientdb\src\test\resources\gora-orientdb-mapping.xml&apos; as it does not appear to exist! Trying local file.
57060 [main] INFO org.apache.gora.orientdb.store.OrientDBStore - Vertex name : Employee
58075 [main] ERROR org.apache.gora.orientdb.store.OrientDBStore - Generic error while initializingCannot create a connection to remote server address(es): [127.0.0.1:2424]
com.orientechnologies.orient.core.exception.OStorageException: Cannot create a connection to remote server address(es): [127.0.0.1:2424]
	at org.apache.gora.orientdb.store.OrientDBStore.initialize(OrientDBStore.java:187)
	at org.apache.gora.orientdb.store.OrientDBStore_Test.createEmployeeDataStore(OrientDBStore_Test.java:128)
	at org.apache.gora.store.DataStoreTestBase.setUp(DataStoreTestBase.java:96)
	at sun.reflect.GeneratedMethodAccessor1.invoke(Unknown Source)
	at sun.reflect.DelegatingMethodAccessorImpl.invoke(DelegatingMethodAccessorImpl.java:43)
	at java.lang.reflect.Method.invoke(Method.java:601)
	at org.junit.runners.model.FrameworkMethod$1.runReflectiveCall(FrameworkMethod.java:45)
	at org.junit.internal.runners.model.ReflectiveCallable.run(ReflectiveCallable.java:15)
	at org.junit.runners.model.FrameworkMethod.invokeExplosively(FrameworkMethod.java:42)
	at org.junit.internal.runners.statements.RunBefores.evaluate(RunBefores.java:27)
	at org.junit.internal.runners.statements.RunAfters.evaluate(RunAfters.java:30)
	at org.junit.runners.ParentRunner.runLeaf(ParentRunner.java:263)
	at org.junit.runners.BlockJUnit4ClassRunner.runChild(BlockJUnit4ClassRunner.java:68)
	at org.junit.runners.BlockJUnit4ClassRunner.runChild(BlockJUnit4ClassRunner.java:47)
	at org.junit.runners.ParentRunner$3.run(ParentRunner.java:231)
	at org.junit.runners.ParentRunner$1.schedule(ParentRunner.java:60)
	at org.junit.runners.ParentRunner.runChildren(ParentRunner.java:229)
	at org.junit.runners.ParentRunner.access$000(ParentRunner.java:50)
	at org.junit.runners.ParentRunner$2.evaluate(ParentRunner.java:222)
	at org.junit.internal.runners.statements.RunBefores.evaluate(RunBefores.java:28)
	at org.junit.internal.runners.statements.RunAfters.evaluate(RunAfters.java:30)
	at org.junit.runners.ParentRunner.run(ParentRunner.java:300)
	at org.apache.maven.surefire.junit4.JUnit4Provider.execute(JUnit4Provider.java:236)
	at org.apache.maven.surefire.junit4.JUnit4Provider.executeTestSet(JUnit4Provider.java:134)
	at org.apache.maven.surefire.junit4.JUnit4Provider.invoke(JUnit4Provider.java:113)
	at sun.reflect.NativeMethodAccessorImpl.invoke0(Native Method)
	at sun.reflect.NativeMethodAccessorImpl.invoke(NativeMethodAccessorImpl.java:57)
	at sun.reflect.DelegatingMethodAccessorImpl.invoke(DelegatingMethodAccessorImpl.java:43)
	at java.lang.reflect.Method.invoke(Method.java:601)
	at org.apache.maven.surefire.util.ReflectionUtils.invokeMethodWithArray(ReflectionUtils.java:189)
	at org.apache.maven.surefire.booter.ProviderFactory$ProviderProxy.invoke(ProviderFactory.java:165)
	at org.apache.maven.surefire.booter.ProviderFactory.invokeProvider(ProviderFactory.java:85)
	at org.apache.maven.surefire.booter.ForkedBooter.runSuitesInProcess(ForkedBooter.java:103)
	at org.apache.maven.surefire.booter.ForkedBooter.main(ForkedBooter.java:74)
59107 [main] INFO org.apache.gora.store.DataStoreTestBase - tearing down test
</system-err>
  </testcase>
  <testcase time="2.078" classname="org.apache.gora.orientdb.store.OrientDBStore_Test" name="testPutArray">
    <error message="Cannot create a connection to remote server address(es): [127.0.0.1:2424]" type="com.orientechnologies.orient.core.exception.OStorageException">com.orientechnologies.orient.core.exception.OStorageException: Cannot create a connection to remote server address(es): [127.0.0.1:2424]
	at com.orientechnologies.orient.client.remote.OStorageRemote.openRemoteDatabase(OStorageRemote.java:1675)
	at com.orientechnologies.orient.client.remote.OStorageRemote.open(OStorageRemote.java:212)
	at com.orientechnologies.orient.client.remote.OStorageRemoteThread.open(OStorageRemoteThread.java:87)
	at com.orientechnologies.orient.core.db.document.ODatabaseDocumentTx.open(ODatabaseDocumentTx.java:244)
	at com.orientechnologies.orient.core.db.document.ODatabaseDocumentTxPooled.&lt;init&gt;(ODatabaseDocumentTxPooled.java:49)
	at com.orientechnologies.orient.core.db.document.ODatabaseDocumentPool.createResource(ODatabaseDocumentPool.java:53)
	at com.orientechnologies.orient.core.db.document.ODatabaseDocumentPool.createResource(ODatabaseDocumentPool.java:28)
	at com.orientechnologies.orient.core.db.ODatabasePoolBase$1.createNewResource(ODatabasePoolBase.java:81)
	at com.orientechnologies.orient.core.db.ODatabasePoolBase$1.createNewResource(ODatabasePoolBase.java:70)
	at com.orientechnologies.common.concur.resource.OResourcePool.getResource(OResourcePool.java:91)
	at com.orientechnologies.common.concur.resource.OReentrantResourcePool.getResource(OReentrantResourcePool.java:67)
	at com.orientechnologies.orient.core.db.ODatabasePoolAbstract.acquire(ODatabasePoolAbstract.java:158)
	at com.orientechnologies.orient.core.db.ODatabasePoolAbstract.acquire(ODatabasePoolAbstract.java:138)
	at com.orientechnologies.orient.core.db.ODatabasePoolBase.acquire(ODatabasePoolBase.java:128)
	at org.apache.gora.orientdb.store.OrientDBStore.createSchema(OrientDBStore.java:205)
	at org.apache.gora.orientdb.store.OrientDBStore_Test.createEmployeeDataStore(OrientDBStore_Test.java:129)
	at org.apache.gora.store.DataStoreTestBase.setUp(DataStoreTestBase.java:96)
	at sun.reflect.GeneratedMethodAccessor1.invoke(Unknown Source)
	at sun.reflect.DelegatingMethodAccessorImpl.invoke(DelegatingMethodAccessorImpl.java:43)
	at java.lang.reflect.Method.invoke(Method.java:601)
	at org.junit.runners.model.FrameworkMethod$1.runReflectiveCall(FrameworkMethod.java:45)
	at org.junit.internal.runners.model.ReflectiveCallable.run(ReflectiveCallable.java:15)
	at org.junit.runners.model.FrameworkMethod.invokeExplosively(FrameworkMethod.java:42)
	at org.junit.internal.runners.statements.RunBefores.evaluate(RunBefores.java:27)
	at org.junit.internal.runners.statements.RunAfters.evaluate(RunAfters.java:30)
	at org.junit.runners.ParentRunner.runLeaf(ParentRunner.java:263)
	at org.junit.runners.BlockJUnit4ClassRunner.runChild(BlockJUnit4ClassRunner.java:68)
	at org.junit.runners.BlockJUnit4ClassRunner.runChild(BlockJUnit4ClassRunner.java:47)
	at org.junit.runners.ParentRunner$3.run(ParentRunner.java:231)
	at org.junit.runners.ParentRunner$1.schedule(ParentRunner.java:60)
	at org.junit.runners.ParentRunner.runChildren(ParentRunner.java:229)
	at org.junit.runners.ParentRunner.access$000(ParentRunner.java:50)
	at org.junit.runners.ParentRunner$2.evaluate(ParentRunner.java:222)
	at org.junit.internal.runners.statements.RunBefores.evaluate(RunBefores.java:28)
	at org.junit.internal.runners.statements.RunAfters.evaluate(RunAfters.java:30)
	at org.junit.runners.ParentRunner.run(ParentRunner.java:300)
	at org.apache.maven.surefire.junit4.JUnit4Provider.execute(JUnit4Provider.java:236)
	at org.apache.maven.surefire.junit4.JUnit4Provider.executeTestSet(JUnit4Provider.java:134)
	at org.apache.maven.surefire.junit4.JUnit4Provider.invoke(JUnit4Provider.java:113)
	at sun.reflect.NativeMethodAccessorImpl.invoke0(Native Method)
	at sun.reflect.NativeMethodAccessorImpl.invoke(NativeMethodAccessorImpl.java:57)
	at sun.reflect.DelegatingMethodAccessorImpl.invoke(DelegatingMethodAccessorImpl.java:43)
	at java.lang.reflect.Method.invoke(Method.java:601)
	at org.apache.maven.surefire.util.ReflectionUtils.invokeMethodWithArray(ReflectionUtils.java:189)
	at org.apache.maven.surefire.booter.ProviderFactory$ProviderProxy.invoke(ProviderFactory.java:165)
	at org.apache.maven.surefire.booter.ProviderFactory.invokeProvider(ProviderFactory.java:85)
	at org.apache.maven.surefire.booter.ForkedBooter.runSuitesInProcess(ForkedBooter.java:103)
	at org.apache.maven.surefire.booter.ForkedBooter.main(ForkedBooter.java:74)
</error>
    <system-err>59107 [main] INFO org.apache.gora.store.DataStoreTestBase - setting up test
59107 [main] WARN org.apache.gora.orientdb.store.OrientDBStore - Unable to load the mapping from resource &apos;C:\Users\Nicolas\gora\gora-orientdb\src\test\resources\gora-orientdb-mapping.xml&apos; as it does not appear to exist! Trying local file.
59138 [main] INFO org.apache.gora.orientdb.store.OrientDBStore - Vertex name : Employee
60154 [main] ERROR org.apache.gora.orientdb.store.OrientDBStore - Generic error while initializingCannot create a connection to remote server address(es): [127.0.0.1:2424]
com.orientechnologies.orient.core.exception.OStorageException: Cannot create a connection to remote server address(es): [127.0.0.1:2424]
	at org.apache.gora.orientdb.store.OrientDBStore.initialize(OrientDBStore.java:187)
	at org.apache.gora.orientdb.store.OrientDBStore_Test.createEmployeeDataStore(OrientDBStore_Test.java:128)
	at org.apache.gora.store.DataStoreTestBase.setUp(DataStoreTestBase.java:96)
	at sun.reflect.GeneratedMethodAccessor1.invoke(Unknown Source)
	at sun.reflect.DelegatingMethodAccessorImpl.invoke(DelegatingMethodAccessorImpl.java:43)
	at java.lang.reflect.Method.invoke(Method.java:601)
	at org.junit.runners.model.FrameworkMethod$1.runReflectiveCall(FrameworkMethod.java:45)
	at org.junit.internal.runners.model.ReflectiveCallable.run(ReflectiveCallable.java:15)
	at org.junit.runners.model.FrameworkMethod.invokeExplosively(FrameworkMethod.java:42)
	at org.junit.internal.runners.statements.RunBefores.evaluate(RunBefores.java:27)
	at org.junit.internal.runners.statements.RunAfters.evaluate(RunAfters.java:30)
	at org.junit.runners.ParentRunner.runLeaf(ParentRunner.java:263)
	at org.junit.runners.BlockJUnit4ClassRunner.runChild(BlockJUnit4ClassRunner.java:68)
	at org.junit.runners.BlockJUnit4ClassRunner.runChild(BlockJUnit4ClassRunner.java:47)
	at org.junit.runners.ParentRunner$3.run(ParentRunner.java:231)
	at org.junit.runners.ParentRunner$1.schedule(ParentRunner.java:60)
	at org.junit.runners.ParentRunner.runChildren(ParentRunner.java:229)
	at org.junit.runners.ParentRunner.access$000(ParentRunner.java:50)
	at org.junit.runners.ParentRunner$2.evaluate(ParentRunner.java:222)
	at org.junit.internal.runners.statements.RunBefores.evaluate(RunBefores.java:28)
	at org.junit.internal.runners.statements.RunAfters.evaluate(RunAfters.java:30)
	at org.junit.runners.ParentRunner.run(ParentRunner.java:300)
	at org.apache.maven.surefire.junit4.JUnit4Provider.execute(JUnit4Provider.java:236)
	at org.apache.maven.surefire.junit4.JUnit4Provider.executeTestSet(JUnit4Provider.java:134)
	at org.apache.maven.surefire.junit4.JUnit4Provider.invoke(JUnit4Provider.java:113)
	at sun.reflect.NativeMethodAccessorImpl.invoke0(Native Method)
	at sun.reflect.NativeMethodAccessorImpl.invoke(NativeMethodAccessorImpl.java:57)
	at sun.reflect.DelegatingMethodAccessorImpl.invoke(DelegatingMethodAccessorImpl.java:43)
	at java.lang.reflect.Method.invoke(Method.java:601)
	at org.apache.maven.surefire.util.ReflectionUtils.invokeMethodWithArray(ReflectionUtils.java:189)
	at org.apache.maven.surefire.booter.ProviderFactory$ProviderProxy.invoke(ProviderFactory.java:165)
	at org.apache.maven.surefire.booter.ProviderFactory.invokeProvider(ProviderFactory.java:85)
	at org.apache.maven.surefire.booter.ForkedBooter.runSuitesInProcess(ForkedBooter.java:103)
	at org.apache.maven.surefire.booter.ForkedBooter.main(ForkedBooter.java:74)
61185 [main] INFO org.apache.gora.store.DataStoreTestBase - tearing down test
</system-err>
  </testcase>
  <testcase time="2.094" classname="org.apache.gora.orientdb.store.OrientDBStore_Test" name="testQuery">
    <error message="Cannot create a connection to remote server address(es): [127.0.0.1:2424]" type="com.orientechnologies.orient.core.exception.OStorageException">com.orientechnologies.orient.core.exception.OStorageException: Cannot create a connection to remote server address(es): [127.0.0.1:2424]
	at com.orientechnologies.orient.client.remote.OStorageRemote.openRemoteDatabase(OStorageRemote.java:1675)
	at com.orientechnologies.orient.client.remote.OStorageRemote.open(OStorageRemote.java:212)
	at com.orientechnologies.orient.client.remote.OStorageRemoteThread.open(OStorageRemoteThread.java:87)
	at com.orientechnologies.orient.core.db.document.ODatabaseDocumentTx.open(ODatabaseDocumentTx.java:244)
	at com.orientechnologies.orient.core.db.document.ODatabaseDocumentTxPooled.&lt;init&gt;(ODatabaseDocumentTxPooled.java:49)
	at com.orientechnologies.orient.core.db.document.ODatabaseDocumentPool.createResource(ODatabaseDocumentPool.java:53)
	at com.orientechnologies.orient.core.db.document.ODatabaseDocumentPool.createResource(ODatabaseDocumentPool.java:28)
	at com.orientechnologies.orient.core.db.ODatabasePoolBase$1.createNewResource(ODatabasePoolBase.java:81)
	at com.orientechnologies.orient.core.db.ODatabasePoolBase$1.createNewResource(ODatabasePoolBase.java:70)
	at com.orientechnologies.common.concur.resource.OResourcePool.getResource(OResourcePool.java:91)
	at com.orientechnologies.common.concur.resource.OReentrantResourcePool.getResource(OReentrantResourcePool.java:67)
	at com.orientechnologies.orient.core.db.ODatabasePoolAbstract.acquire(ODatabasePoolAbstract.java:158)
	at com.orientechnologies.orient.core.db.ODatabasePoolAbstract.acquire(ODatabasePoolAbstract.java:138)
	at com.orientechnologies.orient.core.db.ODatabasePoolBase.acquire(ODatabasePoolBase.java:128)
	at org.apache.gora.orientdb.store.OrientDBStore.createSchema(OrientDBStore.java:205)
	at org.apache.gora.orientdb.store.OrientDBStore_Test.createEmployeeDataStore(OrientDBStore_Test.java:129)
	at org.apache.gora.store.DataStoreTestBase.setUp(DataStoreTestBase.java:96)
	at sun.reflect.GeneratedMethodAccessor1.invoke(Unknown Source)
	at sun.reflect.DelegatingMethodAccessorImpl.invoke(DelegatingMethodAccessorImpl.java:43)
	at java.lang.reflect.Method.invoke(Method.java:601)
	at org.junit.runners.model.FrameworkMethod$1.runReflectiveCall(FrameworkMethod.java:45)
	at org.junit.internal.runners.model.ReflectiveCallable.run(ReflectiveCallable.java:15)
	at org.junit.runners.model.FrameworkMethod.invokeExplosively(FrameworkMethod.java:42)
	at org.junit.internal.runners.statements.RunBefores.evaluate(RunBefores.java:27)
	at org.junit.internal.runners.statements.RunAfters.evaluate(RunAfters.java:30)
	at org.junit.runners.ParentRunner.runLeaf(ParentRunner.java:263)
	at org.junit.runners.BlockJUnit4ClassRunner.runChild(BlockJUnit4ClassRunner.java:68)
	at org.junit.runners.BlockJUnit4ClassRunner.runChild(BlockJUnit4ClassRunner.java:47)
	at org.junit.runners.ParentRunner$3.run(ParentRunner.java:231)
	at org.junit.runners.ParentRunner$1.schedule(ParentRunner.java:60)
	at org.junit.runners.ParentRunner.runChildren(ParentRunner.java:229)
	at org.junit.runners.ParentRunner.access$000(ParentRunner.java:50)
	at org.junit.runners.ParentRunner$2.evaluate(ParentRunner.java:222)
	at org.junit.internal.runners.statements.RunBefores.evaluate(RunBefores.java:28)
	at org.junit.internal.runners.statements.RunAfters.evaluate(RunAfters.java:30)
	at org.junit.runners.ParentRunner.run(ParentRunner.java:300)
	at org.apache.maven.surefire.junit4.JUnit4Provider.execute(JUnit4Provider.java:236)
	at org.apache.maven.surefire.junit4.JUnit4Provider.executeTestSet(JUnit4Provider.java:134)
	at org.apache.maven.surefire.junit4.JUnit4Provider.invoke(JUnit4Provider.java:113)
	at sun.reflect.NativeMethodAccessorImpl.invoke0(Native Method)
	at sun.reflect.NativeMethodAccessorImpl.invoke(NativeMethodAccessorImpl.java:57)
	at sun.reflect.DelegatingMethodAccessorImpl.invoke(DelegatingMethodAccessorImpl.java:43)
	at java.lang.reflect.Method.invoke(Method.java:601)
	at org.apache.maven.surefire.util.ReflectionUtils.invokeMethodWithArray(ReflectionUtils.java:189)
	at org.apache.maven.surefire.booter.ProviderFactory$ProviderProxy.invoke(ProviderFactory.java:165)
	at org.apache.maven.surefire.booter.ProviderFactory.invokeProvider(ProviderFactory.java:85)
	at org.apache.maven.surefire.booter.ForkedBooter.runSuitesInProcess(ForkedBooter.java:103)
	at org.apache.maven.surefire.booter.ForkedBooter.main(ForkedBooter.java:74)
</error>
    <system-err>61185 [main] INFO org.apache.gora.store.DataStoreTestBase - setting up test
61201 [main] WARN org.apache.gora.orientdb.store.OrientDBStore - Unable to load the mapping from resource &apos;C:\Users\Nicolas\gora\gora-orientdb\src\test\resources\gora-orientdb-mapping.xml&apos; as it does not appear to exist! Trying local file.
61232 [main] INFO org.apache.gora.orientdb.store.OrientDBStore - Vertex name : Employee
62263 [main] ERROR org.apache.gora.orientdb.store.OrientDBStore - Generic error while initializingCannot create a connection to remote server address(es): [127.0.0.1:2424]
com.orientechnologies.orient.core.exception.OStorageException: Cannot create a connection to remote server address(es): [127.0.0.1:2424]
	at org.apache.gora.orientdb.store.OrientDBStore.initialize(OrientDBStore.java:187)
	at org.apache.gora.orientdb.store.OrientDBStore_Test.createEmployeeDataStore(OrientDBStore_Test.java:128)
	at org.apache.gora.store.DataStoreTestBase.setUp(DataStoreTestBase.java:96)
	at sun.reflect.GeneratedMethodAccessor1.invoke(Unknown Source)
	at sun.reflect.DelegatingMethodAccessorImpl.invoke(DelegatingMethodAccessorImpl.java:43)
	at java.lang.reflect.Method.invoke(Method.java:601)
	at org.junit.runners.model.FrameworkMethod$1.runReflectiveCall(FrameworkMethod.java:45)
	at org.junit.internal.runners.model.ReflectiveCallable.run(ReflectiveCallable.java:15)
	at org.junit.runners.model.FrameworkMethod.invokeExplosively(FrameworkMethod.java:42)
	at org.junit.internal.runners.statements.RunBefores.evaluate(RunBefores.java:27)
	at org.junit.internal.runners.statements.RunAfters.evaluate(RunAfters.java:30)
	at org.junit.runners.ParentRunner.runLeaf(ParentRunner.java:263)
	at org.junit.runners.BlockJUnit4ClassRunner.runChild(BlockJUnit4ClassRunner.java:68)
	at org.junit.runners.BlockJUnit4ClassRunner.runChild(BlockJUnit4ClassRunner.java:47)
	at org.junit.runners.ParentRunner$3.run(ParentRunner.java:231)
	at org.junit.runners.ParentRunner$1.schedule(ParentRunner.java:60)
	at org.junit.runners.ParentRunner.runChildren(ParentRunner.java:229)
	at org.junit.runners.ParentRunner.access$000(ParentRunner.java:50)
	at org.junit.runners.ParentRunner$2.evaluate(ParentRunner.java:222)
	at org.junit.internal.runners.statements.RunBefores.evaluate(RunBefores.java:28)
	at org.junit.internal.runners.statements.RunAfters.evaluate(RunAfters.java:30)
	at org.junit.runners.ParentRunner.run(ParentRunner.java:300)
	at org.apache.maven.surefire.junit4.JUnit4Provider.execute(JUnit4Provider.java:236)
	at org.apache.maven.surefire.junit4.JUnit4Provider.executeTestSet(JUnit4Provider.java:134)
	at org.apache.maven.surefire.junit4.JUnit4Provider.invoke(JUnit4Provider.java:113)
	at sun.reflect.NativeMethodAccessorImpl.invoke0(Native Method)
	at sun.reflect.NativeMethodAccessorImpl.invoke(NativeMethodAccessorImpl.java:57)
	at sun.reflect.DelegatingMethodAccessorImpl.invoke(DelegatingMethodAccessorImpl.java:43)
	at java.lang.reflect.Method.invoke(Method.java:601)
	at org.apache.maven.surefire.util.ReflectionUtils.invokeMethodWithArray(ReflectionUtils.java:189)
	at org.apache.maven.surefire.booter.ProviderFactory$ProviderProxy.invoke(ProviderFactory.java:165)
	at org.apache.maven.surefire.booter.ProviderFactory.invokeProvider(ProviderFactory.java:85)
	at org.apache.maven.surefire.booter.ForkedBooter.runSuitesInProcess(ForkedBooter.java:103)
	at org.apache.maven.surefire.booter.ForkedBooter.main(ForkedBooter.java:74)
63279 [main] INFO org.apache.gora.store.DataStoreTestBase - tearing down test
</system-err>
  </testcase>
  <testcase time="2.047" classname="org.apache.gora.orientdb.store.OrientDBStore_Test" name="testUpdate">
    <error message="Cannot create a connection to remote server address(es): [127.0.0.1:2424]" type="com.orientechnologies.orient.core.exception.OStorageException">com.orientechnologies.orient.core.exception.OStorageException: Cannot create a connection to remote server address(es): [127.0.0.1:2424]
	at com.orientechnologies.orient.client.remote.OStorageRemote.openRemoteDatabase(OStorageRemote.java:1675)
	at com.orientechnologies.orient.client.remote.OStorageRemote.open(OStorageRemote.java:212)
	at com.orientechnologies.orient.client.remote.OStorageRemoteThread.open(OStorageRemoteThread.java:87)
	at com.orientechnologies.orient.core.db.document.ODatabaseDocumentTx.open(ODatabaseDocumentTx.java:244)
	at com.orientechnologies.orient.core.db.document.ODatabaseDocumentTxPooled.&lt;init&gt;(ODatabaseDocumentTxPooled.java:49)
	at com.orientechnologies.orient.core.db.document.ODatabaseDocumentPool.createResource(ODatabaseDocumentPool.java:53)
	at com.orientechnologies.orient.core.db.document.ODatabaseDocumentPool.createResource(ODatabaseDocumentPool.java:28)
	at com.orientechnologies.orient.core.db.ODatabasePoolBase$1.createNewResource(ODatabasePoolBase.java:81)
	at com.orientechnologies.orient.core.db.ODatabasePoolBase$1.createNewResource(ODatabasePoolBase.java:70)
	at com.orientechnologies.common.concur.resource.OResourcePool.getResource(OResourcePool.java:91)
	at com.orientechnologies.common.concur.resource.OReentrantResourcePool.getResource(OReentrantResourcePool.java:67)
	at com.orientechnologies.orient.core.db.ODatabasePoolAbstract.acquire(ODatabasePoolAbstract.java:158)
	at com.orientechnologies.orient.core.db.ODatabasePoolAbstract.acquire(ODatabasePoolAbstract.java:138)
	at com.orientechnologies.orient.core.db.ODatabasePoolBase.acquire(ODatabasePoolBase.java:128)
	at org.apache.gora.orientdb.store.OrientDBStore.createSchema(OrientDBStore.java:205)
	at org.apache.gora.orientdb.store.OrientDBStore_Test.createEmployeeDataStore(OrientDBStore_Test.java:129)
	at org.apache.gora.store.DataStoreTestBase.setUp(DataStoreTestBase.java:96)
	at sun.reflect.GeneratedMethodAccessor1.invoke(Unknown Source)
	at sun.reflect.DelegatingMethodAccessorImpl.invoke(DelegatingMethodAccessorImpl.java:43)
	at java.lang.reflect.Method.invoke(Method.java:601)
	at org.junit.runners.model.FrameworkMethod$1.runReflectiveCall(FrameworkMethod.java:45)
	at org.junit.internal.runners.model.ReflectiveCallable.run(ReflectiveCallable.java:15)
	at org.junit.runners.model.FrameworkMethod.invokeExplosively(FrameworkMethod.java:42)
	at org.junit.internal.runners.statements.RunBefores.evaluate(RunBefores.java:27)
	at org.junit.internal.runners.statements.RunAfters.evaluate(RunAfters.java:30)
	at org.junit.runners.ParentRunner.runLeaf(ParentRunner.java:263)
	at org.junit.runners.BlockJUnit4ClassRunner.runChild(BlockJUnit4ClassRunner.java:68)
	at org.junit.runners.BlockJUnit4ClassRunner.runChild(BlockJUnit4ClassRunner.java:47)
	at org.junit.runners.ParentRunner$3.run(ParentRunner.java:231)
	at org.junit.runners.ParentRunner$1.schedule(ParentRunner.java:60)
	at org.junit.runners.ParentRunner.runChildren(ParentRunner.java:229)
	at org.junit.runners.ParentRunner.access$000(ParentRunner.java:50)
	at org.junit.runners.ParentRunner$2.evaluate(ParentRunner.java:222)
	at org.junit.internal.runners.statements.RunBefores.evaluate(RunBefores.java:28)
	at org.junit.internal.runners.statements.RunAfters.evaluate(RunAfters.java:30)
	at org.junit.runners.ParentRunner.run(ParentRunner.java:300)
	at org.apache.maven.surefire.junit4.JUnit4Provider.execute(JUnit4Provider.java:236)
	at org.apache.maven.surefire.junit4.JUnit4Provider.executeTestSet(JUnit4Provider.java:134)
	at org.apache.maven.surefire.junit4.JUnit4Provider.invoke(JUnit4Provider.java:113)
	at sun.reflect.NativeMethodAccessorImpl.invoke0(Native Method)
	at sun.reflect.NativeMethodAccessorImpl.invoke(NativeMethodAccessorImpl.java:57)
	at sun.reflect.DelegatingMethodAccessorImpl.invoke(DelegatingMethodAccessorImpl.java:43)
	at java.lang.reflect.Method.invoke(Method.java:601)
	at org.apache.maven.surefire.util.ReflectionUtils.invokeMethodWithArray(ReflectionUtils.java:189)
	at org.apache.maven.surefire.booter.ProviderFactory$ProviderProxy.invoke(ProviderFactory.java:165)
	at org.apache.maven.surefire.booter.ProviderFactory.invokeProvider(ProviderFactory.java:85)
	at org.apache.maven.surefire.booter.ForkedBooter.runSuitesInProcess(ForkedBooter.java:103)
	at org.apache.maven.surefire.booter.ForkedBooter.main(ForkedBooter.java:74)
</error>
    <system-err>63279 [main] INFO org.apache.gora.store.DataStoreTestBase - setting up test
63279 [main] WARN org.apache.gora.orientdb.store.OrientDBStore - Unable to load the mapping from resource &apos;C:\Users\Nicolas\gora\gora-orientdb\src\test\resources\gora-orientdb-mapping.xml&apos; as it does not appear to exist! Trying local file.
63294 [main] INFO org.apache.gora.orientdb.store.OrientDBStore - Vertex name : Employee
64310 [main] ERROR org.apache.gora.orientdb.store.OrientDBStore - Generic error while initializingCannot create a connection to remote server address(es): [127.0.0.1:2424]
com.orientechnologies.orient.core.exception.OStorageException: Cannot create a connection to remote server address(es): [127.0.0.1:2424]
	at org.apache.gora.orientdb.store.OrientDBStore.initialize(OrientDBStore.java:187)
	at org.apache.gora.orientdb.store.OrientDBStore_Test.createEmployeeDataStore(OrientDBStore_Test.java:128)
	at org.apache.gora.store.DataStoreTestBase.setUp(DataStoreTestBase.java:96)
	at sun.reflect.GeneratedMethodAccessor1.invoke(Unknown Source)
	at sun.reflect.DelegatingMethodAccessorImpl.invoke(DelegatingMethodAccessorImpl.java:43)
	at java.lang.reflect.Method.invoke(Method.java:601)
	at org.junit.runners.model.FrameworkMethod$1.runReflectiveCall(FrameworkMethod.java:45)
	at org.junit.internal.runners.model.ReflectiveCallable.run(ReflectiveCallable.java:15)
	at org.junit.runners.model.FrameworkMethod.invokeExplosively(FrameworkMethod.java:42)
	at org.junit.internal.runners.statements.RunBefores.evaluate(RunBefores.java:27)
	at org.junit.internal.runners.statements.RunAfters.evaluate(RunAfters.java:30)
	at org.junit.runners.ParentRunner.runLeaf(ParentRunner.java:263)
	at org.junit.runners.BlockJUnit4ClassRunner.runChild(BlockJUnit4ClassRunner.java:68)
	at org.junit.runners.BlockJUnit4ClassRunner.runChild(BlockJUnit4ClassRunner.java:47)
	at org.junit.runners.ParentRunner$3.run(ParentRunner.java:231)
	at org.junit.runners.ParentRunner$1.schedule(ParentRunner.java:60)
	at org.junit.runners.ParentRunner.runChildren(ParentRunner.java:229)
	at org.junit.runners.ParentRunner.access$000(ParentRunner.java:50)
	at org.junit.runners.ParentRunner$2.evaluate(ParentRunner.java:222)
	at org.junit.internal.runners.statements.RunBefores.evaluate(RunBefores.java:28)
	at org.junit.internal.runners.statements.RunAfters.evaluate(RunAfters.java:30)
	at org.junit.runners.ParentRunner.run(ParentRunner.java:300)
	at org.apache.maven.surefire.junit4.JUnit4Provider.execute(JUnit4Provider.java:236)
	at org.apache.maven.surefire.junit4.JUnit4Provider.executeTestSet(JUnit4Provider.java:134)
	at org.apache.maven.surefire.junit4.JUnit4Provider.invoke(JUnit4Provider.java:113)
	at sun.reflect.NativeMethodAccessorImpl.invoke0(Native Method)
	at sun.reflect.NativeMethodAccessorImpl.invoke(NativeMethodAccessorImpl.java:57)
	at sun.reflect.DelegatingMethodAccessorImpl.invoke(DelegatingMethodAccessorImpl.java:43)
	at java.lang.reflect.Method.invoke(Method.java:601)
	at org.apache.maven.surefire.util.ReflectionUtils.invokeMethodWithArray(ReflectionUtils.java:189)
	at org.apache.maven.surefire.booter.ProviderFactory$ProviderProxy.invoke(ProviderFactory.java:165)
	at org.apache.maven.surefire.booter.ProviderFactory.invokeProvider(ProviderFactory.java:85)
	at org.apache.maven.surefire.booter.ForkedBooter.runSuitesInProcess(ForkedBooter.java:103)
	at org.apache.maven.surefire.booter.ForkedBooter.main(ForkedBooter.java:74)
65326 [main] INFO org.apache.gora.store.DataStoreTestBase - tearing down test
</system-err>
  </testcase>
  <testcase time="2.085" classname="org.apache.gora.orientdb.store.OrientDBStore_Test" name="testDelete">
    <error message="Cannot create a connection to remote server address(es): [127.0.0.1:2424]" type="com.orientechnologies.orient.core.exception.OStorageException">com.orientechnologies.orient.core.exception.OStorageException: Cannot create a connection to remote server address(es): [127.0.0.1:2424]
	at com.orientechnologies.orient.client.remote.OStorageRemote.openRemoteDatabase(OStorageRemote.java:1675)
	at com.orientechnologies.orient.client.remote.OStorageRemote.open(OStorageRemote.java:212)
	at com.orientechnologies.orient.client.remote.OStorageRemoteThread.open(OStorageRemoteThread.java:87)
	at com.orientechnologies.orient.core.db.document.ODatabaseDocumentTx.open(ODatabaseDocumentTx.java:244)
	at com.orientechnologies.orient.core.db.document.ODatabaseDocumentTxPooled.&lt;init&gt;(ODatabaseDocumentTxPooled.java:49)
	at com.orientechnologies.orient.core.db.document.ODatabaseDocumentPool.createResource(ODatabaseDocumentPool.java:53)
	at com.orientechnologies.orient.core.db.document.ODatabaseDocumentPool.createResource(ODatabaseDocumentPool.java:28)
	at com.orientechnologies.orient.core.db.ODatabasePoolBase$1.createNewResource(ODatabasePoolBase.java:81)
	at com.orientechnologies.orient.core.db.ODatabasePoolBase$1.createNewResource(ODatabasePoolBase.java:70)
	at com.orientechnologies.common.concur.resource.OResourcePool.getResource(OResourcePool.java:91)
	at com.orientechnologies.common.concur.resource.OReentrantResourcePool.getResource(OReentrantResourcePool.java:67)
	at com.orientechnologies.orient.core.db.ODatabasePoolAbstract.acquire(ODatabasePoolAbstract.java:158)
	at com.orientechnologies.orient.core.db.ODatabasePoolAbstract.acquire(ODatabasePoolAbstract.java:138)
	at com.orientechnologies.orient.core.db.ODatabasePoolBase.acquire(ODatabasePoolBase.java:128)
	at org.apache.gora.orientdb.store.OrientDBStore.createSchema(OrientDBStore.java:205)
	at org.apache.gora.orientdb.store.OrientDBStore_Test.createEmployeeDataStore(OrientDBStore_Test.java:129)
	at org.apache.gora.store.DataStoreTestBase.setUp(DataStoreTestBase.java:96)
	at sun.reflect.GeneratedMethodAccessor1.invoke(Unknown Source)
	at sun.reflect.DelegatingMethodAccessorImpl.invoke(DelegatingMethodAccessorImpl.java:43)
	at java.lang.reflect.Method.invoke(Method.java:601)
	at org.junit.runners.model.FrameworkMethod$1.runReflectiveCall(FrameworkMethod.java:45)
	at org.junit.internal.runners.model.ReflectiveCallable.run(ReflectiveCallable.java:15)
	at org.junit.runners.model.FrameworkMethod.invokeExplosively(FrameworkMethod.java:42)
	at org.junit.internal.runners.statements.RunBefores.evaluate(RunBefores.java:27)
	at org.junit.internal.runners.statements.RunAfters.evaluate(RunAfters.java:30)
	at org.junit.runners.ParentRunner.runLeaf(ParentRunner.java:263)
	at org.junit.runners.BlockJUnit4ClassRunner.runChild(BlockJUnit4ClassRunner.java:68)
	at org.junit.runners.BlockJUnit4ClassRunner.runChild(BlockJUnit4ClassRunner.java:47)
	at org.junit.runners.ParentRunner$3.run(ParentRunner.java:231)
	at org.junit.runners.ParentRunner$1.schedule(ParentRunner.java:60)
	at org.junit.runners.ParentRunner.runChildren(ParentRunner.java:229)
	at org.junit.runners.ParentRunner.access$000(ParentRunner.java:50)
	at org.junit.runners.ParentRunner$2.evaluate(ParentRunner.java:222)
	at org.junit.internal.runners.statements.RunBefores.evaluate(RunBefores.java:28)
	at org.junit.internal.runners.statements.RunAfters.evaluate(RunAfters.java:30)
	at org.junit.runners.ParentRunner.run(ParentRunner.java:300)
	at org.apache.maven.surefire.junit4.JUnit4Provider.execute(JUnit4Provider.java:236)
	at org.apache.maven.surefire.junit4.JUnit4Provider.executeTestSet(JUnit4Provider.java:134)
	at org.apache.maven.surefire.junit4.JUnit4Provider.invoke(JUnit4Provider.java:113)
	at sun.reflect.NativeMethodAccessorImpl.invoke0(Native Method)
	at sun.reflect.NativeMethodAccessorImpl.invoke(NativeMethodAccessorImpl.java:57)
	at sun.reflect.DelegatingMethodAccessorImpl.invoke(DelegatingMethodAccessorImpl.java:43)
	at java.lang.reflect.Method.invoke(Method.java:601)
	at org.apache.maven.surefire.util.ReflectionUtils.invokeMethodWithArray(ReflectionUtils.java:189)
	at org.apache.maven.surefire.booter.ProviderFactory$ProviderProxy.invoke(ProviderFactory.java:165)
	at org.apache.maven.surefire.booter.ProviderFactory.invokeProvider(ProviderFactory.java:85)
	at org.apache.maven.surefire.booter.ForkedBooter.runSuitesInProcess(ForkedBooter.java:103)
	at org.apache.maven.surefire.booter.ForkedBooter.main(ForkedBooter.java:74)
</error>
    <system-err>65326 [main] INFO org.apache.gora.store.DataStoreTestBase - setting up test
65326 [main] WARN org.apache.gora.orientdb.store.OrientDBStore - Unable to load the mapping from resource &apos;C:\Users\Nicolas\gora\gora-orientdb\src\test\resources\gora-orientdb-mapping.xml&apos; as it does not appear to exist! Trying local file.
65341 [main] INFO org.apache.gora.orientdb.store.OrientDBStore - Vertex name : Employee
66379 [main] ERROR org.apache.gora.orientdb.store.OrientDBStore - Generic error while initializingCannot create a connection to remote server address(es): [127.0.0.1:2424]
com.orientechnologies.orient.core.exception.OStorageException: Cannot create a connection to remote server address(es): [127.0.0.1:2424]
	at org.apache.gora.orientdb.store.OrientDBStore.initialize(OrientDBStore.java:187)
	at org.apache.gora.orientdb.store.OrientDBStore_Test.createEmployeeDataStore(OrientDBStore_Test.java:128)
	at org.apache.gora.store.DataStoreTestBase.setUp(DataStoreTestBase.java:96)
	at sun.reflect.GeneratedMethodAccessor1.invoke(Unknown Source)
	at sun.reflect.DelegatingMethodAccessorImpl.invoke(DelegatingMethodAccessorImpl.java:43)
	at java.lang.reflect.Method.invoke(Method.java:601)
	at org.junit.runners.model.FrameworkMethod$1.runReflectiveCall(FrameworkMethod.java:45)
	at org.junit.internal.runners.model.ReflectiveCallable.run(ReflectiveCallable.java:15)
	at org.junit.runners.model.FrameworkMethod.invokeExplosively(FrameworkMethod.java:42)
	at org.junit.internal.runners.statements.RunBefores.evaluate(RunBefores.java:27)
	at org.junit.internal.runners.statements.RunAfters.evaluate(RunAfters.java:30)
	at org.junit.runners.ParentRunner.runLeaf(ParentRunner.java:263)
	at org.junit.runners.BlockJUnit4ClassRunner.runChild(BlockJUnit4ClassRunner.java:68)
	at org.junit.runners.BlockJUnit4ClassRunner.runChild(BlockJUnit4ClassRunner.java:47)
	at org.junit.runners.ParentRunner$3.run(ParentRunner.java:231)
	at org.junit.runners.ParentRunner$1.schedule(ParentRunner.java:60)
	at org.junit.runners.ParentRunner.runChildren(ParentRunner.java:229)
	at org.junit.runners.ParentRunner.access$000(ParentRunner.java:50)
	at org.junit.runners.ParentRunner$2.evaluate(ParentRunner.java:222)
	at org.junit.internal.runners.statements.RunBefores.evaluate(RunBefores.java:28)
	at org.junit.internal.runners.statements.RunAfters.evaluate(RunAfters.java:30)
	at org.junit.runners.ParentRunner.run(ParentRunner.java:300)
	at org.apache.maven.surefire.junit4.JUnit4Provider.execute(JUnit4Provider.java:236)
	at org.apache.maven.surefire.junit4.JUnit4Provider.executeTestSet(JUnit4Provider.java:134)
	at org.apache.maven.surefire.junit4.JUnit4Provider.invoke(JUnit4Provider.java:113)
	at sun.reflect.NativeMethodAccessorImpl.invoke0(Native Method)
	at sun.reflect.NativeMethodAccessorImpl.invoke(NativeMethodAccessorImpl.java:57)
	at sun.reflect.DelegatingMethodAccessorImpl.invoke(DelegatingMethodAccessorImpl.java:43)
	at java.lang.reflect.Method.invoke(Method.java:601)
	at org.apache.maven.surefire.util.ReflectionUtils.invokeMethodWithArray(ReflectionUtils.java:189)
	at org.apache.maven.surefire.booter.ProviderFactory$ProviderProxy.invoke(ProviderFactory.java:165)
	at org.apache.maven.surefire.booter.ProviderFactory.invokeProvider(ProviderFactory.java:85)
	at org.apache.maven.surefire.booter.ForkedBooter.runSuitesInProcess(ForkedBooter.java:103)
	at org.apache.maven.surefire.booter.ForkedBooter.main(ForkedBooter.java:74)
67411 [main] INFO org.apache.gora.store.DataStoreTestBase - tearing down test
</system-err>
  </testcase>
  <testcase time="2.062" classname="org.apache.gora.orientdb.store.OrientDBStore_Test" name="testPut">
    <error message="Cannot create a connection to remote server address(es): [127.0.0.1:2424]" type="com.orientechnologies.orient.core.exception.OStorageException">com.orientechnologies.orient.core.exception.OStorageException: Cannot create a connection to remote server address(es): [127.0.0.1:2424]
	at com.orientechnologies.orient.client.remote.OStorageRemote.openRemoteDatabase(OStorageRemote.java:1675)
	at com.orientechnologies.orient.client.remote.OStorageRemote.open(OStorageRemote.java:212)
	at com.orientechnologies.orient.client.remote.OStorageRemoteThread.open(OStorageRemoteThread.java:87)
	at com.orientechnologies.orient.core.db.document.ODatabaseDocumentTx.open(ODatabaseDocumentTx.java:244)
	at com.orientechnologies.orient.core.db.document.ODatabaseDocumentTxPooled.&lt;init&gt;(ODatabaseDocumentTxPooled.java:49)
	at com.orientechnologies.orient.core.db.document.ODatabaseDocumentPool.createResource(ODatabaseDocumentPool.java:53)
	at com.orientechnologies.orient.core.db.document.ODatabaseDocumentPool.createResource(ODatabaseDocumentPool.java:28)
	at com.orientechnologies.orient.core.db.ODatabasePoolBase$1.createNewResource(ODatabasePoolBase.java:81)
	at com.orientechnologies.orient.core.db.ODatabasePoolBase$1.createNewResource(ODatabasePoolBase.java:70)
	at com.orientechnologies.common.concur.resource.OResourcePool.getResource(OResourcePool.java:91)
	at com.orientechnologies.common.concur.resource.OReentrantResourcePool.getResource(OReentrantResourcePool.java:67)
	at com.orientechnologies.orient.core.db.ODatabasePoolAbstract.acquire(ODatabasePoolAbstract.java:158)
	at com.orientechnologies.orient.core.db.ODatabasePoolAbstract.acquire(ODatabasePoolAbstract.java:138)
	at com.orientechnologies.orient.core.db.ODatabasePoolBase.acquire(ODatabasePoolBase.java:128)
	at org.apache.gora.orientdb.store.OrientDBStore.createSchema(OrientDBStore.java:205)
	at org.apache.gora.orientdb.store.OrientDBStore_Test.createEmployeeDataStore(OrientDBStore_Test.java:129)
	at org.apache.gora.store.DataStoreTestBase.setUp(DataStoreTestBase.java:96)
	at sun.reflect.GeneratedMethodAccessor1.invoke(Unknown Source)
	at sun.reflect.DelegatingMethodAccessorImpl.invoke(DelegatingMethodAccessorImpl.java:43)
	at java.lang.reflect.Method.invoke(Method.java:601)
	at org.junit.runners.model.FrameworkMethod$1.runReflectiveCall(FrameworkMethod.java:45)
	at org.junit.internal.runners.model.ReflectiveCallable.run(ReflectiveCallable.java:15)
	at org.junit.runners.model.FrameworkMethod.invokeExplosively(FrameworkMethod.java:42)
	at org.junit.internal.runners.statements.RunBefores.evaluate(RunBefores.java:27)
	at org.junit.internal.runners.statements.RunAfters.evaluate(RunAfters.java:30)
	at org.junit.runners.ParentRunner.runLeaf(ParentRunner.java:263)
	at org.junit.runners.BlockJUnit4ClassRunner.runChild(BlockJUnit4ClassRunner.java:68)
	at org.junit.runners.BlockJUnit4ClassRunner.runChild(BlockJUnit4ClassRunner.java:47)
	at org.junit.runners.ParentRunner$3.run(ParentRunner.java:231)
	at org.junit.runners.ParentRunner$1.schedule(ParentRunner.java:60)
	at org.junit.runners.ParentRunner.runChildren(ParentRunner.java:229)
	at org.junit.runners.ParentRunner.access$000(ParentRunner.java:50)
	at org.junit.runners.ParentRunner$2.evaluate(ParentRunner.java:222)
	at org.junit.internal.runners.statements.RunBefores.evaluate(RunBefores.java:28)
	at org.junit.internal.runners.statements.RunAfters.evaluate(RunAfters.java:30)
	at org.junit.runners.ParentRunner.run(ParentRunner.java:300)
	at org.apache.maven.surefire.junit4.JUnit4Provider.execute(JUnit4Provider.java:236)
	at org.apache.maven.surefire.junit4.JUnit4Provider.executeTestSet(JUnit4Provider.java:134)
	at org.apache.maven.surefire.junit4.JUnit4Provider.invoke(JUnit4Provider.java:113)
	at sun.reflect.NativeMethodAccessorImpl.invoke0(Native Method)
	at sun.reflect.NativeMethodAccessorImpl.invoke(NativeMethodAccessorImpl.java:57)
	at sun.reflect.DelegatingMethodAccessorImpl.invoke(DelegatingMethodAccessorImpl.java:43)
	at java.lang.reflect.Method.invoke(Method.java:601)
	at org.apache.maven.surefire.util.ReflectionUtils.invokeMethodWithArray(ReflectionUtils.java:189)
	at org.apache.maven.surefire.booter.ProviderFactory$ProviderProxy.invoke(ProviderFactory.java:165)
	at org.apache.maven.surefire.booter.ProviderFactory.invokeProvider(ProviderFactory.java:85)
	at org.apache.maven.surefire.booter.ForkedBooter.runSuitesInProcess(ForkedBooter.java:103)
	at org.apache.maven.surefire.booter.ForkedBooter.main(ForkedBooter.java:74)
</error>
    <system-err>67411 [main] INFO org.apache.gora.store.DataStoreTestBase - setting up test
67411 [main] WARN org.apache.gora.orientdb.store.OrientDBStore - Unable to load the mapping from resource &apos;C:\Users\Nicolas\gora\gora-orientdb\src\test\resources\gora-orientdb-mapping.xml&apos; as it does not appear to exist! Trying local file.
67426 [main] INFO org.apache.gora.orientdb.store.OrientDBStore - Vertex name : Employee
68458 [main] ERROR org.apache.gora.orientdb.store.OrientDBStore - Generic error while initializingCannot create a connection to remote server address(es): [127.0.0.1:2424]
com.orientechnologies.orient.core.exception.OStorageException: Cannot create a connection to remote server address(es): [127.0.0.1:2424]
	at org.apache.gora.orientdb.store.OrientDBStore.initialize(OrientDBStore.java:187)
	at org.apache.gora.orientdb.store.OrientDBStore_Test.createEmployeeDataStore(OrientDBStore_Test.java:128)
	at org.apache.gora.store.DataStoreTestBase.setUp(DataStoreTestBase.java:96)
	at sun.reflect.GeneratedMethodAccessor1.invoke(Unknown Source)
	at sun.reflect.DelegatingMethodAccessorImpl.invoke(DelegatingMethodAccessorImpl.java:43)
	at java.lang.reflect.Method.invoke(Method.java:601)
	at org.junit.runners.model.FrameworkMethod$1.runReflectiveCall(FrameworkMethod.java:45)
	at org.junit.internal.runners.model.ReflectiveCallable.run(ReflectiveCallable.java:15)
	at org.junit.runners.model.FrameworkMethod.invokeExplosively(FrameworkMethod.java:42)
	at org.junit.internal.runners.statements.RunBefores.evaluate(RunBefores.java:27)
	at org.junit.internal.runners.statements.RunAfters.evaluate(RunAfters.java:30)
	at org.junit.runners.ParentRunner.runLeaf(ParentRunner.java:263)
	at org.junit.runners.BlockJUnit4ClassRunner.runChild(BlockJUnit4ClassRunner.java:68)
	at org.junit.runners.BlockJUnit4ClassRunner.runChild(BlockJUnit4ClassRunner.java:47)
	at org.junit.runners.ParentRunner$3.run(ParentRunner.java:231)
	at org.junit.runners.ParentRunner$1.schedule(ParentRunner.java:60)
	at org.junit.runners.ParentRunner.runChildren(ParentRunner.java:229)
	at org.junit.runners.ParentRunner.access$000(ParentRunner.java:50)
	at org.junit.runners.ParentRunner$2.evaluate(ParentRunner.java:222)
	at org.junit.internal.runners.statements.RunBefores.evaluate(RunBefores.java:28)
	at org.junit.internal.runners.statements.RunAfters.evaluate(RunAfters.java:30)
	at org.junit.runners.ParentRunner.run(ParentRunner.java:300)
	at org.apache.maven.surefire.junit4.JUnit4Provider.execute(JUnit4Provider.java:236)
	at org.apache.maven.surefire.junit4.JUnit4Provider.executeTestSet(JUnit4Provider.java:134)
	at org.apache.maven.surefire.junit4.JUnit4Provider.invoke(JUnit4Provider.java:113)
	at sun.reflect.NativeMethodAccessorImpl.invoke0(Native Method)
	at sun.reflect.NativeMethodAccessorImpl.invoke(NativeMethodAccessorImpl.java:57)
	at sun.reflect.DelegatingMethodAccessorImpl.invoke(DelegatingMethodAccessorImpl.java:43)
	at java.lang.reflect.Method.invoke(Method.java:601)
	at org.apache.maven.surefire.util.ReflectionUtils.invokeMethodWithArray(ReflectionUtils.java:189)
	at org.apache.maven.surefire.booter.ProviderFactory$ProviderProxy.invoke(ProviderFactory.java:165)
	at org.apache.maven.surefire.booter.ProviderFactory.invokeProvider(ProviderFactory.java:85)
	at org.apache.maven.surefire.booter.ForkedBooter.runSuitesInProcess(ForkedBooter.java:103)
	at org.apache.maven.surefire.booter.ForkedBooter.main(ForkedBooter.java:74)
69473 [main] INFO org.apache.gora.store.DataStoreTestBase - tearing down test
</system-err>
  </testcase>
</testsuite>