<?xml version="1.0" encoding="UTF-8" ?>
<testsuite failures="0" time="39.217" errors="3" skipped="0" tests="34" name="org.apache.gora.orientdb.store.OrientDBStore_Test">
  <properties>
    <property name="java.runtime.name" value="Java(TM) SE Runtime Environment"/>
    <property name="sun.boot.library.path" value="C:\Program Files\Java\jdk1.7.0_17\jre\bin"/>
    <property name="java.vm.version" value="23.7-b01"/>
    <property name="java.vm.vendor" value="Oracle Corporation"/>
    <property name="java.vendor.url" value="http://java.oracle.com/"/>
    <property name="path.separator" value=";"/>
    <property name="guice.disable.misplaced.annotation.check" value="true"/>
    <property name="java.vm.name" value="Java HotSpot(TM) 64-Bit Server VM"/>
    <property name="file.encoding.pkg" value="sun.io"/>
    <property name="user.script" value=""/>
    <property name="user.country" value="FR"/>
    <property name="sun.java.launcher" value="SUN_STANDARD"/>
    <property name="sun.os.patch.level" value=""/>
    <property name="java.vm.specification.name" value="Java Virtual Machine Specification"/>
    <property name="user.dir" value="C:\Users\Nicolas\gora\gora-orientdb"/>
    <property name="java.runtime.version" value="1.7.0_17-b02"/>
    <property name="java.awt.graphicsenv" value="sun.awt.Win32GraphicsEnvironment"/>
    <property name="java.endorsed.dirs" value="C:\Program Files\Java\jdk1.7.0_17\jre\lib\endorsed"/>
    <property name="os.arch" value="amd64"/>
    <property name="java.io.tmpdir" value="C:\Users\Nicolas\AppData\Local\Temp\"/>
    <property name="line.separator" value="
"/>
    <property name="java.vm.specification.vendor" value="Oracle Corporation"/>
    <property name="user.variant" value=""/>
    <property name="os.name" value="Windows 8"/>
    <property name="maven.ext.class.path" value="C:\Program Files\NetBeans 7.4\java\maven-nblib\netbeans-eventspy.jar"/>
    <property name="classworlds.conf" value="C:\Program Files\NetBeans 7.4\java\maven\bin\m2.conf"/>
    <property name="sun.jnu.encoding" value="Cp1252"/>
    <property name="java.library.path" value="C:\Program Files\Java\jdk1.7.0_17\bin;C:\WINDOWS\Sun\Java\bin;C:\WINDOWS\system32;C:\WINDOWS;C:\Program Files (x86)\Common Files\Intel\Shared Libraries\redist\intel64\compiler;C:\Program Files (x86)\Common Files\Intel\Shared Libraries\redist\ia32\compiler;C:\Program Files (x86)\Intel\iCLS Client\;C:\Program Files\Intel\iCLS Client\;C:\WINDOWS\system32;C:\WINDOWS;C:\WINDOWS\System32\Wbem;C:\WINDOWS\System32\WindowsPowerShell\v1.0\;C:\Program Files\Intel\Intel(R) Management Engine Components\DAL;C:\Program Files\Intel\Intel(R) Management Engine Components\IPT;C:\Program Files (x86)\Intel\Intel(R) Management Engine Components\DAL;C:\Program Files (x86)\Intel\Intel(R) Management Engine Components\IPT;C:\Program Files (x86)\Windows Live\Shared;C:\Program Files\Microsoft\Web Platform Installer\;C:\Program Files (x86)\Microsoft ASP.NET\ASP.NET Web Pages\v1.0\;C:\Program Files\Microsoft SQL Server\110\Tools\Binn\;C:\Program Files (x86)\Smart Projects\IsoBuster;C:\Program Files\Intel\WiFi\bin\;C:\Program Files\Common Files\Intel\WirelessCommon\;C:\Program Files\Java\jdk1.7.0_17\bin;C:\Program Files (x86)\Microsoft SQL Server\100\Tools\Binn\;C:\Program Files\Microsoft SQL Server\100\Tools\Binn\;C:\Program Files\Microsoft SQL Server\100\DTS\Binn\;C:\Program Files (x86)\Windows Kits\8.1\Windows Performance Toolkit\;C:\Program Files (x86)\Microsoft SDKs\TypeScript\1.0\;C:\Program Files\MiKTeX 2.9\miktex\bin\x64\;C:\Program Files (x86)\Skype\Phone\;."/>
    <property name="java.specification.name" value="Java Platform API Specification"/>
    <property name="java.class.version" value="51.0"/>
    <property name="sun.management.compiler" value="HotSpot 64-Bit Tiered Compilers"/>
    <property name="os.version" value="6.2"/>
    <property name="user.home" value="C:\Users\Nicolas"/>
    <property name="user.timezone" value="Europe/Paris"/>
    <property name="java.awt.printerjob" value="sun.awt.windows.WPrinterJob"/>
    <property name="java.specification.version" value="1.7"/>
    <property name="file.encoding" value="Cp1252"/>
    <property name="user.name" value="Nicolas"/>
    <property name="java.class.path" value="C:\Program Files\NetBeans 7.4\java\maven\boot\plexus-classworlds-2.4.jar"/>
    <property name="java.vm.specification.version" value="1.7"/>
    <property name="sun.arch.data.model" value="64"/>
    <property name="java.home" value="C:\Program Files\Java\jdk1.7.0_17\jre"/>
    <property name="sun.java.command" value="org.codehaus.plexus.classworlds.launcher.Launcher -Dmaven.ext.class.path=C:\Program Files\NetBeans 7.4\java\maven-nblib\netbeans-eventspy.jar -Pmaven-3 test"/>
    <property name="java.specification.vendor" value="Oracle Corporation"/>
    <property name="user.language" value="fr"/>
    <property name="awt.toolkit" value="sun.awt.windows.WToolkit"/>
    <property name="java.vm.info" value="mixed mode"/>
    <property name="java.version" value="1.7.0_17"/>
    <property name="java.ext.dirs" value="C:\Program Files\Java\jdk1.7.0_17\jre\lib\ext;C:\WINDOWS\Sun\Java\lib\ext"/>
    <property name="sun.boot.class.path" value="C:\Program Files\Java\jdk1.7.0_17\jre\lib\resources.jar;C:\Program Files\Java\jdk1.7.0_17\jre\lib\rt.jar;C:\Program Files\Java\jdk1.7.0_17\jre\lib\sunrsasign.jar;C:\Program Files\Java\jdk1.7.0_17\jre\lib\jsse.jar;C:\Program Files\Java\jdk1.7.0_17\jre\lib\jce.jar;C:\Program Files\Java\jdk1.7.0_17\jre\lib\charsets.jar;C:\Program Files\Java\jdk1.7.0_17\jre\lib\jfr.jar;C:\Program Files\Java\jdk1.7.0_17\jre\classes"/>
    <property name="java.vendor" value="Oracle Corporation"/>
    <property name="maven.home" value="C:\Program Files\NetBeans 7.4\java\maven"/>
    <property name="file.separator" value="\"/>
    <property name="java.vendor.url.bug" value="http://bugreport.sun.com/bugreport/"/>
    <property name="sun.cpu.endian" value="little"/>
    <property name="sun.io.unicode.encoding" value="UnicodeLittle"/>
    <property name="sun.desktop" value="windows"/>
    <property name="sun.cpu.isalist" value="amd64"/>
  </properties>
  <testcase time="2.672" classname="org.apache.gora.orientdb.store.OrientDBStore_Test" name="testGraphInsert">
    <error message="Index 0 out of bounds." type="java.lang.IndexOutOfBoundsException">java.lang.IndexOutOfBoundsException: Index 0 out of bounds.
	at org.apache.avro.generic.GenericData$Array.get(GenericData.java:173)
	at org.apache.gora.orientdb.store.OrientDBStore_Test.testGraphInsert(OrientDBStore_Test.java:358)
	at sun.reflect.NativeMethodAccessorImpl.invoke0(Native Method)
	at sun.reflect.NativeMethodAccessorImpl.invoke(NativeMethodAccessorImpl.java:57)
	at sun.reflect.DelegatingMethodAccessorImpl.invoke(DelegatingMethodAccessorImpl.java:43)
	at java.lang.reflect.Method.invoke(Method.java:601)
	at org.junit.runners.model.FrameworkMethod$1.runReflectiveCall(FrameworkMethod.java:45)
	at org.junit.internal.runners.model.ReflectiveCallable.run(ReflectiveCallable.java:15)
	at org.junit.runners.model.FrameworkMethod.invokeExplosively(FrameworkMethod.java:42)
	at org.junit.internal.runners.statements.InvokeMethod.evaluate(InvokeMethod.java:20)
	at org.junit.internal.runners.statements.RunBefores.evaluate(RunBefores.java:28)
	at org.junit.internal.runners.statements.RunAfters.evaluate(RunAfters.java:30)
	at org.junit.runners.ParentRunner.runLeaf(ParentRunner.java:263)
	at org.junit.runners.BlockJUnit4ClassRunner.runChild(BlockJUnit4ClassRunner.java:68)
	at org.junit.runners.BlockJUnit4ClassRunner.runChild(BlockJUnit4ClassRunner.java:47)
	at org.junit.runners.ParentRunner$3.run(ParentRunner.java:231)
	at org.junit.runners.ParentRunner$1.schedule(ParentRunner.java:60)
	at org.junit.runners.ParentRunner.runChildren(ParentRunner.java:229)
	at org.junit.runners.ParentRunner.access$000(ParentRunner.java:50)
	at org.junit.runners.ParentRunner$2.evaluate(ParentRunner.java:222)
	at org.junit.internal.runners.statements.RunBefores.evaluate(RunBefores.java:28)
	at org.junit.internal.runners.statements.RunAfters.evaluate(RunAfters.java:30)
	at org.junit.runners.ParentRunner.run(ParentRunner.java:300)
	at org.apache.maven.surefire.junit4.JUnit4Provider.execute(JUnit4Provider.java:236)
	at org.apache.maven.surefire.junit4.JUnit4Provider.executeTestSet(JUnit4Provider.java:134)
	at org.apache.maven.surefire.junit4.JUnit4Provider.invoke(JUnit4Provider.java:113)
	at sun.reflect.NativeMethodAccessorImpl.invoke0(Native Method)
	at sun.reflect.NativeMethodAccessorImpl.invoke(NativeMethodAccessorImpl.java:57)
	at sun.reflect.DelegatingMethodAccessorImpl.invoke(DelegatingMethodAccessorImpl.java:43)
	at java.lang.reflect.Method.invoke(Method.java:601)
	at org.apache.maven.surefire.util.ReflectionUtils.invokeMethodWithArray(ReflectionUtils.java:189)
	at org.apache.maven.surefire.booter.ProviderFactory$ProviderProxy.invoke(ProviderFactory.java:165)
	at org.apache.maven.surefire.booter.ProviderFactory.invokeProvider(ProviderFactory.java:85)
	at org.apache.maven.surefire.booter.ForkedBooter.runSuitesInProcess(ForkedBooter.java:103)
	at org.apache.maven.surefire.booter.ForkedBooter.main(ForkedBooter.java:74)
</error>
    <system-err>16 [main] INFO org.apache.gora.store.DataStoreTestBase - setting up test
406 [main] WARN org.apache.gora.orientdb.store.OrientDBStore - Unable to load the mapping from resource &apos;C:\Users\Nicolas\gora\gora-orientdb\src\test\resources\gora-orientdb-mapping.xml&apos; as it does not appear to exist! Trying local file.
625 [main] INFO org.apache.gora.orientdb.store.OrientDBStore - Vertex name : Employee
juil. 22, 2015 7:28:55 PM com.orientechnologies.common.log.OLogManager log
INFO: OrientDB auto-config DISKCACHE=5 568MB (heap=455MB os=8 071MB disk=19 065MB)
1141 [main] INFO org.apache.gora.orientdb.store.OrientDBStore - Initialized Orient Store for host remote and url [localhost:2424/testDB, localhost:2425/testDB]
1141 [main] WARN org.apache.gora.orientdb.store.OrientDBStore - Class Employee and internEmployee has been created
1141 [main] WARN org.apache.gora.orientdb.store.OrientDBStore - Unable to load the mapping from resource &apos;C:\Users\Nicolas\gora\gora-orientdb\src\test\resources\gora-orientdb-mapping.xml&apos; as it does not appear to exist! Trying local file.
1156 [main] INFO org.apache.gora.orientdb.store.OrientDBStore - Vertex name : WebPage
1172 [main] INFO org.apache.gora.orientdb.store.OrientDBStore - Initialized Orient Store for host remote and url [localhost:2424/testDB, localhost:2425/testDB]
1172 [main] WARN org.apache.gora.orientdb.store.OrientDBStore - Class WebPage and internWebPage has been created
1844 [main] WARN org.apache.gora.orientdb.store.OrientDBStore - Class Employee and internEmployee has been created
2391 [main] WARN org.apache.gora.orientdb.store.OrientDBStore - Class WebPage and internWebPage has been created
2406 [main] WARN org.apache.gora.orientdb.store.OrientDBStore - Unable to load the mapping from resource &apos;C:\Users\Nicolas\gora\gora-orientdb\src\test\resources\gora-orientdb-mapping.xml&apos; as it does not appear to exist! Trying local file.
2422 [main] INFO org.apache.gora.orientdb.store.OrientDBStore - Vertex name : test
2438 [main] INFO org.apache.gora.orientdb.store.OrientDBStore - Initialized Orient Store for host remote and url [localhost:2424/searchDB]
2438 [main] WARN org.apache.gora.orientdb.store.OrientDBStore - Class test and interntest has been created
2531 [main] WARN org.apache.gora.orientdb.store.OrientDBStore - No corresponding VertexField for :__g__dirty
2547 [main] WARN org.apache.gora.orientdb.store.OrientDBStore - No corresponding VertexField for :__g__dirty
2594 [main] WARN org.apache.gora.orientdb.store.OrientDBStore - No corresponding VertexField for :__g__dirty
2594 [main] WARN org.apache.gora.orientdb.store.OrientDBStore - No corresponding VertexField for :__g__dirty
2594 [main] INFO org.apache.gora.orientdb.store.OrientDBStore - key of this vertex1
2594 [main] INFO org.apache.gora.orientdb.store.OrientDBStore - key of in vertex#21:0
2625 [main] INFO org.apache.gora.orientdb.store.OrientDBStore - Edge don&apos;t exist in graph
2641 [main] WARN org.apache.gora.orientdb.store.OrientDBStore - No corresponding VertexField for :__g__dirty
2641 [main] INFO org.apache.gora.orientdb.store.OrientDBStore - key of this vertex1
2641 [main] INFO org.apache.gora.orientdb.store.OrientDBStore - key of in vertex#21:0
2672 [main] INFO org.apache.gora.orientdb.store.OrientDBStore - Class name of edge:org.apache.gora.orientdb.storage.test.Edge
2672 [main] INFO org.apache.gora.orientdb.store.OrientDBStore - Inside OutEdge of vertex:#21:0
2672 [main] INFO org.apache.gora.orientdb.store.OrientDBStore - Class name of edge:org.apache.gora.orientdb.storage.test.Edge
2672 [main] INFO org.apache.gora.orientdb.store.OrientDBStore - Inside OutEdge of vertex:#21:0
2672 [main] INFO org.apache.gora.orientdb.store.OrientDBStore - T1Read : 1
2672 [main] INFO org.apache.gora.store.DataStoreTestBase - tearing down test
</system-err>
  </testcase>
  <testcase time="1.203" classname="org.apache.gora.orientdb.store.OrientDBStore_Test" name="testComplexGraphInsert">
    <error message="org.apache.avro.AvroRuntimeException: Field Name type:UNION pos:1 not set and has no default value" type="org.apache.avro.AvroRuntimeException">org.apache.avro.AvroRuntimeException: org.apache.avro.AvroRuntimeException: Field Name type:UNION pos:1 not set and has no default value
	at com.phinence.spark.storage.Exchange$Builder.build(Exchange.java:342)
	at org.apache.gora.orientdb.store.OrientDBStore_Test.createExchange(OrientDBStore_Test.java:420)
	at org.apache.gora.orientdb.store.OrientDBStore_Test.testComplexGraphInsert(OrientDBStore_Test.java:371)
	at sun.reflect.NativeMethodAccessorImpl.invoke0(Native Method)
	at sun.reflect.NativeMethodAccessorImpl.invoke(NativeMethodAccessorImpl.java:57)
	at sun.reflect.DelegatingMethodAccessorImpl.invoke(DelegatingMethodAccessorImpl.java:43)
	at java.lang.reflect.Method.invoke(Method.java:601)
	at org.junit.runners.model.FrameworkMethod$1.runReflectiveCall(FrameworkMethod.java:45)
	at org.junit.internal.runners.model.ReflectiveCallable.run(ReflectiveCallable.java:15)
	at org.junit.runners.model.FrameworkMethod.invokeExplosively(FrameworkMethod.java:42)
	at org.junit.internal.runners.statements.InvokeMethod.evaluate(InvokeMethod.java:20)
	at org.junit.internal.runners.statements.RunBefores.evaluate(RunBefores.java:28)
	at org.junit.internal.runners.statements.RunAfters.evaluate(RunAfters.java:30)
	at org.junit.runners.ParentRunner.runLeaf(ParentRunner.java:263)
	at org.junit.runners.BlockJUnit4ClassRunner.runChild(BlockJUnit4ClassRunner.java:68)
	at org.junit.runners.BlockJUnit4ClassRunner.runChild(BlockJUnit4ClassRunner.java:47)
	at org.junit.runners.ParentRunner$3.run(ParentRunner.java:231)
	at org.junit.runners.ParentRunner$1.schedule(ParentRunner.java:60)
	at org.junit.runners.ParentRunner.runChildren(ParentRunner.java:229)
	at org.junit.runners.ParentRunner.access$000(ParentRunner.java:50)
	at org.junit.runners.ParentRunner$2.evaluate(ParentRunner.java:222)
	at org.junit.internal.runners.statements.RunBefores.evaluate(RunBefores.java:28)
	at org.junit.internal.runners.statements.RunAfters.evaluate(RunAfters.java:30)
	at org.junit.runners.ParentRunner.run(ParentRunner.java:300)
	at org.apache.maven.surefire.junit4.JUnit4Provider.execute(JUnit4Provider.java:236)
	at org.apache.maven.surefire.junit4.JUnit4Provider.executeTestSet(JUnit4Provider.java:134)
	at org.apache.maven.surefire.junit4.JUnit4Provider.invoke(JUnit4Provider.java:113)
	at sun.reflect.NativeMethodAccessorImpl.invoke0(Native Method)
	at sun.reflect.NativeMethodAccessorImpl.invoke(NativeMethodAccessorImpl.java:57)
	at sun.reflect.DelegatingMethodAccessorImpl.invoke(DelegatingMethodAccessorImpl.java:43)
	at java.lang.reflect.Method.invoke(Method.java:601)
	at org.apache.maven.surefire.util.ReflectionUtils.invokeMethodWithArray(ReflectionUtils.java:189)
	at org.apache.maven.surefire.booter.ProviderFactory$ProviderProxy.invoke(ProviderFactory.java:165)
	at org.apache.maven.surefire.booter.ProviderFactory.invokeProvider(ProviderFactory.java:85)
	at org.apache.maven.surefire.booter.ForkedBooter.runSuitesInProcess(ForkedBooter.java:103)
	at org.apache.maven.surefire.booter.ForkedBooter.main(ForkedBooter.java:74)
Caused by: org.apache.avro.AvroRuntimeException: Field Name type:UNION pos:1 not set and has no default value
	at org.apache.avro.generic.GenericData.getDefaultValue(GenericData.java:829)
	at org.apache.avro.data.RecordBuilderBase.defaultValue(RecordBuilderBase.java:135)
	at com.phinence.spark.storage.Exchange$Builder.build(Exchange.java:337)
	... 35 more
</error>
    <system-err>2688 [main] INFO org.apache.gora.store.DataStoreTestBase - setting up test
2688 [main] WARN org.apache.gora.orientdb.store.OrientDBStore - Unable to load the mapping from resource &apos;C:\Users\Nicolas\gora\gora-orientdb\src\test\resources\gora-orientdb-mapping.xml&apos; as it does not appear to exist! Trying local file.
2719 [main] INFO org.apache.gora.orientdb.store.OrientDBStore - Vertex name : Employee
2719 [main] INFO org.apache.gora.orientdb.store.OrientDBStore - Initialized Orient Store for host remote and url [localhost:2424/testDB, localhost:2425/testDB]
2719 [main] WARN org.apache.gora.orientdb.store.OrientDBStore - Class Employee and internEmployee has been created
2719 [main] WARN org.apache.gora.orientdb.store.OrientDBStore - Unable to load the mapping from resource &apos;C:\Users\Nicolas\gora\gora-orientdb\src\test\resources\gora-orientdb-mapping.xml&apos; as it does not appear to exist! Trying local file.
2750 [main] INFO org.apache.gora.orientdb.store.OrientDBStore - Vertex name : WebPage
2750 [main] INFO org.apache.gora.orientdb.store.OrientDBStore - Initialized Orient Store for host remote and url [localhost:2424/testDB, localhost:2425/testDB]
2766 [main] WARN org.apache.gora.orientdb.store.OrientDBStore - Class WebPage and internWebPage has been created
3266 [main] WARN org.apache.gora.orientdb.store.OrientDBStore - Class Employee and internEmployee has been created
3781 [main] WARN org.apache.gora.orientdb.store.OrientDBStore - Class WebPage and internWebPage has been created
3797 [main] WARN org.apache.gora.orientdb.store.OrientDBStore - Unable to load the mapping from resource &apos;C:\Users\Nicolas\gora\gora-orientdb\src\test\resources\gora-orientdb-mapping.xml&apos; as it does not appear to exist! Trying local file.
3813 [main] INFO org.apache.gora.orientdb.store.OrientDBStore - Vertex name : Exchange
3828 [main] INFO org.apache.gora.orientdb.store.OrientDBStore - Initialized Orient Store for host remote and url [localhost:2424/searchDB]
3828 [main] WARN org.apache.gora.orientdb.store.OrientDBStore - Class Exchange and internExchange has been created
3844 [main] WARN org.apache.gora.orientdb.store.OrientDBStore - Unable to load the mapping from resource &apos;C:\Users\Nicolas\gora\gora-orientdb\src\test\resources\gora-orientdb-mapping.xml&apos; as it does not appear to exist! Trying local file.
3860 [main] INFO org.apache.gora.orientdb.store.OrientDBStore - Vertex name : Company
3875 [main] INFO org.apache.gora.orientdb.store.OrientDBStore - Initialized Orient Store for host remote and url [localhost:2424/searchDB]
3875 [main] WARN org.apache.gora.orientdb.store.OrientDBStore - Class Company and internCompany has been created
3891 [main] INFO org.apache.gora.store.DataStoreTestBase - tearing down test
</system-err>
  </testcase>
  <testcase time="1.109" classname="org.apache.gora.orientdb.store.OrientDBStore_Test" name="testQueryWebPageQueryEmptyResults"/>
  <testcase time="1.125" classname="org.apache.gora.orientdb.store.OrientDBStore_Test" name="testQueryWebPageSingleKeyDefaultFields"/>
  <testcase time="1.094" classname="org.apache.gora.orientdb.store.OrientDBStore_Test" name="testQuery"/>
  <testcase time="1.078" classname="org.apache.gora.orientdb.store.OrientDBStore_Test" name="testDelete"/>
  <testcase time="1.079" classname="org.apache.gora.orientdb.store.OrientDBStore_Test" name="testUpdate"/>
  <testcase time="0.968" classname="org.apache.gora.orientdb.store.OrientDBStore_Test" name="testGet"/>
  <testcase time="1.11" classname="org.apache.gora.orientdb.store.OrientDBStore_Test" name="testPutBytes"/>
  <testcase time="1.031" classname="org.apache.gora.orientdb.store.OrientDBStore_Test" name="testPutArray"/>
  <testcase time="1.113" classname="org.apache.gora.orientdb.store.OrientDBStore_Test" name="testPutMap"/>
  <testcase time="1.031" classname="org.apache.gora.orientdb.store.OrientDBStore_Test" name="testPut"/>
  <testcase time="2.438" classname="org.apache.gora.orientdb.store.OrientDBStore_Test" name="testGetWithFields">
    <error message="Cannot create a connection to remote server address(es): [127.0.0.1:2425]" type="com.orientechnologies.orient.core.exception.OStorageException">com.orientechnologies.orient.core.exception.OStorageException: Cannot create a connection to remote server address(es): [127.0.0.1:2425]
	at com.orientechnologies.orient.client.remote.OStorageRemote.openRemoteDatabase(OStorageRemote.java:1675)
	at com.orientechnologies.orient.client.remote.OStorageRemote.open(OStorageRemote.java:212)
	at com.orientechnologies.orient.client.remote.OStorageRemoteThread.open(OStorageRemoteThread.java:87)
	at com.orientechnologies.orient.core.db.document.ODatabaseDocumentTx.open(ODatabaseDocumentTx.java:244)
	at com.orientechnologies.orient.core.db.document.ODatabaseDocumentTxPooled.&lt;init&gt;(ODatabaseDocumentTxPooled.java:49)
	at com.orientechnologies.orient.core.db.document.ODatabaseDocumentPool.createResource(ODatabaseDocumentPool.java:53)
	at com.orientechnologies.orient.core.db.document.ODatabaseDocumentPool.createResource(ODatabaseDocumentPool.java:28)
	at com.orientechnologies.orient.core.db.ODatabasePoolBase$1.createNewResource(ODatabasePoolBase.java:81)
	at com.orientechnologies.orient.core.db.ODatabasePoolBase$1.createNewResource(ODatabasePoolBase.java:70)
	at com.orientechnologies.common.concur.resource.OResourcePool.getResource(OResourcePool.java:91)
	at com.orientechnologies.common.concur.resource.OReentrantResourcePool.getResource(OReentrantResourcePool.java:67)
	at com.orientechnologies.orient.core.db.ODatabasePoolAbstract.acquire(ODatabasePoolAbstract.java:158)
	at com.orientechnologies.orient.core.db.ODatabasePoolAbstract.acquire(ODatabasePoolAbstract.java:138)
	at com.orientechnologies.orient.core.db.ODatabasePoolBase.acquire(ODatabasePoolBase.java:128)
	at org.apache.gora.orientdb.store.OrientDBStore.getCurrentClusterDatabase(OrientDBStore.java:601)
	at org.apache.gora.orientdb.store.OrientDBStore.put(OrientDBStore.java:314)
	at org.apache.gora.orientdb.store.OrientDBStore.put(OrientDBStore.java:69)
	at org.apache.gora.store.DataStoreTestUtil.testGetEmployeeWithFields(DataStoreTestUtil.java:258)
	at org.apache.gora.store.DataStoreTestBase.testGetWithFields(DataStoreTestBase.java:282)
	at sun.reflect.NativeMethodAccessorImpl.invoke0(Native Method)
	at sun.reflect.NativeMethodAccessorImpl.invoke(NativeMethodAccessorImpl.java:57)
	at sun.reflect.DelegatingMethodAccessorImpl.invoke(DelegatingMethodAccessorImpl.java:43)
	at java.lang.reflect.Method.invoke(Method.java:601)
	at org.junit.runners.model.FrameworkMethod$1.runReflectiveCall(FrameworkMethod.java:45)
	at org.junit.internal.runners.model.ReflectiveCallable.run(ReflectiveCallable.java:15)
	at org.junit.runners.model.FrameworkMethod.invokeExplosively(FrameworkMethod.java:42)
	at org.junit.internal.runners.statements.InvokeMethod.evaluate(InvokeMethod.java:20)
	at org.junit.internal.runners.statements.RunBefores.evaluate(RunBefores.java:28)
	at org.junit.internal.runners.statements.RunAfters.evaluate(RunAfters.java:30)
	at org.junit.runners.ParentRunner.runLeaf(ParentRunner.java:263)
	at org.junit.runners.BlockJUnit4ClassRunner.runChild(BlockJUnit4ClassRunner.java:68)
	at org.junit.runners.BlockJUnit4ClassRunner.runChild(BlockJUnit4ClassRunner.java:47)
	at org.junit.runners.ParentRunner$3.run(ParentRunner.java:231)
	at org.junit.runners.ParentRunner$1.schedule(ParentRunner.java:60)
	at org.junit.runners.ParentRunner.runChildren(ParentRunner.java:229)
	at org.junit.runners.ParentRunner.access$000(ParentRunner.java:50)
	at org.junit.runners.ParentRunner$2.evaluate(ParentRunner.java:222)
	at org.junit.internal.runners.statements.RunBefores.evaluate(RunBefores.java:28)
	at org.junit.internal.runners.statements.RunAfters.evaluate(RunAfters.java:30)
	at org.junit.runners.ParentRunner.run(ParentRunner.java:300)
	at org.apache.maven.surefire.junit4.JUnit4Provider.execute(JUnit4Provider.java:236)
	at org.apache.maven.surefire.junit4.JUnit4Provider.executeTestSet(JUnit4Provider.java:134)
	at org.apache.maven.surefire.junit4.JUnit4Provider.invoke(JUnit4Provider.java:113)
	at sun.reflect.NativeMethodAccessorImpl.invoke0(Native Method)
	at sun.reflect.NativeMethodAccessorImpl.invoke(NativeMethodAccessorImpl.java:57)
	at sun.reflect.DelegatingMethodAccessorImpl.invoke(DelegatingMethodAccessorImpl.java:43)
	at java.lang.reflect.Method.invoke(Method.java:601)
	at org.apache.maven.surefire.util.ReflectionUtils.invokeMethodWithArray(ReflectionUtils.java:189)
	at org.apache.maven.surefire.booter.ProviderFactory$ProviderProxy.invoke(ProviderFactory.java:165)
	at org.apache.maven.surefire.booter.ProviderFactory.invokeProvider(ProviderFactory.java:85)
	at org.apache.maven.surefire.booter.ForkedBooter.runSuitesInProcess(ForkedBooter.java:103)
	at org.apache.maven.surefire.booter.ForkedBooter.main(ForkedBooter.java:74)
</error>
    <system-err>14629 [main] INFO org.apache.gora.store.DataStoreTestBase - setting up test
14629 [main] WARN org.apache.gora.orientdb.store.OrientDBStore - Unable to load the mapping from resource &apos;C:\Users\Nicolas\gora\gora-orientdb\src\test\resources\gora-orientdb-mapping.xml&apos; as it does not appear to exist! Trying local file.
14629 [main] INFO org.apache.gora.orientdb.store.OrientDBStore - Vertex name : Employee
14645 [main] INFO org.apache.gora.orientdb.store.OrientDBStore - Initialized Orient Store for host remote and url [localhost:2424/testDB, localhost:2425/testDB]
14645 [main] WARN org.apache.gora.orientdb.store.OrientDBStore - Class Employee and internEmployee has been created
14645 [main] WARN org.apache.gora.orientdb.store.OrientDBStore - Unable to load the mapping from resource &apos;C:\Users\Nicolas\gora\gora-orientdb\src\test\resources\gora-orientdb-mapping.xml&apos; as it does not appear to exist! Trying local file.
14645 [main] INFO org.apache.gora.orientdb.store.OrientDBStore - Vertex name : WebPage
14660 [main] INFO org.apache.gora.orientdb.store.OrientDBStore - Initialized Orient Store for host remote and url [localhost:2424/testDB, localhost:2425/testDB]
14660 [main] WARN org.apache.gora.orientdb.store.OrientDBStore - Class WebPage and internWebPage has been created
15176 [main] WARN org.apache.gora.orientdb.store.OrientDBStore - Class Employee and internEmployee has been created
16035 [main] WARN org.apache.gora.orientdb.store.OrientDBStore - Class WebPage and internWebPage has been created
16035 [main] INFO org.apache.gora.store.DataStoreTestBase - test method: testGetWithFields
17067 [main] INFO org.apache.gora.store.DataStoreTestBase - tearing down test
</system-err>
  </testcase>
  <testcase time="1.046" classname="org.apache.gora.orientdb.store.OrientDBStore_Test" name="testPutNested"/>
  <testcase time="1.063" classname="org.apache.gora.orientdb.store.OrientDBStore_Test" name="testGetWebPage"/>
  <testcase time="1.203" classname="org.apache.gora.orientdb.store.OrientDBStore_Test" name="testQueryKeyRange"/>
  <testcase time="1.235" classname="org.apache.gora.orientdb.store.OrientDBStore_Test" name="testGetDoubleRecursive"/>
  <testcase time="1.125" classname="org.apache.gora.orientdb.store.OrientDBStore_Test" name="testQueryEndKey"/>
  <testcase time="1" classname="org.apache.gora.orientdb.store.OrientDBStore_Test" name="testGet3UnionField"/>
  <testcase time="1.109" classname="org.apache.gora.orientdb.store.OrientDBStore_Test" name="testAutoCreateSchema"/>
  <testcase time="1.063" classname="org.apache.gora.orientdb.store.OrientDBStore_Test" name="testGetNonExisting"/>
  <testcase time="1.015" classname="org.apache.gora.orientdb.store.OrientDBStore_Test" name="testQueryStartKey"/>
  <testcase time="1.063" classname="org.apache.gora.orientdb.store.OrientDBStore_Test" name="testDeleteSchema"/>
  <testcase time="0.937" classname="org.apache.gora.orientdb.store.OrientDBStore_Test" name="testGetPartitions"/>
  <testcase time="0.969" classname="org.apache.gora.orientdb.store.OrientDBStore_Test" name="testNewInstance"/>
  <testcase time="1.047" classname="org.apache.gora.orientdb.store.OrientDBStore_Test" name="testQueryWebPageSingleKey"/>
  <testcase time="1.078" classname="org.apache.gora.orientdb.store.OrientDBStore_Test" name="testDeleteByQuery"/>
  <testcase time="1.072" classname="org.apache.gora.orientdb.store.OrientDBStore_Test" name="testTruncateSchema"/>
  <testcase time="1.078" classname="org.apache.gora.orientdb.store.OrientDBStore_Test" name="testSchemaExists"/>
  <testcase time="0.985" classname="org.apache.gora.orientdb.store.OrientDBStore_Test" name="testGetNested"/>
  <testcase time="1.062" classname="org.apache.gora.orientdb.store.OrientDBStore_Test" name="testGetWebPageDefaultFields"/>
  <testcase time="1.001" classname="org.apache.gora.orientdb.store.OrientDBStore_Test" name="testGetRecursive"/>
  <testcase time="1" classname="org.apache.gora.orientdb.store.OrientDBStore_Test" name="testDeleteByQueryFields"/>
  <testcase time="1.015" classname="org.apache.gora.orientdb.store.OrientDBStore_Test" name="testCreateSchema"/>
</testsuite>